[0.008s] Invoking command in '/home/angus/path/to/colcon_ws/build/realsense2_camera': AMENT_PREFIX_PATH=/home/angus/path/to/colcon_ws/install/realsense2_camera_msgs:${AMENT_PREFIX_PATH} CMAKE_PREFIX_PATH=/home/angus/path/to/colcon_ws/install/realsense2_camera_msgs:/home/angus/ros2_ws/install/sjtu_drone_description:/home/angus/ros2_ws/install/husky_gazebo:/home/angus/ros2_ws/install/husky_control:/home/angus/ros2_ws/install/husky_description:/home/angus/ros2_ws/install/gazebo_tf:/home/angus/ros2_ws/install/audibot:/home/angus/ros2_ws/install/audibot_gazebo:/home/angus/ros2_ws/install/audibot_description:/home/angus/ros2_ws/install/a3_support:/home/angus/ros2_ws/install/a3_skeleton:/home/angus/ros2_ws/install/sjtu_drone_control:/home/angus/ros2_ws/install/sjtu_drone_bringup:/opt/ros/humble LD_LIBRARY_PATH=/home/angus/path/to/colcon_ws/install/realsense2_camera_msgs/lib:${LD_LIBRARY_PATH} PYTHONPATH=/home/angus/path/to/colcon_ws/install/realsense2_camera_msgs/local/lib/python3.10/dist-packages:${PYTHONPATH} /usr/bin/cmake /home/angus/path/to/colcon_ws/src/realsense-ros/realsense2_camera -DCMAKE_INSTALL_PREFIX=/home/angus/path/to/colcon_ws/install/realsense2_camera
[0.053s] -- The C compiler identification is GNU 11.4.0
[0.095s] -- The CXX compiler identification is GNU 11.4.0
[0.100s] -- Detecting C compiler ABI info
[0.158s] -- Detecting C compiler ABI info - done
[0.163s] -- Check for working C compiler: /usr/bin/cc - skipped
[0.164s] -- Detecting C compile features
[0.164s] -- Detecting C compile features - done
[0.166s] -- Detecting CXX compiler ABI info
[0.232s] -- Detecting CXX compiler ABI info - done
[0.236s] -- Check for working CXX compiler: /usr/bin/c++ - skipped
[0.237s] -- Detecting CXX compile features
[0.237s] -- Detecting CXX compile features - done
[0.238s] -- Create Release Build.
[0.240s] -- Found ament_cmake: 1.3.8 (/opt/ros/humble/share/ament_cmake/cmake)
[0.520s] -- Found Python3: /usr/bin/python3 (found version "3.10.12") found components: Interpreter 
[0.601s] -- Found builtin_interfaces: 1.2.1 (/opt/ros/humble/share/builtin_interfaces/cmake)
[0.635s] -- Found rosidl_generator_c: 3.1.5 (/opt/ros/humble/share/rosidl_generator_c/cmake)
[0.641s] -- Found rosidl_adapter: 3.1.5 (/opt/ros/humble/share/rosidl_adapter/cmake)
[0.650s] -- Found rosidl_generator_cpp: 3.1.5 (/opt/ros/humble/share/rosidl_generator_cpp/cmake)
[0.662s] -- Using all available rosidl_typesupport_c: rosidl_typesupport_fastrtps_c;rosidl_typesupport_introspection_c
[0.680s] -- Using all available rosidl_typesupport_cpp: rosidl_typesupport_fastrtps_cpp;rosidl_typesupport_introspection_cpp
[0.696s] -- Found cv_bridge: 3.2.1 (/opt/ros/humble/share/cv_bridge/cmake)
[0.850s] -- Found image_transport: 3.1.9 (/opt/ros/humble/share/image_transport/cmake)
[0.921s] -- Found rmw_implementation_cmake: 6.1.1 (/opt/ros/humble/share/rmw_implementation_cmake/cmake)
[0.926s] -- Found rmw_fastrtps_cpp: 6.2.6 (/opt/ros/humble/share/rmw_fastrtps_cpp/cmake)
[1.026s] -- Found OpenSSL: /usr/lib/x86_64-linux-gnu/libcrypto.so (found version "3.0.2")  
[1.051s] -- Found FastRTPS: /opt/ros/humble/include  
[1.092s] -- Using RMW implementation 'rmw_fastrtps_cpp' as default
[1.104s] -- Looking for pthread.h
[1.164s] -- Looking for pthread.h - found
[1.165s] -- Performing Test CMAKE_HAVE_LIBC_PTHREAD
[1.226s] -- Performing Test CMAKE_HAVE_LIBC_PTHREAD - Success
[1.227s] -- Found Threads: TRUE  
[1.376s] -- Found rclcpp_components: 16.0.8 (/opt/ros/humble/share/rclcpp_components/cmake)
[1.420s] -- Found realsense2_camera_msgs: 4.55.1 (/home/angus/path/to/colcon_ws/install/realsense2_camera_msgs/share/realsense2_camera_msgs/cmake)
[1.488s] -- Found nav_msgs: 4.2.3 (/opt/ros/humble/share/nav_msgs/cmake)
[1.549s] -- Found tf2_ros: 0.25.6 (/opt/ros/humble/share/tf2_ros/cmake)
[1.750s] -- Found diagnostic_updater: 3.1.2 (/opt/ros/humble/share/diagnostic_updater/cmake)
[1.802s] -- Found OpenCV: /usr (found version "4.5.4") found components: core 
[1.805s] -- Build for ROS2 Humble
[1.811s] -- Found ament_cmake_gtest: 1.3.8 (/opt/ros/humble/share/ament_cmake_gtest/cmake)
[1.814s] -- Found gtest sources under '/opt/ros/humble/src/gtest_vendor': C++ tests using 'Google Test' will be built
[1.820s] -- Found ament_cmake_pytest: 1.3.8 (/opt/ros/humble/share/ament_cmake_pytest/cmake)
[4.122s] -- rs_device_info:
[4.122s] -- No device detected. Is it plugged in?
[4.122s] 
[4.187s] -- Configuring done
[4.224s] -- Generating done
[4.226s] -- Build files have been written to: /home/angus/path/to/colcon_ws/build/realsense2_camera
[4.245s] Invoked command in '/home/angus/path/to/colcon_ws/build/realsense2_camera' returned '0': AMENT_PREFIX_PATH=/home/angus/path/to/colcon_ws/install/realsense2_camera_msgs:${AMENT_PREFIX_PATH} CMAKE_PREFIX_PATH=/home/angus/path/to/colcon_ws/install/realsense2_camera_msgs:/home/angus/ros2_ws/install/sjtu_drone_description:/home/angus/ros2_ws/install/husky_gazebo:/home/angus/ros2_ws/install/husky_control:/home/angus/ros2_ws/install/husky_description:/home/angus/ros2_ws/install/gazebo_tf:/home/angus/ros2_ws/install/audibot:/home/angus/ros2_ws/install/audibot_gazebo:/home/angus/ros2_ws/install/audibot_description:/home/angus/ros2_ws/install/a3_support:/home/angus/ros2_ws/install/a3_skeleton:/home/angus/ros2_ws/install/sjtu_drone_control:/home/angus/ros2_ws/install/sjtu_drone_bringup:/opt/ros/humble LD_LIBRARY_PATH=/home/angus/path/to/colcon_ws/install/realsense2_camera_msgs/lib:${LD_LIBRARY_PATH} PYTHONPATH=/home/angus/path/to/colcon_ws/install/realsense2_camera_msgs/local/lib/python3.10/dist-packages:${PYTHONPATH} /usr/bin/cmake /home/angus/path/to/colcon_ws/src/realsense-ros/realsense2_camera -DCMAKE_INSTALL_PREFIX=/home/angus/path/to/colcon_ws/install/realsense2_camera
[4.247s] Invoking command in '/home/angus/path/to/colcon_ws/build/realsense2_camera': AMENT_PREFIX_PATH=/home/angus/path/to/colcon_ws/install/realsense2_camera_msgs:${AMENT_PREFIX_PATH} CMAKE_PREFIX_PATH=/home/angus/path/to/colcon_ws/install/realsense2_camera_msgs:/home/angus/ros2_ws/install/sjtu_drone_description:/home/angus/ros2_ws/install/husky_gazebo:/home/angus/ros2_ws/install/husky_control:/home/angus/ros2_ws/install/husky_description:/home/angus/ros2_ws/install/gazebo_tf:/home/angus/ros2_ws/install/audibot:/home/angus/ros2_ws/install/audibot_gazebo:/home/angus/ros2_ws/install/audibot_description:/home/angus/ros2_ws/install/a3_support:/home/angus/ros2_ws/install/a3_skeleton:/home/angus/ros2_ws/install/sjtu_drone_control:/home/angus/ros2_ws/install/sjtu_drone_bringup:/opt/ros/humble LD_LIBRARY_PATH=/home/angus/path/to/colcon_ws/install/realsense2_camera_msgs/lib:${LD_LIBRARY_PATH} PYTHONPATH=/home/angus/path/to/colcon_ws/install/realsense2_camera_msgs/local/lib/python3.10/dist-packages:${PYTHONPATH} /usr/bin/cmake --build /home/angus/path/to/colcon_ws/build/realsense2_camera -- -j16 -l16
[4.301s] [  4%] [32mBuilding CXX object CMakeFiles/realsense2_camera.dir/src/realsense_node_factory.cpp.o[0m
[4.301s] [ 13%] [32mBuilding CXX object CMakeFiles/realsense2_camera.dir/src/ros_sensor.cpp.o[0m
[4.302s] [ 13%] [32mBuilding CXX object CMakeFiles/realsense2_camera.dir/src/rs_node_setup.cpp.o[0m
[4.302s] [ 18%] [32mBuilding CXX object CMakeFiles/realsense2_camera.dir/src/ros_utils.cpp.o[0m
[4.302s] [ 27%] [32mBuilding CXX object CMakeFiles/realsense2_camera.dir/src/parameters.cpp.o[0m
[4.302s] [ 27%] [32mBuilding CXX object CMakeFiles/realsense2_camera_node.dir/rclcpp_components/node_main_realsense2_camera_node.cpp.o[0m
[4.302s] [ 31%] [32mBuilding CXX object gtest/CMakeFiles/gtest.dir/src/gtest-all.cc.o[0m
[4.303s] [ 40%] [32mBuilding CXX object gtest/CMakeFiles/gtest_main.dir/src/gtest_main.cc.o[0m
[4.304s] [ 40%] [32mBuilding CXX object CMakeFiles/realsense2_camera.dir/src/base_realsense_node.cpp.o[0m
[4.311s] [ 54%] [32mBuilding CXX object CMakeFiles/realsense2_camera.dir/src/named_filter.cpp.o[0m
[4.312s] [ 54%] [32mBuilding CXX object CMakeFiles/realsense2_camera.dir/src/sensor_params.cpp.o[0m
[4.312s] [ 54%] [32mBuilding CXX object CMakeFiles/realsense2_camera.dir/src/dynamic_params.cpp.o[0m
[4.323s] [ 59%] [32mBuilding CXX object CMakeFiles/realsense2_camera.dir/src/profile_manager.cpp.o[0m
[4.389s] [ 63%] [32mBuilding CXX object CMakeFiles/realsense2_camera.dir/src/image_publisher.cpp.o[0m
[4.408s] [ 68%] [32mBuilding CXX object CMakeFiles/realsense2_camera.dir/src/tfs.cpp.o[0m
[4.430s] [ 72%] [32mBuilding CXX object CMakeFiles/realsense2_camera.dir/src/ros_param_backend.cpp.o[0m
[5.382s] [ 77%] [32m[1mLinking CXX static library libgtest_main.a[0m
[5.590s] [ 77%] Built target gtest_main
[10.650s] [ 81%] [32m[1mLinking CXX executable realsense2_camera_node[0m
[10.882s] [ 81%] Built target realsense2_camera_node
[13.642s] [ 86%] [32m[1mLinking CXX static library libgtest.a[0m
[13.686s] [ 86%] Built target gtest
[13.708s] [ 90%] [32mBuilding CXX object CMakeFiles/gtest_template.dir/test/gtest_template.cpp.o[0m
[14.420s] [ 95%] [32m[1mLinking CXX executable gtest_template[0m
[14.531s] [ 95%] Built target gtest_template
[19.886s] [100%] [32m[1mLinking CXX shared library librealsense2_camera.so[0m
[20.162s] [100%] Built target realsense2_camera
[20.172s] Invoked command in '/home/angus/path/to/colcon_ws/build/realsense2_camera' returned '0': AMENT_PREFIX_PATH=/home/angus/path/to/colcon_ws/install/realsense2_camera_msgs:${AMENT_PREFIX_PATH} CMAKE_PREFIX_PATH=/home/angus/path/to/colcon_ws/install/realsense2_camera_msgs:/home/angus/ros2_ws/install/sjtu_drone_description:/home/angus/ros2_ws/install/husky_gazebo:/home/angus/ros2_ws/install/husky_control:/home/angus/ros2_ws/install/husky_description:/home/angus/ros2_ws/install/gazebo_tf:/home/angus/ros2_ws/install/audibot:/home/angus/ros2_ws/install/audibot_gazebo:/home/angus/ros2_ws/install/audibot_description:/home/angus/ros2_ws/install/a3_support:/home/angus/ros2_ws/install/a3_skeleton:/home/angus/ros2_ws/install/sjtu_drone_control:/home/angus/ros2_ws/install/sjtu_drone_bringup:/opt/ros/humble LD_LIBRARY_PATH=/home/angus/path/to/colcon_ws/install/realsense2_camera_msgs/lib:${LD_LIBRARY_PATH} PYTHONPATH=/home/angus/path/to/colcon_ws/install/realsense2_camera_msgs/local/lib/python3.10/dist-packages:${PYTHONPATH} /usr/bin/cmake --build /home/angus/path/to/colcon_ws/build/realsense2_camera -- -j16 -l16
[20.232s] Invoking command in '/home/angus/path/to/colcon_ws/build/realsense2_camera': AMENT_PREFIX_PATH=/home/angus/path/to/colcon_ws/install/realsense2_camera_msgs:${AMENT_PREFIX_PATH} CMAKE_PREFIX_PATH=/home/angus/path/to/colcon_ws/install/realsense2_camera_msgs:/home/angus/ros2_ws/install/sjtu_drone_description:/home/angus/ros2_ws/install/husky_gazebo:/home/angus/ros2_ws/install/husky_control:/home/angus/ros2_ws/install/husky_description:/home/angus/ros2_ws/install/gazebo_tf:/home/angus/ros2_ws/install/audibot:/home/angus/ros2_ws/install/audibot_gazebo:/home/angus/ros2_ws/install/audibot_description:/home/angus/ros2_ws/install/a3_support:/home/angus/ros2_ws/install/a3_skeleton:/home/angus/ros2_ws/install/sjtu_drone_control:/home/angus/ros2_ws/install/sjtu_drone_bringup:/opt/ros/humble LD_LIBRARY_PATH=/home/angus/path/to/colcon_ws/install/realsense2_camera_msgs/lib:${LD_LIBRARY_PATH} PYTHONPATH=/home/angus/path/to/colcon_ws/install/realsense2_camera_msgs/local/lib/python3.10/dist-packages:${PYTHONPATH} /usr/bin/cmake --install /home/angus/path/to/colcon_ws/build/realsense2_camera
[20.239s] -- Install configuration: "Release"
[20.239s] -- Installing: /home/angus/path/to/colcon_ws/install/realsense2_camera/lib/realsense2_camera/realsense2_camera_node
[20.239s] -- Set runtime path of "/home/angus/path/to/colcon_ws/install/realsense2_camera/lib/realsense2_camera/realsense2_camera_node" to ""
[20.239s] -- Installing: /home/angus/path/to/colcon_ws/install/realsense2_camera/lib/librealsense2_camera.so
[20.243s] -- Set runtime path of "/home/angus/path/to/colcon_ws/install/realsense2_camera/lib/librealsense2_camera.so" to ""
[20.243s] -- Installing: /home/angus/path/to/colcon_ws/install/realsense2_camera/include
[20.243s] -- Installing: /home/angus/path/to/colcon_ws/install/realsense2_camera/include/base_realsense_node.h
[20.243s] -- Installing: /home/angus/path/to/colcon_ws/install/realsense2_camera/include/profile_manager.h
[20.243s] -- Installing: /home/angus/path/to/colcon_ws/install/realsense2_camera/include/ros_sensor.h
[20.243s] -- Installing: /home/angus/path/to/colcon_ws/install/realsense2_camera/include/gl_window.h
[20.243s] -- Installing: /home/angus/path/to/colcon_ws/install/realsense2_camera/include/named_filter.h
[20.243s] -- Installing: /home/angus/path/to/colcon_ws/install/realsense2_camera/include/image_publisher.h
[20.243s] -- Installing: /home/angus/path/to/colcon_ws/install/realsense2_camera/include/sensor_params.h
[20.243s] -- Installing: /home/angus/path/to/colcon_ws/install/realsense2_camera/include/constants.h
[20.243s] -- Installing: /home/angus/path/to/colcon_ws/install/realsense2_camera/include/ros_utils.h
[20.243s] -- Installing: /home/angus/path/to/colcon_ws/install/realsense2_camera/include/realsense_node_factory.h
[20.244s] -- Installing: /home/angus/path/to/colcon_ws/install/realsense2_camera/include/ros_param_backend.h
[20.244s] -- Installing: /home/angus/path/to/colcon_ws/install/realsense2_camera/include/dynamic_params.h
[20.244s] -- Installing: /home/angus/path/to/colcon_ws/install/realsense2_camera/share/realsense2_camera/launch
[20.244s] -- Installing: /home/angus/path/to/colcon_ws/install/realsense2_camera/share/realsense2_camera/launch/rs_launch.py
[20.244s] -- Installing: /home/angus/path/to/colcon_ws/install/realsense2_camera/share/realsense2_camera/launch/rs_multi_camera_launch_sync.py
[20.244s] -- Installing: /home/angus/path/to/colcon_ws/install/realsense2_camera/share/realsense2_camera/launch/default.rviz
[20.244s] -- Installing: /home/angus/path/to/colcon_ws/install/realsense2_camera/share/realsense2_camera/launch/rs_intra_process_demo_launch.py
[20.244s] -- Installing: /home/angus/path/to/colcon_ws/install/realsense2_camera/share/realsense2_camera/launch/rs_multi_camera_launch.py
[20.244s] -- Installing: /home/angus/path/to/colcon_ws/install/realsense2_camera/share/realsense2_camera/examples
[20.245s] -- Installing: /home/angus/path/to/colcon_ws/install/realsense2_camera/share/realsense2_camera/examples/align_depth
[20.245s] -- Installing: /home/angus/path/to/colcon_ws/install/realsense2_camera/share/realsense2_camera/examples/align_depth/README.md
[20.245s] -- Installing: /home/angus/path/to/colcon_ws/install/realsense2_camera/share/realsense2_camera/examples/align_depth/rs_align_depth_launch.py
[20.245s] -- Installing: /home/angus/path/to/colcon_ws/install/realsense2_camera/share/realsense2_camera/examples/launch_from_rosbag
[20.245s] -- Installing: /home/angus/path/to/colcon_ws/install/realsense2_camera/share/realsense2_camera/examples/launch_from_rosbag/README.md
[20.245s] -- Installing: /home/angus/path/to/colcon_ws/install/realsense2_camera/share/realsense2_camera/examples/launch_from_rosbag/rs_launch_from_rosbag.py
[20.245s] -- Installing: /home/angus/path/to/colcon_ws/install/realsense2_camera/share/realsense2_camera/examples/dual_camera
[20.245s] -- Installing: /home/angus/path/to/colcon_ws/install/realsense2_camera/share/realsense2_camera/examples/dual_camera/README.md
[20.245s] -- Installing: /home/angus/path/to/colcon_ws/install/realsense2_camera/share/realsense2_camera/examples/dual_camera/rs_dual_camera_launch.py
[20.245s] -- Installing: /home/angus/path/to/colcon_ws/install/realsense2_camera/share/realsense2_camera/examples/dual_camera/rviz
[20.245s] -- Installing: /home/angus/path/to/colcon_ws/install/realsense2_camera/share/realsense2_camera/examples/dual_camera/rviz/dual_camera_pointcloud.rviz
[20.246s] -- Installing: /home/angus/path/to/colcon_ws/install/realsense2_camera/share/realsense2_camera/examples/pointcloud
[20.246s] -- Installing: /home/angus/path/to/colcon_ws/install/realsense2_camera/share/realsense2_camera/examples/pointcloud/rs_d455_pointcloud_launch.py
[20.246s] -- Installing: /home/angus/path/to/colcon_ws/install/realsense2_camera/share/realsense2_camera/examples/pointcloud/README.md
[20.246s] -- Installing: /home/angus/path/to/colcon_ws/install/realsense2_camera/share/realsense2_camera/examples/pointcloud/rs_pointcloud_launch.py
[20.246s] -- Installing: /home/angus/path/to/colcon_ws/install/realsense2_camera/share/realsense2_camera/examples/pointcloud/rs_d405_pointcloud_launch.py
[20.246s] -- Installing: /home/angus/path/to/colcon_ws/install/realsense2_camera/share/realsense2_camera/examples/pointcloud/rviz
[20.246s] -- Installing: /home/angus/path/to/colcon_ws/install/realsense2_camera/share/realsense2_camera/examples/pointcloud/rviz/pointcloud.rviz
[20.246s] -- Installing: /home/angus/path/to/colcon_ws/install/realsense2_camera/share/realsense2_camera/examples/pointcloud/rviz/urdf_pointcloud.rviz
[20.246s] -- Installing: /home/angus/path/to/colcon_ws/install/realsense2_camera/share/realsense2_camera/examples/launch_params_from_file
[20.246s] -- Installing: /home/angus/path/to/colcon_ws/install/realsense2_camera/share/realsense2_camera/examples/launch_params_from_file/README.md
[20.246s] -- Installing: /home/angus/path/to/colcon_ws/install/realsense2_camera/share/realsense2_camera/examples/launch_params_from_file/config
[20.247s] -- Installing: /home/angus/path/to/colcon_ws/install/realsense2_camera/share/realsense2_camera/examples/launch_params_from_file/config/config.yaml
[20.247s] -- Installing: /home/angus/path/to/colcon_ws/install/realsense2_camera/share/realsense2_camera/examples/launch_params_from_file/rs_launch_get_params_from_yaml.py
[20.247s] -- Installing: /home/angus/path/to/colcon_ws/install/realsense2_camera/share/realsense2_camera/environment/library_path.sh
[20.247s] -- Installing: /home/angus/path/to/colcon_ws/install/realsense2_camera/share/realsense2_camera/environment/library_path.dsv
[20.247s] -- Installing: /home/angus/path/to/colcon_ws/install/realsense2_camera/share/ament_index/resource_index/package_run_dependencies/realsense2_camera
[20.247s] -- Installing: /home/angus/path/to/colcon_ws/install/realsense2_camera/share/ament_index/resource_index/parent_prefix_path/realsense2_camera
[20.248s] -- Installing: /home/angus/path/to/colcon_ws/install/realsense2_camera/share/realsense2_camera/environment/ament_prefix_path.sh
[20.248s] -- Installing: /home/angus/path/to/colcon_ws/install/realsense2_camera/share/realsense2_camera/environment/ament_prefix_path.dsv
[20.248s] -- Installing: /home/angus/path/to/colcon_ws/install/realsense2_camera/share/realsense2_camera/environment/path.sh
[20.248s] -- Installing: /home/angus/path/to/colcon_ws/install/realsense2_camera/share/realsense2_camera/environment/path.dsv
[20.248s] -- Installing: /home/angus/path/to/colcon_ws/install/realsense2_camera/share/realsense2_camera/local_setup.bash
[20.248s] -- Installing: /home/angus/path/to/colcon_ws/install/realsense2_camera/share/realsense2_camera/local_setup.sh
[20.248s] -- Installing: /home/angus/path/to/colcon_ws/install/realsense2_camera/share/realsense2_camera/local_setup.zsh
[20.248s] -- Installing: /home/angus/path/to/colcon_ws/install/realsense2_camera/share/realsense2_camera/local_setup.dsv
[20.249s] -- Installing: /home/angus/path/to/colcon_ws/install/realsense2_camera/share/realsense2_camera/package.dsv
[20.249s] -- Installing: /home/angus/path/to/colcon_ws/install/realsense2_camera/share/ament_index/resource_index/packages/realsense2_camera
[20.249s] -- Installing: /home/angus/path/to/colcon_ws/install/realsense2_camera/share/ament_index/resource_index/rclcpp_components/realsense2_camera
[20.249s] -- Installing: /home/angus/path/to/colcon_ws/install/realsense2_camera/share/realsense2_camera/cmake/ament_cmake_export_include_directories-extras.cmake
[20.249s] -- Installing: /home/angus/path/to/colcon_ws/install/realsense2_camera/share/realsense2_camera/cmake/ament_cmake_export_libraries-extras.cmake
[20.249s] -- Installing: /home/angus/path/to/colcon_ws/install/realsense2_camera/share/realsense2_camera/cmake/ament_cmake_export_dependencies-extras.cmake
[20.249s] -- Installing: /home/angus/path/to/colcon_ws/install/realsense2_camera/share/realsense2_camera/cmake/realsense2_cameraConfig.cmake
[20.250s] -- Installing: /home/angus/path/to/colcon_ws/install/realsense2_camera/share/realsense2_camera/cmake/realsense2_cameraConfig-version.cmake
[20.250s] -- Installing: /home/angus/path/to/colcon_ws/install/realsense2_camera/share/realsense2_camera/package.xml
[20.252s] Invoked command in '/home/angus/path/to/colcon_ws/build/realsense2_camera' returned '0': AMENT_PREFIX_PATH=/home/angus/path/to/colcon_ws/install/realsense2_camera_msgs:${AMENT_PREFIX_PATH} CMAKE_PREFIX_PATH=/home/angus/path/to/colcon_ws/install/realsense2_camera_msgs:/home/angus/ros2_ws/install/sjtu_drone_description:/home/angus/ros2_ws/install/husky_gazebo:/home/angus/ros2_ws/install/husky_control:/home/angus/ros2_ws/install/husky_description:/home/angus/ros2_ws/install/gazebo_tf:/home/angus/ros2_ws/install/audibot:/home/angus/ros2_ws/install/audibot_gazebo:/home/angus/ros2_ws/install/audibot_description:/home/angus/ros2_ws/install/a3_support:/home/angus/ros2_ws/install/a3_skeleton:/home/angus/ros2_ws/install/sjtu_drone_control:/home/angus/ros2_ws/install/sjtu_drone_bringup:/opt/ros/humble LD_LIBRARY_PATH=/home/angus/path/to/colcon_ws/install/realsense2_camera_msgs/lib:${LD_LIBRARY_PATH} PYTHONPATH=/home/angus/path/to/colcon_ws/install/realsense2_camera_msgs/local/lib/python3.10/dist-packages:${PYTHONPATH} /usr/bin/cmake --install /home/angus/path/to/colcon_ws/build/realsense2_camera
