[0.017s] Invoking command in '/home/angus/path/to/colcon_ws/build/realsense2_camera_msgs': CMAKE_PREFIX_PATH=${CMAKE_PREFIX_PATH}:/home/angus/ros2_ws/install/sjtu_drone_control:/home/angus/ros2_ws/install/sjtu_drone_bringup:/opt/ros/humble /usr/bin/cmake --build /home/angus/path/to/colcon_ws/build/realsense2_camera_msgs -- -j16 -l16
[0.050s] [  1%] [34m[1mGenerating C code for ROS interfaces[0m
[0.061s] [  3%] [34m[1mGenerating C++ code for ROS interfaces[0m
[0.072s] [  3%] Built target ament_cmake_python_copy_realsense2_camera_msgs
[0.442s] running egg_info
[0.443s] creating realsense2_camera_msgs.egg-info
[0.481s] writing realsense2_camera_msgs.egg-info/PKG-INFO
[0.482s] writing dependency_links to realsense2_camera_msgs.egg-info/dependency_links.txt
[0.482s] writing top-level names to realsense2_camera_msgs.egg-info/top_level.txt
[0.482s] writing manifest file 'realsense2_camera_msgs.egg-info/SOURCES.txt'
[0.608s] reading manifest file 'realsense2_camera_msgs.egg-info/SOURCES.txt'
[0.609s] writing manifest file 'realsense2_camera_msgs.egg-info/SOURCES.txt'
[0.704s] [  3%] Built target ament_cmake_python_build_realsense2_camera_msgs_egg
[1.246s] [  3%] Built target realsense2_camera_msgs__cpp
[1.291s] [  4%] [32mBuilding C object CMakeFiles/realsense2_camera_msgs__rosidl_generator_c.dir/rosidl_generator_c/realsense2_camera_msgs/msg/detail/imu_info__functions.c.o[0m
[1.299s] [  6%] [32mBuilding C object CMakeFiles/realsense2_camera_msgs__rosidl_generator_c.dir/rosidl_generator_c/realsense2_camera_msgs/msg/detail/metadata__functions.c.o[0m
[1.306s] [  7%] [32mBuilding C object CMakeFiles/realsense2_camera_msgs__rosidl_generator_c.dir/rosidl_generator_c/realsense2_camera_msgs/msg/detail/extrinsics__functions.c.o[0m
[1.313s] [  9%] [34m[1mGenerating C++ type support for eProsima Fast-RTPS[0m
[1.318s] [ 11%] [34m[1mGenerating C++ type support dispatch for ROS interfaces[0m
[1.324s] [ 12%] [32mBuilding C object CMakeFiles/realsense2_camera_msgs__rosidl_generator_c.dir/rosidl_generator_c/realsense2_camera_msgs/srv/detail/device_info__functions.c.o[0m
[1.328s] [ 14%] [32mBuilding C object CMakeFiles/realsense2_camera_msgs__rosidl_generator_c.dir/rosidl_generator_c/realsense2_camera_msgs/msg/detail/rgbd__functions.c.o[0m
[1.347s] [ 15%] [34m[1mGenerating C++ introspection for ROS interfaces[0m
[1.551s] [ 17%] [32m[1mLinking C shared library librealsense2_camera_msgs__rosidl_generator_c.so[0m
[1.734s] [ 17%] Built target realsense2_camera_msgs__rosidl_generator_c
[1.771s] [ 19%] [34m[1mGenerating C introspection for ROS interfaces[0m
[1.807s] [ 20%] [34m[1mGenerating C type support for eProsima Fast-RTPS[0m
[1.828s] [ 22%] [34m[1mGenerating C type support dispatch for ROS interfaces[0m
[2.194s] [ 23%] [32mBuilding CXX object CMakeFiles/realsense2_camera_msgs__rosidl_typesupport_cpp.dir/rosidl_typesupport_cpp/realsense2_camera_msgs/msg/extrinsics__type_support.cpp.o[0m
[2.222s] [ 25%] [32mBuilding CXX object CMakeFiles/realsense2_camera_msgs__rosidl_typesupport_cpp.dir/rosidl_typesupport_cpp/realsense2_camera_msgs/msg/imu_info__type_support.cpp.o[0m
[2.238s] [ 26%] [32mBuilding CXX object CMakeFiles/realsense2_camera_msgs__rosidl_typesupport_cpp.dir/rosidl_typesupport_cpp/realsense2_camera_msgs/srv/device_info__type_support.cpp.o[0m
[2.247s] [ 28%] [32mBuilding CXX object CMakeFiles/realsense2_camera_msgs__rosidl_typesupport_cpp.dir/rosidl_typesupport_cpp/realsense2_camera_msgs/msg/rgbd__type_support.cpp.o[0m
[2.247s] [ 30%] [32mBuilding CXX object CMakeFiles/realsense2_camera_msgs__rosidl_typesupport_cpp.dir/rosidl_typesupport_cpp/realsense2_camera_msgs/msg/metadata__type_support.cpp.o[0m
[2.528s] [ 33%] [32mBuilding CXX object CMakeFiles/realsense2_camera_msgs__rosidl_typesupport_introspection_cpp.dir/rosidl_typesupport_introspection_cpp/realsense2_camera_msgs/msg/detail/imu_info__type_support.cpp.o[0m
[2.529s] [ 33%] [32mBuilding CXX object CMakeFiles/realsense2_camera_msgs__rosidl_typesupport_introspection_cpp.dir/rosidl_typesupport_introspection_cpp/realsense2_camera_msgs/msg/detail/extrinsics__type_support.cpp.o[0m
[2.538s] [ 34%] [32mBuilding CXX object CMakeFiles/realsense2_camera_msgs__rosidl_typesupport_introspection_cpp.dir/rosidl_typesupport_introspection_cpp/realsense2_camera_msgs/msg/detail/metadata__type_support.cpp.o[0m
[2.543s] [ 36%] [32mBuilding CXX object CMakeFiles/realsense2_camera_msgs__rosidl_typesupport_introspection_cpp.dir/rosidl_typesupport_introspection_cpp/realsense2_camera_msgs/msg/detail/rgbd__type_support.cpp.o[0m
[2.557s] [ 38%] [32mBuilding CXX object CMakeFiles/realsense2_camera_msgs__rosidl_typesupport_introspection_cpp.dir/rosidl_typesupport_introspection_cpp/realsense2_camera_msgs/srv/detail/device_info__type_support.cpp.o[0m
[2.651s] [ 41%] [32mBuilding CXX object CMakeFiles/realsense2_camera_msgs__rosidl_typesupport_c.dir/rosidl_typesupport_c/realsense2_camera_msgs/msg/extrinsics__type_support.cpp.o[0m
[2.651s] [ 41%] [32mBuilding CXX object CMakeFiles/realsense2_camera_msgs__rosidl_typesupport_c.dir/rosidl_typesupport_c/realsense2_camera_msgs/msg/imu_info__type_support.cpp.o[0m
[2.665s] [ 42%] [32mBuilding CXX object CMakeFiles/realsense2_camera_msgs__rosidl_typesupport_c.dir/rosidl_typesupport_c/realsense2_camera_msgs/msg/metadata__type_support.cpp.o[0m
[2.668s] [ 44%] [32mBuilding CXX object CMakeFiles/realsense2_camera_msgs__rosidl_typesupport_c.dir/rosidl_typesupport_c/realsense2_camera_msgs/msg/rgbd__type_support.cpp.o[0m
[2.691s] [ 46%] [32mBuilding CXX object CMakeFiles/realsense2_camera_msgs__rosidl_typesupport_c.dir/rosidl_typesupport_c/realsense2_camera_msgs/srv/device_info__type_support.cpp.o[0m
[2.701s] [ 47%] [32mBuilding CXX object CMakeFiles/realsense2_camera_msgs__rosidl_typesupport_fastrtps_cpp.dir/rosidl_typesupport_fastrtps_cpp/realsense2_camera_msgs/msg/detail/dds_fastrtps/imu_info__type_support.cpp.o[0m
[2.709s] [ 49%] [32mBuilding C object CMakeFiles/realsense2_camera_msgs__rosidl_typesupport_introspection_c.dir/rosidl_typesupport_introspection_c/realsense2_camera_msgs/msg/detail/imu_info__type_support.c.o[0m
[2.714s] [ 50%] [32mBuilding CXX object CMakeFiles/realsense2_camera_msgs__rosidl_typesupport_fastrtps_cpp.dir/rosidl_typesupport_fastrtps_cpp/realsense2_camera_msgs/msg/detail/dds_fastrtps/extrinsics__type_support.cpp.o[0m
[2.724s] [ 52%] [32mBuilding C object CMakeFiles/realsense2_camera_msgs__rosidl_typesupport_introspection_c.dir/rosidl_typesupport_introspection_c/realsense2_camera_msgs/msg/detail/extrinsics__type_support.c.o[0m
[2.733s] [ 53%] [32mBuilding C object CMakeFiles/realsense2_camera_msgs__rosidl_typesupport_introspection_c.dir/rosidl_typesupport_introspection_c/realsense2_camera_msgs/msg/detail/metadata__type_support.c.o[0m
[2.735s] [ 55%] [32mBuilding CXX object CMakeFiles/realsense2_camera_msgs__rosidl_typesupport_fastrtps_cpp.dir/rosidl_typesupport_fastrtps_cpp/realsense2_camera_msgs/msg/detail/dds_fastrtps/metadata__type_support.cpp.o[0m
[2.744s] [ 57%] [32m[1mLinking CXX shared library librealsense2_camera_msgs__rosidl_typesupport_c.so[0m
[2.747s] [ 58%] [32mBuilding C object CMakeFiles/realsense2_camera_msgs__rosidl_typesupport_introspection_c.dir/rosidl_typesupport_introspection_c/realsense2_camera_msgs/msg/detail/rgbd__type_support.c.o[0m
[2.759s] [ 60%] [32mBuilding CXX object CMakeFiles/realsense2_camera_msgs__rosidl_typesupport_fastrtps_cpp.dir/rosidl_typesupport_fastrtps_cpp/realsense2_camera_msgs/msg/detail/dds_fastrtps/rgbd__type_support.cpp.o[0m
[2.788s] [ 61%] [32mBuilding CXX object CMakeFiles/realsense2_camera_msgs__rosidl_typesupport_fastrtps_c.dir/rosidl_typesupport_fastrtps_c/realsense2_camera_msgs/msg/detail/imu_info__type_support_c.cpp.o[0m
[2.795s] [ 63%] [32mBuilding C object CMakeFiles/realsense2_camera_msgs__rosidl_typesupport_introspection_c.dir/rosidl_typesupport_introspection_c/realsense2_camera_msgs/srv/detail/device_info__type_support.c.o[0m
[2.806s] [ 65%] [32mBuilding CXX object CMakeFiles/realsense2_camera_msgs__rosidl_typesupport_fastrtps_c.dir/rosidl_typesupport_fastrtps_c/realsense2_camera_msgs/msg/detail/extrinsics__type_support_c.cpp.o[0m
[2.819s] [ 68%] [32mBuilding CXX object CMakeFiles/realsense2_camera_msgs__rosidl_typesupport_fastrtps_cpp.dir/rosidl_typesupport_fastrtps_cpp/realsense2_camera_msgs/srv/detail/dds_fastrtps/device_info__type_support.cpp.o[0m
[2.819s] [ 68%] [32m[1mLinking CXX shared library librealsense2_camera_msgs__rosidl_typesupport_cpp.so[0m
[2.839s] [ 69%] [32mBuilding CXX object CMakeFiles/realsense2_camera_msgs__rosidl_typesupport_fastrtps_c.dir/rosidl_typesupport_fastrtps_c/realsense2_camera_msgs/msg/detail/metadata__type_support_c.cpp.o[0m
[2.924s] [ 71%] [32m[1mLinking C shared library librealsense2_camera_msgs__rosidl_typesupport_introspection_c.so[0m
[2.924s] [ 71%] Built target realsense2_camera_msgs__rosidl_typesupport_c
[2.955s] [ 73%] [32mBuilding CXX object CMakeFiles/realsense2_camera_msgs__rosidl_typesupport_fastrtps_c.dir/rosidl_typesupport_fastrtps_c/realsense2_camera_msgs/msg/detail/rgbd__type_support_c.cpp.o[0m
[2.969s] [ 73%] Built target realsense2_camera_msgs__rosidl_typesupport_cpp
[3.036s] [ 74%] [32mBuilding CXX object CMakeFiles/realsense2_camera_msgs__rosidl_typesupport_fastrtps_c.dir/rosidl_typesupport_fastrtps_c/realsense2_camera_msgs/srv/detail/device_info__type_support_c.cpp.o[0m
[3.088s] [ 74%] Built target realsense2_camera_msgs__rosidl_typesupport_introspection_c
[3.147s] [ 76%] [32m[1mLinking CXX shared library librealsense2_camera_msgs__rosidl_typesupport_introspection_cpp.so[0m
[3.293s] [ 76%] Built target realsense2_camera_msgs__rosidl_typesupport_introspection_cpp
[3.364s] [ 77%] [32m[1mLinking CXX shared library librealsense2_camera_msgs__rosidl_typesupport_fastrtps_cpp.so[0m
[3.416s] [ 79%] [32m[1mLinking CXX shared library librealsense2_camera_msgs__rosidl_typesupport_fastrtps_c.so[0m
[3.437s] [ 79%] Built target realsense2_camera_msgs__rosidl_typesupport_fastrtps_cpp
[3.490s] [ 79%] Built target realsense2_camera_msgs__rosidl_typesupport_fastrtps_c
[3.510s] [ 79%] Built target realsense2_camera_msgs
[3.532s] [ 80%] [34m[1mGenerating Python code for ROS interfaces[0m
[4.093s] [ 80%] Built target realsense2_camera_msgs__py
[4.113s] [ 87%] [32mBuilding C object CMakeFiles/realsense2_camera_msgs__rosidl_generator_py.dir/rosidl_generator_py/realsense2_camera_msgs/srv/_device_info_s.c.o[0m
[4.113s] [ 87%] [32mBuilding C object CMakeFiles/realsense2_camera_msgs__rosidl_generator_py.dir/rosidl_generator_py/realsense2_camera_msgs/msg/_metadata_s.c.o[0m
[4.113s] [ 87%] [32mBuilding C object CMakeFiles/realsense2_camera_msgs__rosidl_generator_py.dir/rosidl_generator_py/realsense2_camera_msgs/msg/_extrinsics_s.c.o[0m
[4.113s] [ 88%] [32mBuilding C object CMakeFiles/realsense2_camera_msgs__rosidl_generator_py.dir/rosidl_generator_py/realsense2_camera_msgs/msg/_rgbd_s.c.o[0m
[4.113s] [ 88%] [32mBuilding C object CMakeFiles/realsense2_camera_msgs__rosidl_generator_py.dir/rosidl_generator_py/realsense2_camera_msgs/msg/_imu_info_s.c.o[0m
[4.197s] [ 90%] [32m[1mLinking C shared library rosidl_generator_py/realsense2_camera_msgs/librealsense2_camera_msgs__rosidl_generator_py.so[0m
[4.235s] [ 90%] Built target realsense2_camera_msgs__rosidl_generator_py
[4.253s] [ 95%] [32mBuilding C object CMakeFiles/realsense2_camera_msgs__rosidl_typesupport_introspection_c__pyext.dir/rosidl_generator_py/realsense2_camera_msgs/_realsense2_camera_msgs_s.ep.rosidl_typesupport_introspection_c.c.o[0m
[4.254s] [ 95%] [32mBuilding C object CMakeFiles/realsense2_camera_msgs__rosidl_typesupport_c__pyext.dir/rosidl_generator_py/realsense2_camera_msgs/_realsense2_camera_msgs_s.ep.rosidl_typesupport_c.c.o[0m
[4.254s] [ 95%] [32mBuilding C object CMakeFiles/realsense2_camera_msgs__rosidl_typesupport_fastrtps_c__pyext.dir/rosidl_generator_py/realsense2_camera_msgs/_realsense2_camera_msgs_s.ep.rosidl_typesupport_fastrtps_c.c.o[0m
[4.341s] [100%] [32m[1mLinking C shared library rosidl_generator_py/realsense2_camera_msgs/realsense2_camera_msgs_s__rosidl_typesupport_introspection_c.cpython-310-x86_64-linux-gnu.so[0m
[4.341s] [100%] [32m[1mLinking C shared library rosidl_generator_py/realsense2_camera_msgs/realsense2_camera_msgs_s__rosidl_typesupport_c.cpython-310-x86_64-linux-gnu.so[0m
[4.341s] [100%] [32m[1mLinking C shared library rosidl_generator_py/realsense2_camera_msgs/realsense2_camera_msgs_s__rosidl_typesupport_fastrtps_c.cpython-310-x86_64-linux-gnu.so[0m
[4.378s] [100%] Built target realsense2_camera_msgs__rosidl_typesupport_c__pyext
[4.378s] [100%] Built target realsense2_camera_msgs__rosidl_typesupport_fastrtps_c__pyext
[4.378s] [100%] Built target realsense2_camera_msgs__rosidl_typesupport_introspection_c__pyext
[4.390s] Invoked command in '/home/angus/path/to/colcon_ws/build/realsense2_camera_msgs' returned '0': CMAKE_PREFIX_PATH=${CMAKE_PREFIX_PATH}:/home/angus/ros2_ws/install/sjtu_drone_control:/home/angus/ros2_ws/install/sjtu_drone_bringup:/opt/ros/humble /usr/bin/cmake --build /home/angus/path/to/colcon_ws/build/realsense2_camera_msgs -- -j16 -l16
[4.524s] Invoking command in '/home/angus/path/to/colcon_ws/build/realsense2_camera_msgs': CMAKE_PREFIX_PATH=${CMAKE_PREFIX_PATH}:/home/angus/ros2_ws/install/sjtu_drone_control:/home/angus/ros2_ws/install/sjtu_drone_bringup:/opt/ros/humble /usr/bin/cmake --install /home/angus/path/to/colcon_ws/build/realsense2_camera_msgs
[4.531s] -- Install configuration: ""
[4.531s] -- Installing: /home/angus/path/to/colcon_ws/install/realsense2_camera_msgs/share/ament_index/resource_index/rosidl_interfaces/realsense2_camera_msgs
[4.531s] -- Installing: /home/angus/path/to/colcon_ws/install/realsense2_camera_msgs/include/realsense2_camera_msgs/realsense2_camera_msgs
[4.531s] -- Installing: /home/angus/path/to/colcon_ws/install/realsense2_camera_msgs/include/realsense2_camera_msgs/realsense2_camera_msgs/msg
[4.532s] -- Installing: /home/angus/path/to/colcon_ws/install/realsense2_camera_msgs/include/realsense2_camera_msgs/realsense2_camera_msgs/msg/imu_info.h
[4.532s] -- Installing: /home/angus/path/to/colcon_ws/install/realsense2_camera_msgs/include/realsense2_camera_msgs/realsense2_camera_msgs/msg/rosidl_generator_c__visibility_control.h
[4.532s] -- Installing: /home/angus/path/to/colcon_ws/install/realsense2_camera_msgs/include/realsense2_camera_msgs/realsense2_camera_msgs/msg/rgbd.h
[4.532s] -- Installing: /home/angus/path/to/colcon_ws/install/realsense2_camera_msgs/include/realsense2_camera_msgs/realsense2_camera_msgs/msg/extrinsics.h
[4.532s] -- Installing: /home/angus/path/to/colcon_ws/install/realsense2_camera_msgs/include/realsense2_camera_msgs/realsense2_camera_msgs/msg/detail
[4.532s] -- Installing: /home/angus/path/to/colcon_ws/install/realsense2_camera_msgs/include/realsense2_camera_msgs/realsense2_camera_msgs/msg/detail/rgbd__struct.h
[4.532s] -- Installing: /home/angus/path/to/colcon_ws/install/realsense2_camera_msgs/include/realsense2_camera_msgs/realsense2_camera_msgs/msg/detail/extrinsics__functions.c
[4.532s] -- Installing: /home/angus/path/to/colcon_ws/install/realsense2_camera_msgs/include/realsense2_camera_msgs/realsense2_camera_msgs/msg/detail/rgbd__type_support.h
[4.532s] -- Installing: /home/angus/path/to/colcon_ws/install/realsense2_camera_msgs/include/realsense2_camera_msgs/realsense2_camera_msgs/msg/detail/rgbd__functions.c
[4.532s] -- Installing: /home/angus/path/to/colcon_ws/install/realsense2_camera_msgs/include/realsense2_camera_msgs/realsense2_camera_msgs/msg/detail/imu_info__functions.c
[4.533s] -- Installing: /home/angus/path/to/colcon_ws/install/realsense2_camera_msgs/include/realsense2_camera_msgs/realsense2_camera_msgs/msg/detail/metadata__type_support.h
[4.533s] -- Installing: /home/angus/path/to/colcon_ws/install/realsense2_camera_msgs/include/realsense2_camera_msgs/realsense2_camera_msgs/msg/detail/extrinsics__type_support.h
[4.533s] -- Installing: /home/angus/path/to/colcon_ws/install/realsense2_camera_msgs/include/realsense2_camera_msgs/realsense2_camera_msgs/msg/detail/imu_info__functions.h
[4.533s] -- Installing: /home/angus/path/to/colcon_ws/install/realsense2_camera_msgs/include/realsense2_camera_msgs/realsense2_camera_msgs/msg/detail/metadata__functions.h
[4.533s] -- Installing: /home/angus/path/to/colcon_ws/install/realsense2_camera_msgs/include/realsense2_camera_msgs/realsense2_camera_msgs/msg/detail/metadata__struct.h
[4.533s] -- Installing: /home/angus/path/to/colcon_ws/install/realsense2_camera_msgs/include/realsense2_camera_msgs/realsense2_camera_msgs/msg/detail/extrinsics__struct.h
[4.533s] -- Installing: /home/angus/path/to/colcon_ws/install/realsense2_camera_msgs/include/realsense2_camera_msgs/realsense2_camera_msgs/msg/detail/extrinsics__functions.h
[4.533s] -- Installing: /home/angus/path/to/colcon_ws/install/realsense2_camera_msgs/include/realsense2_camera_msgs/realsense2_camera_msgs/msg/detail/imu_info__struct.h
[4.533s] -- Installing: /home/angus/path/to/colcon_ws/install/realsense2_camera_msgs/include/realsense2_camera_msgs/realsense2_camera_msgs/msg/detail/metadata__functions.c
[4.533s] -- Installing: /home/angus/path/to/colcon_ws/install/realsense2_camera_msgs/include/realsense2_camera_msgs/realsense2_camera_msgs/msg/detail/imu_info__type_support.h
[4.534s] -- Installing: /home/angus/path/to/colcon_ws/install/realsense2_camera_msgs/include/realsense2_camera_msgs/realsense2_camera_msgs/msg/detail/rgbd__functions.h
[4.534s] -- Installing: /home/angus/path/to/colcon_ws/install/realsense2_camera_msgs/include/realsense2_camera_msgs/realsense2_camera_msgs/msg/metadata.h
[4.534s] -- Installing: /home/angus/path/to/colcon_ws/install/realsense2_camera_msgs/include/realsense2_camera_msgs/realsense2_camera_msgs/srv
[4.534s] -- Installing: /home/angus/path/to/colcon_ws/install/realsense2_camera_msgs/include/realsense2_camera_msgs/realsense2_camera_msgs/srv/detail
[4.534s] -- Installing: /home/angus/path/to/colcon_ws/install/realsense2_camera_msgs/include/realsense2_camera_msgs/realsense2_camera_msgs/srv/detail/device_info__functions.c
[4.534s] -- Installing: /home/angus/path/to/colcon_ws/install/realsense2_camera_msgs/include/realsense2_camera_msgs/realsense2_camera_msgs/srv/detail/device_info__type_support.h
[4.534s] -- Installing: /home/angus/path/to/colcon_ws/install/realsense2_camera_msgs/include/realsense2_camera_msgs/realsense2_camera_msgs/srv/detail/device_info__functions.h
[4.534s] -- Installing: /home/angus/path/to/colcon_ws/install/realsense2_camera_msgs/include/realsense2_camera_msgs/realsense2_camera_msgs/srv/detail/device_info__struct.h
[4.535s] -- Installing: /home/angus/path/to/colcon_ws/install/realsense2_camera_msgs/include/realsense2_camera_msgs/realsense2_camera_msgs/srv/device_info.h
[4.535s] -- Installing: /home/angus/path/to/colcon_ws/install/realsense2_camera_msgs/share/realsense2_camera_msgs/environment/library_path.sh
[4.535s] -- Installing: /home/angus/path/to/colcon_ws/install/realsense2_camera_msgs/share/realsense2_camera_msgs/environment/library_path.dsv
[4.535s] -- Installing: /home/angus/path/to/colcon_ws/install/realsense2_camera_msgs/lib/librealsense2_camera_msgs__rosidl_generator_c.so
[4.535s] -- Set runtime path of "/home/angus/path/to/colcon_ws/install/realsense2_camera_msgs/lib/librealsense2_camera_msgs__rosidl_generator_c.so" to ""
[4.535s] -- Up-to-date: /home/angus/path/to/colcon_ws/install/realsense2_camera_msgs/include/realsense2_camera_msgs/realsense2_camera_msgs
[4.536s] -- Up-to-date: /home/angus/path/to/colcon_ws/install/realsense2_camera_msgs/include/realsense2_camera_msgs/realsense2_camera_msgs/msg
[4.536s] -- Up-to-date: /home/angus/path/to/colcon_ws/install/realsense2_camera_msgs/include/realsense2_camera_msgs/realsense2_camera_msgs/msg/detail
[4.536s] -- Installing: /home/angus/path/to/colcon_ws/install/realsense2_camera_msgs/include/realsense2_camera_msgs/realsense2_camera_msgs/msg/detail/rgbd__rosidl_typesupport_fastrtps_c.h
[4.536s] -- Installing: /home/angus/path/to/colcon_ws/install/realsense2_camera_msgs/include/realsense2_camera_msgs/realsense2_camera_msgs/msg/detail/extrinsics__rosidl_typesupport_fastrtps_c.h
[4.536s] -- Installing: /home/angus/path/to/colcon_ws/install/realsense2_camera_msgs/include/realsense2_camera_msgs/realsense2_camera_msgs/msg/detail/metadata__rosidl_typesupport_fastrtps_c.h
[4.536s] -- Installing: /home/angus/path/to/colcon_ws/install/realsense2_camera_msgs/include/realsense2_camera_msgs/realsense2_camera_msgs/msg/detail/imu_info__rosidl_typesupport_fastrtps_c.h
[4.536s] -- Installing: /home/angus/path/to/colcon_ws/install/realsense2_camera_msgs/include/realsense2_camera_msgs/realsense2_camera_msgs/msg/rosidl_typesupport_fastrtps_c__visibility_control.h
[4.536s] -- Up-to-date: /home/angus/path/to/colcon_ws/install/realsense2_camera_msgs/include/realsense2_camera_msgs/realsense2_camera_msgs/srv
[4.536s] -- Up-to-date: /home/angus/path/to/colcon_ws/install/realsense2_camera_msgs/include/realsense2_camera_msgs/realsense2_camera_msgs/srv/detail
[4.536s] -- Installing: /home/angus/path/to/colcon_ws/install/realsense2_camera_msgs/include/realsense2_camera_msgs/realsense2_camera_msgs/srv/detail/device_info__rosidl_typesupport_fastrtps_c.h
[4.536s] -- Installing: /home/angus/path/to/colcon_ws/install/realsense2_camera_msgs/lib/librealsense2_camera_msgs__rosidl_typesupport_fastrtps_c.so
[4.537s] -- Set runtime path of "/home/angus/path/to/colcon_ws/install/realsense2_camera_msgs/lib/librealsense2_camera_msgs__rosidl_typesupport_fastrtps_c.so" to ""
[4.537s] -- Up-to-date: /home/angus/path/to/colcon_ws/install/realsense2_camera_msgs/include/realsense2_camera_msgs/realsense2_camera_msgs
[4.537s] -- Up-to-date: /home/angus/path/to/colcon_ws/install/realsense2_camera_msgs/include/realsense2_camera_msgs/realsense2_camera_msgs/msg
[4.537s] -- Installing: /home/angus/path/to/colcon_ws/install/realsense2_camera_msgs/include/realsense2_camera_msgs/realsense2_camera_msgs/msg/rosidl_typesupport_introspection_c__visibility_control.h
[4.537s] -- Up-to-date: /home/angus/path/to/colcon_ws/install/realsense2_camera_msgs/include/realsense2_camera_msgs/realsense2_camera_msgs/msg/detail
[4.537s] -- Installing: /home/angus/path/to/colcon_ws/install/realsense2_camera_msgs/include/realsense2_camera_msgs/realsense2_camera_msgs/msg/detail/imu_info__type_support.c
[4.537s] -- Installing: /home/angus/path/to/colcon_ws/install/realsense2_camera_msgs/include/realsense2_camera_msgs/realsense2_camera_msgs/msg/detail/extrinsics__type_support.c
[4.537s] -- Installing: /home/angus/path/to/colcon_ws/install/realsense2_camera_msgs/include/realsense2_camera_msgs/realsense2_camera_msgs/msg/detail/rgbd__rosidl_typesupport_introspection_c.h
[4.537s] -- Installing: /home/angus/path/to/colcon_ws/install/realsense2_camera_msgs/include/realsense2_camera_msgs/realsense2_camera_msgs/msg/detail/metadata__rosidl_typesupport_introspection_c.h
[4.538s] -- Installing: /home/angus/path/to/colcon_ws/install/realsense2_camera_msgs/include/realsense2_camera_msgs/realsense2_camera_msgs/msg/detail/rgbd__type_support.c
[4.538s] -- Installing: /home/angus/path/to/colcon_ws/install/realsense2_camera_msgs/include/realsense2_camera_msgs/realsense2_camera_msgs/msg/detail/imu_info__rosidl_typesupport_introspection_c.h
[4.538s] -- Installing: /home/angus/path/to/colcon_ws/install/realsense2_camera_msgs/include/realsense2_camera_msgs/realsense2_camera_msgs/msg/detail/extrinsics__rosidl_typesupport_introspection_c.h
[4.538s] -- Installing: /home/angus/path/to/colcon_ws/install/realsense2_camera_msgs/include/realsense2_camera_msgs/realsense2_camera_msgs/msg/detail/metadata__type_support.c
[4.538s] -- Up-to-date: /home/angus/path/to/colcon_ws/install/realsense2_camera_msgs/include/realsense2_camera_msgs/realsense2_camera_msgs/srv
[4.538s] -- Up-to-date: /home/angus/path/to/colcon_ws/install/realsense2_camera_msgs/include/realsense2_camera_msgs/realsense2_camera_msgs/srv/detail
[4.538s] -- Installing: /home/angus/path/to/colcon_ws/install/realsense2_camera_msgs/include/realsense2_camera_msgs/realsense2_camera_msgs/srv/detail/device_info__rosidl_typesupport_introspection_c.h
[4.538s] -- Installing: /home/angus/path/to/colcon_ws/install/realsense2_camera_msgs/include/realsense2_camera_msgs/realsense2_camera_msgs/srv/detail/device_info__type_support.c
[4.538s] -- Installing: /home/angus/path/to/colcon_ws/install/realsense2_camera_msgs/lib/librealsense2_camera_msgs__rosidl_typesupport_introspection_c.so
[4.538s] -- Set runtime path of "/home/angus/path/to/colcon_ws/install/realsense2_camera_msgs/lib/librealsense2_camera_msgs__rosidl_typesupport_introspection_c.so" to ""
[4.538s] -- Installing: /home/angus/path/to/colcon_ws/install/realsense2_camera_msgs/lib/librealsense2_camera_msgs__rosidl_typesupport_c.so
[4.539s] -- Set runtime path of "/home/angus/path/to/colcon_ws/install/realsense2_camera_msgs/lib/librealsense2_camera_msgs__rosidl_typesupport_c.so" to ""
[4.539s] -- Up-to-date: /home/angus/path/to/colcon_ws/install/realsense2_camera_msgs/include/realsense2_camera_msgs/realsense2_camera_msgs
[4.539s] -- Up-to-date: /home/angus/path/to/colcon_ws/install/realsense2_camera_msgs/include/realsense2_camera_msgs/realsense2_camera_msgs/msg
[4.539s] -- Installing: /home/angus/path/to/colcon_ws/install/realsense2_camera_msgs/include/realsense2_camera_msgs/realsense2_camera_msgs/msg/extrinsics.hpp
[4.539s] -- Installing: /home/angus/path/to/colcon_ws/install/realsense2_camera_msgs/include/realsense2_camera_msgs/realsense2_camera_msgs/msg/metadata.hpp
[4.539s] -- Installing: /home/angus/path/to/colcon_ws/install/realsense2_camera_msgs/include/realsense2_camera_msgs/realsense2_camera_msgs/msg/rgbd.hpp
[4.539s] -- Up-to-date: /home/angus/path/to/colcon_ws/install/realsense2_camera_msgs/include/realsense2_camera_msgs/realsense2_camera_msgs/msg/detail
[4.539s] -- Installing: /home/angus/path/to/colcon_ws/install/realsense2_camera_msgs/include/realsense2_camera_msgs/realsense2_camera_msgs/msg/detail/imu_info__traits.hpp
[4.539s] -- Installing: /home/angus/path/to/colcon_ws/install/realsense2_camera_msgs/include/realsense2_camera_msgs/realsense2_camera_msgs/msg/detail/extrinsics__struct.hpp
[4.540s] -- Installing: /home/angus/path/to/colcon_ws/install/realsense2_camera_msgs/include/realsense2_camera_msgs/realsense2_camera_msgs/msg/detail/rgbd__struct.hpp
[4.540s] -- Installing: /home/angus/path/to/colcon_ws/install/realsense2_camera_msgs/include/realsense2_camera_msgs/realsense2_camera_msgs/msg/detail/rgbd__traits.hpp
[4.540s] -- Installing: /home/angus/path/to/colcon_ws/install/realsense2_camera_msgs/include/realsense2_camera_msgs/realsense2_camera_msgs/msg/detail/rgbd__builder.hpp
[4.540s] -- Installing: /home/angus/path/to/colcon_ws/install/realsense2_camera_msgs/include/realsense2_camera_msgs/realsense2_camera_msgs/msg/detail/metadata__builder.hpp
[4.540s] -- Installing: /home/angus/path/to/colcon_ws/install/realsense2_camera_msgs/include/realsense2_camera_msgs/realsense2_camera_msgs/msg/detail/extrinsics__traits.hpp
[4.540s] -- Installing: /home/angus/path/to/colcon_ws/install/realsense2_camera_msgs/include/realsense2_camera_msgs/realsense2_camera_msgs/msg/detail/metadata__struct.hpp
[4.540s] -- Installing: /home/angus/path/to/colcon_ws/install/realsense2_camera_msgs/include/realsense2_camera_msgs/realsense2_camera_msgs/msg/detail/imu_info__builder.hpp
[4.540s] -- Installing: /home/angus/path/to/colcon_ws/install/realsense2_camera_msgs/include/realsense2_camera_msgs/realsense2_camera_msgs/msg/detail/extrinsics__builder.hpp
[4.540s] -- Installing: /home/angus/path/to/colcon_ws/install/realsense2_camera_msgs/include/realsense2_camera_msgs/realsense2_camera_msgs/msg/detail/imu_info__struct.hpp
[4.540s] -- Installing: /home/angus/path/to/colcon_ws/install/realsense2_camera_msgs/include/realsense2_camera_msgs/realsense2_camera_msgs/msg/detail/metadata__traits.hpp
[4.541s] -- Installing: /home/angus/path/to/colcon_ws/install/realsense2_camera_msgs/include/realsense2_camera_msgs/realsense2_camera_msgs/msg/imu_info.hpp
[4.541s] -- Up-to-date: /home/angus/path/to/colcon_ws/install/realsense2_camera_msgs/include/realsense2_camera_msgs/realsense2_camera_msgs/srv
[4.541s] -- Up-to-date: /home/angus/path/to/colcon_ws/install/realsense2_camera_msgs/include/realsense2_camera_msgs/realsense2_camera_msgs/srv/detail
[4.541s] -- Installing: /home/angus/path/to/colcon_ws/install/realsense2_camera_msgs/include/realsense2_camera_msgs/realsense2_camera_msgs/srv/detail/device_info__traits.hpp
[4.541s] -- Installing: /home/angus/path/to/colcon_ws/install/realsense2_camera_msgs/include/realsense2_camera_msgs/realsense2_camera_msgs/srv/detail/device_info__struct.hpp
[4.541s] -- Installing: /home/angus/path/to/colcon_ws/install/realsense2_camera_msgs/include/realsense2_camera_msgs/realsense2_camera_msgs/srv/detail/device_info__builder.hpp
[4.541s] -- Installing: /home/angus/path/to/colcon_ws/install/realsense2_camera_msgs/include/realsense2_camera_msgs/realsense2_camera_msgs/srv/device_info.hpp
[4.541s] -- Up-to-date: /home/angus/path/to/colcon_ws/install/realsense2_camera_msgs/include/realsense2_camera_msgs/realsense2_camera_msgs
[4.541s] -- Up-to-date: /home/angus/path/to/colcon_ws/install/realsense2_camera_msgs/include/realsense2_camera_msgs/realsense2_camera_msgs/msg
[4.541s] -- Up-to-date: /home/angus/path/to/colcon_ws/install/realsense2_camera_msgs/include/realsense2_camera_msgs/realsense2_camera_msgs/msg/detail
[4.541s] -- Installing: /home/angus/path/to/colcon_ws/install/realsense2_camera_msgs/include/realsense2_camera_msgs/realsense2_camera_msgs/msg/detail/imu_info__rosidl_typesupport_fastrtps_cpp.hpp
[4.542s] -- Installing: /home/angus/path/to/colcon_ws/install/realsense2_camera_msgs/include/realsense2_camera_msgs/realsense2_camera_msgs/msg/detail/rgbd__rosidl_typesupport_fastrtps_cpp.hpp
[4.542s] -- Installing: /home/angus/path/to/colcon_ws/install/realsense2_camera_msgs/include/realsense2_camera_msgs/realsense2_camera_msgs/msg/detail/extrinsics__rosidl_typesupport_fastrtps_cpp.hpp
[4.542s] -- Installing: /home/angus/path/to/colcon_ws/install/realsense2_camera_msgs/include/realsense2_camera_msgs/realsense2_camera_msgs/msg/detail/dds_fastrtps
[4.542s] -- Installing: /home/angus/path/to/colcon_ws/install/realsense2_camera_msgs/include/realsense2_camera_msgs/realsense2_camera_msgs/msg/detail/metadata__rosidl_typesupport_fastrtps_cpp.hpp
[4.542s] -- Installing: /home/angus/path/to/colcon_ws/install/realsense2_camera_msgs/include/realsense2_camera_msgs/realsense2_camera_msgs/msg/rosidl_typesupport_fastrtps_cpp__visibility_control.h
[4.542s] -- Up-to-date: /home/angus/path/to/colcon_ws/install/realsense2_camera_msgs/include/realsense2_camera_msgs/realsense2_camera_msgs/srv
[4.542s] -- Up-to-date: /home/angus/path/to/colcon_ws/install/realsense2_camera_msgs/include/realsense2_camera_msgs/realsense2_camera_msgs/srv/detail
[4.542s] -- Installing: /home/angus/path/to/colcon_ws/install/realsense2_camera_msgs/include/realsense2_camera_msgs/realsense2_camera_msgs/srv/detail/device_info__rosidl_typesupport_fastrtps_cpp.hpp
[4.542s] -- Installing: /home/angus/path/to/colcon_ws/install/realsense2_camera_msgs/include/realsense2_camera_msgs/realsense2_camera_msgs/srv/detail/dds_fastrtps
[4.542s] -- Installing: /home/angus/path/to/colcon_ws/install/realsense2_camera_msgs/lib/librealsense2_camera_msgs__rosidl_typesupport_fastrtps_cpp.so
[4.542s] -- Set runtime path of "/home/angus/path/to/colcon_ws/install/realsense2_camera_msgs/lib/librealsense2_camera_msgs__rosidl_typesupport_fastrtps_cpp.so" to ""
[4.543s] -- Up-to-date: /home/angus/path/to/colcon_ws/install/realsense2_camera_msgs/include/realsense2_camera_msgs/realsense2_camera_msgs
[4.543s] -- Up-to-date: /home/angus/path/to/colcon_ws/install/realsense2_camera_msgs/include/realsense2_camera_msgs/realsense2_camera_msgs/msg
[4.543s] -- Up-to-date: /home/angus/path/to/colcon_ws/install/realsense2_camera_msgs/include/realsense2_camera_msgs/realsense2_camera_msgs/msg/detail
[4.543s] -- Installing: /home/angus/path/to/colcon_ws/install/realsense2_camera_msgs/include/realsense2_camera_msgs/realsense2_camera_msgs/msg/detail/imu_info__rosidl_typesupport_introspection_cpp.hpp
[4.543s] -- Installing: /home/angus/path/to/colcon_ws/install/realsense2_camera_msgs/include/realsense2_camera_msgs/realsense2_camera_msgs/msg/detail/extrinsics__type_support.cpp
[4.543s] -- Installing: /home/angus/path/to/colcon_ws/install/realsense2_camera_msgs/include/realsense2_camera_msgs/realsense2_camera_msgs/msg/detail/metadata__type_support.cpp
[4.543s] -- Installing: /home/angus/path/to/colcon_ws/install/realsense2_camera_msgs/include/realsense2_camera_msgs/realsense2_camera_msgs/msg/detail/rgbd__rosidl_typesupport_introspection_cpp.hpp
[4.543s] -- Installing: /home/angus/path/to/colcon_ws/install/realsense2_camera_msgs/include/realsense2_camera_msgs/realsense2_camera_msgs/msg/detail/metadata__rosidl_typesupport_introspection_cpp.hpp
[4.543s] -- Installing: /home/angus/path/to/colcon_ws/install/realsense2_camera_msgs/include/realsense2_camera_msgs/realsense2_camera_msgs/msg/detail/imu_info__type_support.cpp
[4.543s] -- Installing: /home/angus/path/to/colcon_ws/install/realsense2_camera_msgs/include/realsense2_camera_msgs/realsense2_camera_msgs/msg/detail/extrinsics__rosidl_typesupport_introspection_cpp.hpp
[4.543s] -- Installing: /home/angus/path/to/colcon_ws/install/realsense2_camera_msgs/include/realsense2_camera_msgs/realsense2_camera_msgs/msg/detail/rgbd__type_support.cpp
[4.544s] -- Up-to-date: /home/angus/path/to/colcon_ws/install/realsense2_camera_msgs/include/realsense2_camera_msgs/realsense2_camera_msgs/srv
[4.544s] -- Up-to-date: /home/angus/path/to/colcon_ws/install/realsense2_camera_msgs/include/realsense2_camera_msgs/realsense2_camera_msgs/srv/detail
[4.544s] -- Installing: /home/angus/path/to/colcon_ws/install/realsense2_camera_msgs/include/realsense2_camera_msgs/realsense2_camera_msgs/srv/detail/device_info__type_support.cpp
[4.544s] -- Installing: /home/angus/path/to/colcon_ws/install/realsense2_camera_msgs/include/realsense2_camera_msgs/realsense2_camera_msgs/srv/detail/device_info__rosidl_typesupport_introspection_cpp.hpp
[4.544s] -- Installing: /home/angus/path/to/colcon_ws/install/realsense2_camera_msgs/lib/librealsense2_camera_msgs__rosidl_typesupport_introspection_cpp.so
[4.544s] -- Set runtime path of "/home/angus/path/to/colcon_ws/install/realsense2_camera_msgs/lib/librealsense2_camera_msgs__rosidl_typesupport_introspection_cpp.so" to ""
[4.544s] -- Installing: /home/angus/path/to/colcon_ws/install/realsense2_camera_msgs/lib/librealsense2_camera_msgs__rosidl_typesupport_cpp.so
[4.545s] -- Set runtime path of "/home/angus/path/to/colcon_ws/install/realsense2_camera_msgs/lib/librealsense2_camera_msgs__rosidl_typesupport_cpp.so" to ""
[4.545s] -- Installing: /home/angus/path/to/colcon_ws/install/realsense2_camera_msgs/share/realsense2_camera_msgs/environment/pythonpath.sh
[4.545s] -- Installing: /home/angus/path/to/colcon_ws/install/realsense2_camera_msgs/share/realsense2_camera_msgs/environment/pythonpath.dsv
[4.545s] -- Installing: /home/angus/path/to/colcon_ws/install/realsense2_camera_msgs/local/lib/python3.10/dist-packages/realsense2_camera_msgs-4.55.1-py3.10.egg-info
[4.545s] -- Installing: /home/angus/path/to/colcon_ws/install/realsense2_camera_msgs/local/lib/python3.10/dist-packages/realsense2_camera_msgs-4.55.1-py3.10.egg-info/dependency_links.txt
[4.545s] -- Installing: /home/angus/path/to/colcon_ws/install/realsense2_camera_msgs/local/lib/python3.10/dist-packages/realsense2_camera_msgs-4.55.1-py3.10.egg-info/top_level.txt
[4.545s] -- Installing: /home/angus/path/to/colcon_ws/install/realsense2_camera_msgs/local/lib/python3.10/dist-packages/realsense2_camera_msgs-4.55.1-py3.10.egg-info/PKG-INFO
[4.545s] -- Installing: /home/angus/path/to/colcon_ws/install/realsense2_camera_msgs/local/lib/python3.10/dist-packages/realsense2_camera_msgs-4.55.1-py3.10.egg-info/SOURCES.txt
[4.545s] -- Installing: /home/angus/path/to/colcon_ws/install/realsense2_camera_msgs/local/lib/python3.10/dist-packages/realsense2_camera_msgs
[4.546s] -- Installing: /home/angus/path/to/colcon_ws/install/realsense2_camera_msgs/local/lib/python3.10/dist-packages/realsense2_camera_msgs/_realsense2_camera_msgs_s.ep.rosidl_typesupport_introspection_c.c
[4.546s] -- Installing: /home/angus/path/to/colcon_ws/install/realsense2_camera_msgs/local/lib/python3.10/dist-packages/realsense2_camera_msgs/realsense2_camera_msgs_s__rosidl_typesupport_fastrtps_c.cpython-310-x86_64-linux-gnu.so
[4.546s] -- Installing: /home/angus/path/to/colcon_ws/install/realsense2_camera_msgs/local/lib/python3.10/dist-packages/realsense2_camera_msgs/librealsense2_camera_msgs__rosidl_generator_py.so
[4.546s] -- Installing: /home/angus/path/to/colcon_ws/install/realsense2_camera_msgs/local/lib/python3.10/dist-packages/realsense2_camera_msgs/__init__.py
[4.546s] -- Installing: /home/angus/path/to/colcon_ws/install/realsense2_camera_msgs/local/lib/python3.10/dist-packages/realsense2_camera_msgs/msg
[4.546s] -- Installing: /home/angus/path/to/colcon_ws/install/realsense2_camera_msgs/local/lib/python3.10/dist-packages/realsense2_camera_msgs/msg/_extrinsics_s.c
[4.546s] -- Installing: /home/angus/path/to/colcon_ws/install/realsense2_camera_msgs/local/lib/python3.10/dist-packages/realsense2_camera_msgs/msg/__init__.py
[4.546s] -- Installing: /home/angus/path/to/colcon_ws/install/realsense2_camera_msgs/local/lib/python3.10/dist-packages/realsense2_camera_msgs/msg/_rgbd.py
[4.546s] -- Installing: /home/angus/path/to/colcon_ws/install/realsense2_camera_msgs/local/lib/python3.10/dist-packages/realsense2_camera_msgs/msg/_metadata.py
[4.547s] -- Installing: /home/angus/path/to/colcon_ws/install/realsense2_camera_msgs/local/lib/python3.10/dist-packages/realsense2_camera_msgs/msg/_metadata_s.c
[4.547s] -- Installing: /home/angus/path/to/colcon_ws/install/realsense2_camera_msgs/local/lib/python3.10/dist-packages/realsense2_camera_msgs/msg/_imu_info_s.c
[4.547s] -- Installing: /home/angus/path/to/colcon_ws/install/realsense2_camera_msgs/local/lib/python3.10/dist-packages/realsense2_camera_msgs/msg/_imu_info.py
[4.547s] -- Installing: /home/angus/path/to/colcon_ws/install/realsense2_camera_msgs/local/lib/python3.10/dist-packages/realsense2_camera_msgs/msg/_rgbd_s.c
[4.547s] -- Installing: /home/angus/path/to/colcon_ws/install/realsense2_camera_msgs/local/lib/python3.10/dist-packages/realsense2_camera_msgs/msg/_extrinsics.py
[4.547s] -- Installing: /home/angus/path/to/colcon_ws/install/realsense2_camera_msgs/local/lib/python3.10/dist-packages/realsense2_camera_msgs/_realsense2_camera_msgs_s.ep.rosidl_typesupport_c.c
[4.547s] -- Installing: /home/angus/path/to/colcon_ws/install/realsense2_camera_msgs/local/lib/python3.10/dist-packages/realsense2_camera_msgs/realsense2_camera_msgs_s__rosidl_typesupport_c.cpython-310-x86_64-linux-gnu.so
[4.547s] -- Installing: /home/angus/path/to/colcon_ws/install/realsense2_camera_msgs/local/lib/python3.10/dist-packages/realsense2_camera_msgs/realsense2_camera_msgs_s__rosidl_typesupport_introspection_c.cpython-310-x86_64-linux-gnu.so
[4.548s] -- Installing: /home/angus/path/to/colcon_ws/install/realsense2_camera_msgs/local/lib/python3.10/dist-packages/realsense2_camera_msgs/srv
[4.548s] -- Installing: /home/angus/path/to/colcon_ws/install/realsense2_camera_msgs/local/lib/python3.10/dist-packages/realsense2_camera_msgs/srv/_device_info_s.c
[4.548s] -- Installing: /home/angus/path/to/colcon_ws/install/realsense2_camera_msgs/local/lib/python3.10/dist-packages/realsense2_camera_msgs/srv/__init__.py
[4.548s] -- Installing: /home/angus/path/to/colcon_ws/install/realsense2_camera_msgs/local/lib/python3.10/dist-packages/realsense2_camera_msgs/srv/_device_info.py
[4.548s] -- Installing: /home/angus/path/to/colcon_ws/install/realsense2_camera_msgs/local/lib/python3.10/dist-packages/realsense2_camera_msgs/_realsense2_camera_msgs_s.ep.rosidl_typesupport_fastrtps_c.c
[4.577s] Listing '/home/angus/path/to/colcon_ws/install/realsense2_camera_msgs/local/lib/python3.10/dist-packages/realsense2_camera_msgs'...
[4.577s] Compiling '/home/angus/path/to/colcon_ws/install/realsense2_camera_msgs/local/lib/python3.10/dist-packages/realsense2_camera_msgs/__init__.py'...
[4.577s] Listing '/home/angus/path/to/colcon_ws/install/realsense2_camera_msgs/local/lib/python3.10/dist-packages/realsense2_camera_msgs/msg'...
[4.577s] Compiling '/home/angus/path/to/colcon_ws/install/realsense2_camera_msgs/local/lib/python3.10/dist-packages/realsense2_camera_msgs/msg/__init__.py'...
[4.577s] Compiling '/home/angus/path/to/colcon_ws/install/realsense2_camera_msgs/local/lib/python3.10/dist-packages/realsense2_camera_msgs/msg/_extrinsics.py'...
[4.578s] Compiling '/home/angus/path/to/colcon_ws/install/realsense2_camera_msgs/local/lib/python3.10/dist-packages/realsense2_camera_msgs/msg/_imu_info.py'...
[4.578s] Compiling '/home/angus/path/to/colcon_ws/install/realsense2_camera_msgs/local/lib/python3.10/dist-packages/realsense2_camera_msgs/msg/_metadata.py'...
[4.578s] Compiling '/home/angus/path/to/colcon_ws/install/realsense2_camera_msgs/local/lib/python3.10/dist-packages/realsense2_camera_msgs/msg/_rgbd.py'...
[4.578s] Listing '/home/angus/path/to/colcon_ws/install/realsense2_camera_msgs/local/lib/python3.10/dist-packages/realsense2_camera_msgs/srv'...
[4.578s] Compiling '/home/angus/path/to/colcon_ws/install/realsense2_camera_msgs/local/lib/python3.10/dist-packages/realsense2_camera_msgs/srv/__init__.py'...
[4.578s] Compiling '/home/angus/path/to/colcon_ws/install/realsense2_camera_msgs/local/lib/python3.10/dist-packages/realsense2_camera_msgs/srv/_device_info.py'...
[4.581s] -- Installing: /home/angus/path/to/colcon_ws/install/realsense2_camera_msgs/local/lib/python3.10/dist-packages/realsense2_camera_msgs/realsense2_camera_msgs_s__rosidl_typesupport_fastrtps_c.cpython-310-x86_64-linux-gnu.so
[4.581s] -- Set runtime path of "/home/angus/path/to/colcon_ws/install/realsense2_camera_msgs/local/lib/python3.10/dist-packages/realsense2_camera_msgs/realsense2_camera_msgs_s__rosidl_typesupport_fastrtps_c.cpython-310-x86_64-linux-gnu.so" to ""
[4.581s] -- Installing: /home/angus/path/to/colcon_ws/install/realsense2_camera_msgs/local/lib/python3.10/dist-packages/realsense2_camera_msgs/realsense2_camera_msgs_s__rosidl_typesupport_introspection_c.cpython-310-x86_64-linux-gnu.so
[4.581s] -- Set runtime path of "/home/angus/path/to/colcon_ws/install/realsense2_camera_msgs/local/lib/python3.10/dist-packages/realsense2_camera_msgs/realsense2_camera_msgs_s__rosidl_typesupport_introspection_c.cpython-310-x86_64-linux-gnu.so" to ""
[4.582s] -- Installing: /home/angus/path/to/colcon_ws/install/realsense2_camera_msgs/local/lib/python3.10/dist-packages/realsense2_camera_msgs/realsense2_camera_msgs_s__rosidl_typesupport_c.cpython-310-x86_64-linux-gnu.so
[4.582s] -- Set runtime path of "/home/angus/path/to/colcon_ws/install/realsense2_camera_msgs/local/lib/python3.10/dist-packages/realsense2_camera_msgs/realsense2_camera_msgs_s__rosidl_typesupport_c.cpython-310-x86_64-linux-gnu.so" to ""
[4.582s] -- Installing: /home/angus/path/to/colcon_ws/install/realsense2_camera_msgs/lib/librealsense2_camera_msgs__rosidl_generator_py.so
[4.582s] -- Set runtime path of "/home/angus/path/to/colcon_ws/install/realsense2_camera_msgs/lib/librealsense2_camera_msgs__rosidl_generator_py.so" to ""
[4.582s] -- Installing: /home/angus/path/to/colcon_ws/install/realsense2_camera_msgs/share/realsense2_camera_msgs/msg/IMUInfo.idl
[4.582s] -- Installing: /home/angus/path/to/colcon_ws/install/realsense2_camera_msgs/share/realsense2_camera_msgs/msg/Extrinsics.idl
[4.583s] -- Installing: /home/angus/path/to/colcon_ws/install/realsense2_camera_msgs/share/realsense2_camera_msgs/msg/Metadata.idl
[4.583s] -- Installing: /home/angus/path/to/colcon_ws/install/realsense2_camera_msgs/share/realsense2_camera_msgs/msg/RGBD.idl
[4.583s] -- Installing: /home/angus/path/to/colcon_ws/install/realsense2_camera_msgs/share/realsense2_camera_msgs/srv/DeviceInfo.idl
[4.583s] -- Installing: /home/angus/path/to/colcon_ws/install/realsense2_camera_msgs/share/realsense2_camera_msgs/msg/IMUInfo.msg
[4.583s] -- Installing: /home/angus/path/to/colcon_ws/install/realsense2_camera_msgs/share/realsense2_camera_msgs/msg/Extrinsics.msg
[4.583s] -- Installing: /home/angus/path/to/colcon_ws/install/realsense2_camera_msgs/share/realsense2_camera_msgs/msg/Metadata.msg
[4.583s] -- Installing: /home/angus/path/to/colcon_ws/install/realsense2_camera_msgs/share/realsense2_camera_msgs/msg/RGBD.msg
[4.583s] -- Installing: /home/angus/path/to/colcon_ws/install/realsense2_camera_msgs/share/realsense2_camera_msgs/srv/DeviceInfo.srv
[4.584s] -- Installing: /home/angus/path/to/colcon_ws/install/realsense2_camera_msgs/share/realsense2_camera_msgs/srv/DeviceInfo_Request.msg
[4.584s] -- Installing: /home/angus/path/to/colcon_ws/install/realsense2_camera_msgs/share/realsense2_camera_msgs/srv/DeviceInfo_Response.msg
[4.584s] -- Installing: /home/angus/path/to/colcon_ws/install/realsense2_camera_msgs/share/ament_index/resource_index/package_run_dependencies/realsense2_camera_msgs
[4.584s] -- Installing: /home/angus/path/to/colcon_ws/install/realsense2_camera_msgs/share/ament_index/resource_index/parent_prefix_path/realsense2_camera_msgs
[4.584s] -- Installing: /home/angus/path/to/colcon_ws/install/realsense2_camera_msgs/share/realsense2_camera_msgs/environment/ament_prefix_path.sh
[4.584s] -- Installing: /home/angus/path/to/colcon_ws/install/realsense2_camera_msgs/share/realsense2_camera_msgs/environment/ament_prefix_path.dsv
[4.584s] -- Installing: /home/angus/path/to/colcon_ws/install/realsense2_camera_msgs/share/realsense2_camera_msgs/environment/path.sh
[4.585s] -- Installing: /home/angus/path/to/colcon_ws/install/realsense2_camera_msgs/share/realsense2_camera_msgs/environment/path.dsv
[4.585s] -- Installing: /home/angus/path/to/colcon_ws/install/realsense2_camera_msgs/share/realsense2_camera_msgs/local_setup.bash
[4.585s] -- Installing: /home/angus/path/to/colcon_ws/install/realsense2_camera_msgs/share/realsense2_camera_msgs/local_setup.sh
[4.585s] -- Installing: /home/angus/path/to/colcon_ws/install/realsense2_camera_msgs/share/realsense2_camera_msgs/local_setup.zsh
[4.585s] -- Installing: /home/angus/path/to/colcon_ws/install/realsense2_camera_msgs/share/realsense2_camera_msgs/local_setup.dsv
[4.585s] -- Installing: /home/angus/path/to/colcon_ws/install/realsense2_camera_msgs/share/realsense2_camera_msgs/package.dsv
[4.585s] -- Installing: /home/angus/path/to/colcon_ws/install/realsense2_camera_msgs/share/ament_index/resource_index/packages/realsense2_camera_msgs
[4.586s] -- Installing: /home/angus/path/to/colcon_ws/install/realsense2_camera_msgs/share/realsense2_camera_msgs/cmake/export_realsense2_camera_msgs__rosidl_generator_cExport.cmake
[4.586s] -- Installing: /home/angus/path/to/colcon_ws/install/realsense2_camera_msgs/share/realsense2_camera_msgs/cmake/export_realsense2_camera_msgs__rosidl_generator_cExport-noconfig.cmake
[4.586s] -- Installing: /home/angus/path/to/colcon_ws/install/realsense2_camera_msgs/share/realsense2_camera_msgs/cmake/export_realsense2_camera_msgs__rosidl_typesupport_fastrtps_cExport.cmake
[4.586s] -- Installing: /home/angus/path/to/colcon_ws/install/realsense2_camera_msgs/share/realsense2_camera_msgs/cmake/export_realsense2_camera_msgs__rosidl_typesupport_fastrtps_cExport-noconfig.cmake
[4.586s] -- Installing: /home/angus/path/to/colcon_ws/install/realsense2_camera_msgs/share/realsense2_camera_msgs/cmake/realsense2_camera_msgs__rosidl_typesupport_introspection_cExport.cmake
[4.586s] -- Installing: /home/angus/path/to/colcon_ws/install/realsense2_camera_msgs/share/realsense2_camera_msgs/cmake/realsense2_camera_msgs__rosidl_typesupport_introspection_cExport-noconfig.cmake
[4.586s] -- Installing: /home/angus/path/to/colcon_ws/install/realsense2_camera_msgs/share/realsense2_camera_msgs/cmake/realsense2_camera_msgs__rosidl_typesupport_cExport.cmake
[4.587s] -- Installing: /home/angus/path/to/colcon_ws/install/realsense2_camera_msgs/share/realsense2_camera_msgs/cmake/realsense2_camera_msgs__rosidl_typesupport_cExport-noconfig.cmake
[4.587s] -- Installing: /home/angus/path/to/colcon_ws/install/realsense2_camera_msgs/share/realsense2_camera_msgs/cmake/export_realsense2_camera_msgs__rosidl_generator_cppExport.cmake
[4.587s] -- Installing: /home/angus/path/to/colcon_ws/install/realsense2_camera_msgs/share/realsense2_camera_msgs/cmake/export_realsense2_camera_msgs__rosidl_typesupport_fastrtps_cppExport.cmake
[4.587s] -- Installing: /home/angus/path/to/colcon_ws/install/realsense2_camera_msgs/share/realsense2_camera_msgs/cmake/export_realsense2_camera_msgs__rosidl_typesupport_fastrtps_cppExport-noconfig.cmake
[4.587s] -- Installing: /home/angus/path/to/colcon_ws/install/realsense2_camera_msgs/share/realsense2_camera_msgs/cmake/realsense2_camera_msgs__rosidl_typesupport_introspection_cppExport.cmake
[4.587s] -- Installing: /home/angus/path/to/colcon_ws/install/realsense2_camera_msgs/share/realsense2_camera_msgs/cmake/realsense2_camera_msgs__rosidl_typesupport_introspection_cppExport-noconfig.cmake
[4.587s] -- Installing: /home/angus/path/to/colcon_ws/install/realsense2_camera_msgs/share/realsense2_camera_msgs/cmake/realsense2_camera_msgs__rosidl_typesupport_cppExport.cmake
[4.588s] -- Installing: /home/angus/path/to/colcon_ws/install/realsense2_camera_msgs/share/realsense2_camera_msgs/cmake/realsense2_camera_msgs__rosidl_typesupport_cppExport-noconfig.cmake
[4.588s] -- Installing: /home/angus/path/to/colcon_ws/install/realsense2_camera_msgs/share/realsense2_camera_msgs/cmake/export_realsense2_camera_msgs__rosidl_generator_pyExport.cmake
[4.588s] -- Installing: /home/angus/path/to/colcon_ws/install/realsense2_camera_msgs/share/realsense2_camera_msgs/cmake/export_realsense2_camera_msgs__rosidl_generator_pyExport-noconfig.cmake
[4.588s] -- Installing: /home/angus/path/to/colcon_ws/install/realsense2_camera_msgs/share/realsense2_camera_msgs/cmake/rosidl_cmake-extras.cmake
[4.588s] -- Installing: /home/angus/path/to/colcon_ws/install/realsense2_camera_msgs/share/realsense2_camera_msgs/cmake/ament_cmake_export_dependencies-extras.cmake
[4.588s] -- Installing: /home/angus/path/to/colcon_ws/install/realsense2_camera_msgs/share/realsense2_camera_msgs/cmake/ament_cmake_export_include_directories-extras.cmake
[4.588s] -- Installing: /home/angus/path/to/colcon_ws/install/realsense2_camera_msgs/share/realsense2_camera_msgs/cmake/ament_cmake_export_libraries-extras.cmake
[4.589s] -- Installing: /home/angus/path/to/colcon_ws/install/realsense2_camera_msgs/share/realsense2_camera_msgs/cmake/ament_cmake_export_targets-extras.cmake
[4.589s] -- Installing: /home/angus/path/to/colcon_ws/install/realsense2_camera_msgs/share/realsense2_camera_msgs/cmake/rosidl_cmake_export_typesupport_targets-extras.cmake
[4.589s] -- Installing: /home/angus/path/to/colcon_ws/install/realsense2_camera_msgs/share/realsense2_camera_msgs/cmake/rosidl_cmake_export_typesupport_libraries-extras.cmake
[4.589s] -- Installing: /home/angus/path/to/colcon_ws/install/realsense2_camera_msgs/share/realsense2_camera_msgs/cmake/realsense2_camera_msgsConfig.cmake
[4.589s] -- Installing: /home/angus/path/to/colcon_ws/install/realsense2_camera_msgs/share/realsense2_camera_msgs/cmake/realsense2_camera_msgsConfig-version.cmake
[4.589s] -- Installing: /home/angus/path/to/colcon_ws/install/realsense2_camera_msgs/share/realsense2_camera_msgs/package.xml
[4.592s] Invoked command in '/home/angus/path/to/colcon_ws/build/realsense2_camera_msgs' returned '0': CMAKE_PREFIX_PATH=${CMAKE_PREFIX_PATH}:/home/angus/ros2_ws/install/sjtu_drone_control:/home/angus/ros2_ws/install/sjtu_drone_bringup:/opt/ros/humble /usr/bin/cmake --install /home/angus/path/to/colcon_ws/build/realsense2_camera_msgs
