[  2%] [34m[1mGenerating C code for ROS interfaces[0m
[  5%] [34m[1mGenerating C++ code for ROS interfaces[0m
[  5%] Built target ament_cmake_python_copy_aruco_msgs
running egg_info
creating aruco_msgs.egg-info
writing aruco_msgs.egg-info/PKG-INFO
writing dependency_links to aruco_msgs.egg-info/dependency_links.txt
writing top-level names to aruco_msgs.egg-info/top_level.txt
writing manifest file 'aruco_msgs.egg-info/SOURCES.txt'
reading manifest file 'aruco_msgs.egg-info/SOURCES.txt'
writing manifest file 'aruco_msgs.egg-info/SOURCES.txt'
[  5%] Built target aruco_msgs__cpp
[  7%] [34m[1mGenerating C++ type support for eProsima Fast-RTPS[0m
[ 10%] [34m[1mGenerating C++ type support dispatch for ROS interfaces[0m
[ 10%] Built target ament_cmake_python_build_aruco_msgs_egg
[ 12%] [34m[1mGenerating C++ introspection for ROS interfaces[0m
[ 15%] [32mBuilding C object CMakeFiles/aruco_msgs__rosidl_generator_c.dir/rosidl_generator_c/aruco_msgs/msg/detail/marker__functions.c.o[0m
[ 17%] [32mBuilding C object CMakeFiles/aruco_msgs__rosidl_generator_c.dir/rosidl_generator_c/aruco_msgs/msg/detail/marker_array__functions.c.o[0m
[ 20%] [32m[1mLinking C shared library libaruco_msgs__rosidl_generator_c.so[0m
[ 20%] Built target aruco_msgs__rosidl_generator_c
[ 23%] [34m[1mGenerating C type support for eProsima Fast-RTPS[0m
[ 25%] [34m[1mGenerating C introspection for ROS interfaces[0m
[ 28%] [34m[1mGenerating C type support dispatch for ROS interfaces[0m
[ 30%] [32mBuilding CXX object CMakeFiles/aruco_msgs__rosidl_typesupport_cpp.dir/rosidl_typesupport_cpp/aruco_msgs/msg/marker_array__type_support.cpp.o[0m
[ 33%] [32mBuilding CXX object CMakeFiles/aruco_msgs__rosidl_typesupport_cpp.dir/rosidl_typesupport_cpp/aruco_msgs/msg/marker__type_support.cpp.o[0m
[ 35%] [32mBuilding CXX object CMakeFiles/aruco_msgs__rosidl_typesupport_fastrtps_cpp.dir/rosidl_typesupport_fastrtps_cpp/aruco_msgs/msg/detail/dds_fastrtps/marker__type_support.cpp.o[0m
[ 38%] [32mBuilding CXX object CMakeFiles/aruco_msgs__rosidl_typesupport_fastrtps_cpp.dir/rosidl_typesupport_fastrtps_cpp/aruco_msgs/msg/detail/dds_fastrtps/marker_array__type_support.cpp.o[0m
[ 41%] [32mBuilding CXX object CMakeFiles/aruco_msgs__rosidl_typesupport_introspection_cpp.dir/rosidl_typesupport_introspection_cpp/aruco_msgs/msg/detail/marker__type_support.cpp.o[0m
[ 43%] [32mBuilding CXX object CMakeFiles/aruco_msgs__rosidl_typesupport_introspection_cpp.dir/rosidl_typesupport_introspection_cpp/aruco_msgs/msg/detail/marker_array__type_support.cpp.o[0m
[ 46%] [32mBuilding CXX object CMakeFiles/aruco_msgs__rosidl_typesupport_fastrtps_c.dir/rosidl_typesupport_fastrtps_c/aruco_msgs/msg/detail/marker__type_support_c.cpp.o[0m
[ 48%] [32mBuilding C object CMakeFiles/aruco_msgs__rosidl_typesupport_introspection_c.dir/rosidl_typesupport_introspection_c/aruco_msgs/msg/detail/marker_array__type_support.c.o[0m
[ 51%] [32mBuilding C object CMakeFiles/aruco_msgs__rosidl_typesupport_introspection_c.dir/rosidl_typesupport_introspection_c/aruco_msgs/msg/detail/marker__type_support.c.o[0m
[ 53%] [32mBuilding CXX object CMakeFiles/aruco_msgs__rosidl_typesupport_fastrtps_c.dir/rosidl_typesupport_fastrtps_c/aruco_msgs/msg/detail/marker_array__type_support_c.cpp.o[0m
[ 56%] [32mBuilding CXX object CMakeFiles/aruco_msgs__rosidl_typesupport_c.dir/rosidl_typesupport_c/aruco_msgs/msg/marker_array__type_support.cpp.o[0m
[ 58%] [32mBuilding CXX object CMakeFiles/aruco_msgs__rosidl_typesupport_c.dir/rosidl_typesupport_c/aruco_msgs/msg/marker__type_support.cpp.o[0m
[ 61%] [32m[1mLinking CXX shared library libaruco_msgs__rosidl_typesupport_cpp.so[0m
[ 64%] [32m[1mLinking C shared library libaruco_msgs__rosidl_typesupport_introspection_c.so[0m
[ 66%] [32m[1mLinking CXX shared library libaruco_msgs__rosidl_typesupport_c.so[0m
[ 66%] Built target aruco_msgs__rosidl_typesupport_introspection_c
[ 66%] Built target aruco_msgs__rosidl_typesupport_cpp
[ 69%] [32m[1mLinking CXX shared library libaruco_msgs__rosidl_typesupport_fastrtps_cpp.so[0m
[ 69%] Built target aruco_msgs__rosidl_typesupport_c
[ 71%] [32m[1mLinking CXX shared library libaruco_msgs__rosidl_typesupport_introspection_cpp.so[0m
[ 74%] [32m[1mLinking CXX shared library libaruco_msgs__rosidl_typesupport_fastrtps_c.so[0m
[ 74%] Built target aruco_msgs__rosidl_typesupport_fastrtps_cpp
[ 74%] Built target aruco_msgs__rosidl_typesupport_introspection_cpp
[ 74%] Built target aruco_msgs__rosidl_typesupport_fastrtps_c
[ 74%] Built target aruco_msgs
[ 76%] [34m[1mGenerating Python code for ROS interfaces[0m
[ 76%] Built target aruco_msgs__py
[ 82%] [32mBuilding C object CMakeFiles/aruco_msgs__rosidl_generator_py.dir/rosidl_generator_py/aruco_msgs/msg/_marker_array_s.c.o[0m
[ 82%] [32mBuilding C object CMakeFiles/aruco_msgs__rosidl_generator_py.dir/rosidl_generator_py/aruco_msgs/msg/_marker_s.c.o[0m
[ 84%] [32m[1mLinking C shared library rosidl_generator_py/aruco_msgs/libaruco_msgs__rosidl_generator_py.so[0m
[ 84%] Built target aruco_msgs__rosidl_generator_py
[ 92%] [32mBuilding C object CMakeFiles/aruco_msgs__rosidl_typesupport_introspection_c__pyext.dir/rosidl_generator_py/aruco_msgs/_aruco_msgs_s.ep.rosidl_typesupport_introspection_c.c.o[0m
[ 92%] [32mBuilding C object CMakeFiles/aruco_msgs__rosidl_typesupport_c__pyext.dir/rosidl_generator_py/aruco_msgs/_aruco_msgs_s.ep.rosidl_typesupport_c.c.o[0m
[ 92%] [32mBuilding C object CMakeFiles/aruco_msgs__rosidl_typesupport_fastrtps_c__pyext.dir/rosidl_generator_py/aruco_msgs/_aruco_msgs_s.ep.rosidl_typesupport_fastrtps_c.c.o[0m
[100%] [32m[1mLinking C shared library rosidl_generator_py/aruco_msgs/aruco_msgs_s__rosidl_typesupport_introspection_c.cpython-310-x86_64-linux-gnu.so[0m
[100%] [32m[1mLinking C shared library rosidl_generator_py/aruco_msgs/aruco_msgs_s__rosidl_typesupport_c.cpython-310-x86_64-linux-gnu.so[0m
[100%] [32m[1mLinking C shared library rosidl_generator_py/aruco_msgs/aruco_msgs_s__rosidl_typesupport_fastrtps_c.cpython-310-x86_64-linux-gnu.so[0m
[100%] Built target aruco_msgs__rosidl_typesupport_fastrtps_c__pyext
[100%] Built target aruco_msgs__rosidl_typesupport_introspection_c__pyext
[100%] Built target aruco_msgs__rosidl_typesupport_c__pyext
-- Install configuration: ""
-- Installing: /home/angus/path/to/colcon_ws/install/aruco_msgs/share/ament_index/resource_index/rosidl_interfaces/aruco_msgs
-- Installing: /home/angus/path/to/colcon_ws/install/aruco_msgs/include/aruco_msgs/aruco_msgs
-- Installing: /home/angus/path/to/colcon_ws/install/aruco_msgs/include/aruco_msgs/aruco_msgs/msg
-- Installing: /home/angus/path/to/colcon_ws/install/aruco_msgs/include/aruco_msgs/aruco_msgs/msg/rosidl_generator_c__visibility_control.h
-- Installing: /home/angus/path/to/colcon_ws/install/aruco_msgs/include/aruco_msgs/aruco_msgs/msg/marker.h
-- Installing: /home/angus/path/to/colcon_ws/install/aruco_msgs/include/aruco_msgs/aruco_msgs/msg/marker_array.h
-- Installing: /home/angus/path/to/colcon_ws/install/aruco_msgs/include/aruco_msgs/aruco_msgs/msg/detail
-- Installing: /home/angus/path/to/colcon_ws/install/aruco_msgs/include/aruco_msgs/aruco_msgs/msg/detail/marker__struct.h
-- Installing: /home/angus/path/to/colcon_ws/install/aruco_msgs/include/aruco_msgs/aruco_msgs/msg/detail/marker__type_support.h
-- Installing: /home/angus/path/to/colcon_ws/install/aruco_msgs/include/aruco_msgs/aruco_msgs/msg/detail/marker_array__functions.c
-- Installing: /home/angus/path/to/colcon_ws/install/aruco_msgs/include/aruco_msgs/aruco_msgs/msg/detail/marker__functions.c
-- Installing: /home/angus/path/to/colcon_ws/install/aruco_msgs/include/aruco_msgs/aruco_msgs/msg/detail/marker_array__struct.h
-- Installing: /home/angus/path/to/colcon_ws/install/aruco_msgs/include/aruco_msgs/aruco_msgs/msg/detail/marker_array__type_support.h
-- Installing: /home/angus/path/to/colcon_ws/install/aruco_msgs/include/aruco_msgs/aruco_msgs/msg/detail/marker__functions.h
-- Installing: /home/angus/path/to/colcon_ws/install/aruco_msgs/include/aruco_msgs/aruco_msgs/msg/detail/marker_array__functions.h
-- Installing: /home/angus/path/to/colcon_ws/install/aruco_msgs/share/aruco_msgs/environment/library_path.sh
-- Installing: /home/angus/path/to/colcon_ws/install/aruco_msgs/share/aruco_msgs/environment/library_path.dsv
-- Installing: /home/angus/path/to/colcon_ws/install/aruco_msgs/lib/libaruco_msgs__rosidl_generator_c.so
-- Set runtime path of "/home/angus/path/to/colcon_ws/install/aruco_msgs/lib/libaruco_msgs__rosidl_generator_c.so" to ""
-- Up-to-date: /home/angus/path/to/colcon_ws/install/aruco_msgs/include/aruco_msgs/aruco_msgs
-- Up-to-date: /home/angus/path/to/colcon_ws/install/aruco_msgs/include/aruco_msgs/aruco_msgs/msg
-- Up-to-date: /home/angus/path/to/colcon_ws/install/aruco_msgs/include/aruco_msgs/aruco_msgs/msg/detail
-- Installing: /home/angus/path/to/colcon_ws/install/aruco_msgs/include/aruco_msgs/aruco_msgs/msg/detail/marker__rosidl_typesupport_fastrtps_c.h
-- Installing: /home/angus/path/to/colcon_ws/install/aruco_msgs/include/aruco_msgs/aruco_msgs/msg/detail/marker_array__rosidl_typesupport_fastrtps_c.h
-- Installing: /home/angus/path/to/colcon_ws/install/aruco_msgs/include/aruco_msgs/aruco_msgs/msg/rosidl_typesupport_fastrtps_c__visibility_control.h
-- Installing: /home/angus/path/to/colcon_ws/install/aruco_msgs/lib/libaruco_msgs__rosidl_typesupport_fastrtps_c.so
-- Set runtime path of "/home/angus/path/to/colcon_ws/install/aruco_msgs/lib/libaruco_msgs__rosidl_typesupport_fastrtps_c.so" to ""
-- Up-to-date: /home/angus/path/to/colcon_ws/install/aruco_msgs/include/aruco_msgs/aruco_msgs
-- Up-to-date: /home/angus/path/to/colcon_ws/install/aruco_msgs/include/aruco_msgs/aruco_msgs/msg
-- Installing: /home/angus/path/to/colcon_ws/install/aruco_msgs/include/aruco_msgs/aruco_msgs/msg/marker_array.hpp
-- Installing: /home/angus/path/to/colcon_ws/install/aruco_msgs/include/aruco_msgs/aruco_msgs/msg/marker.hpp
-- Up-to-date: /home/angus/path/to/colcon_ws/install/aruco_msgs/include/aruco_msgs/aruco_msgs/msg/detail
-- Installing: /home/angus/path/to/colcon_ws/install/aruco_msgs/include/aruco_msgs/aruco_msgs/msg/detail/marker__traits.hpp
-- Installing: /home/angus/path/to/colcon_ws/install/aruco_msgs/include/aruco_msgs/aruco_msgs/msg/detail/marker_array__struct.hpp
-- Installing: /home/angus/path/to/colcon_ws/install/aruco_msgs/include/aruco_msgs/aruco_msgs/msg/detail/marker__builder.hpp
-- Installing: /home/angus/path/to/colcon_ws/install/aruco_msgs/include/aruco_msgs/aruco_msgs/msg/detail/marker_array__traits.hpp
-- Installing: /home/angus/path/to/colcon_ws/install/aruco_msgs/include/aruco_msgs/aruco_msgs/msg/detail/marker__struct.hpp
-- Installing: /home/angus/path/to/colcon_ws/install/aruco_msgs/include/aruco_msgs/aruco_msgs/msg/detail/marker_array__builder.hpp
-- Up-to-date: /home/angus/path/to/colcon_ws/install/aruco_msgs/include/aruco_msgs/aruco_msgs
-- Up-to-date: /home/angus/path/to/colcon_ws/install/aruco_msgs/include/aruco_msgs/aruco_msgs/msg
-- Up-to-date: /home/angus/path/to/colcon_ws/install/aruco_msgs/include/aruco_msgs/aruco_msgs/msg/detail
-- Installing: /home/angus/path/to/colcon_ws/install/aruco_msgs/include/aruco_msgs/aruco_msgs/msg/detail/marker_array__rosidl_typesupport_fastrtps_cpp.hpp
-- Installing: /home/angus/path/to/colcon_ws/install/aruco_msgs/include/aruco_msgs/aruco_msgs/msg/detail/marker__rosidl_typesupport_fastrtps_cpp.hpp
-- Installing: /home/angus/path/to/colcon_ws/install/aruco_msgs/include/aruco_msgs/aruco_msgs/msg/detail/dds_fastrtps
-- Installing: /home/angus/path/to/colcon_ws/install/aruco_msgs/include/aruco_msgs/aruco_msgs/msg/rosidl_typesupport_fastrtps_cpp__visibility_control.h
-- Installing: /home/angus/path/to/colcon_ws/install/aruco_msgs/lib/libaruco_msgs__rosidl_typesupport_fastrtps_cpp.so
-- Set runtime path of "/home/angus/path/to/colcon_ws/install/aruco_msgs/lib/libaruco_msgs__rosidl_typesupport_fastrtps_cpp.so" to ""
-- Up-to-date: /home/angus/path/to/colcon_ws/install/aruco_msgs/include/aruco_msgs/aruco_msgs
-- Up-to-date: /home/angus/path/to/colcon_ws/install/aruco_msgs/include/aruco_msgs/aruco_msgs/msg
-- Installing: /home/angus/path/to/colcon_ws/install/aruco_msgs/include/aruco_msgs/aruco_msgs/msg/rosidl_typesupport_introspection_c__visibility_control.h
-- Up-to-date: /home/angus/path/to/colcon_ws/install/aruco_msgs/include/aruco_msgs/aruco_msgs/msg/detail
-- Installing: /home/angus/path/to/colcon_ws/install/aruco_msgs/include/aruco_msgs/aruco_msgs/msg/detail/marker_array__type_support.c
-- Installing: /home/angus/path/to/colcon_ws/install/aruco_msgs/include/aruco_msgs/aruco_msgs/msg/detail/marker__rosidl_typesupport_introspection_c.h
-- Installing: /home/angus/path/to/colcon_ws/install/aruco_msgs/include/aruco_msgs/aruco_msgs/msg/detail/marker__type_support.c
-- Installing: /home/angus/path/to/colcon_ws/install/aruco_msgs/include/aruco_msgs/aruco_msgs/msg/detail/marker_array__rosidl_typesupport_introspection_c.h
-- Installing: /home/angus/path/to/colcon_ws/install/aruco_msgs/lib/libaruco_msgs__rosidl_typesupport_introspection_c.so
-- Set runtime path of "/home/angus/path/to/colcon_ws/install/aruco_msgs/lib/libaruco_msgs__rosidl_typesupport_introspection_c.so" to ""
-- Installing: /home/angus/path/to/colcon_ws/install/aruco_msgs/lib/libaruco_msgs__rosidl_typesupport_c.so
-- Set runtime path of "/home/angus/path/to/colcon_ws/install/aruco_msgs/lib/libaruco_msgs__rosidl_typesupport_c.so" to ""
-- Up-to-date: /home/angus/path/to/colcon_ws/install/aruco_msgs/include/aruco_msgs/aruco_msgs
-- Up-to-date: /home/angus/path/to/colcon_ws/install/aruco_msgs/include/aruco_msgs/aruco_msgs/msg
-- Up-to-date: /home/angus/path/to/colcon_ws/install/aruco_msgs/include/aruco_msgs/aruco_msgs/msg/detail
-- Installing: /home/angus/path/to/colcon_ws/install/aruco_msgs/include/aruco_msgs/aruco_msgs/msg/detail/marker__rosidl_typesupport_introspection_cpp.hpp
-- Installing: /home/angus/path/to/colcon_ws/install/aruco_msgs/include/aruco_msgs/aruco_msgs/msg/detail/marker__type_support.cpp
-- Installing: /home/angus/path/to/colcon_ws/install/aruco_msgs/include/aruco_msgs/aruco_msgs/msg/detail/marker_array__rosidl_typesupport_introspection_cpp.hpp
-- Installing: /home/angus/path/to/colcon_ws/install/aruco_msgs/include/aruco_msgs/aruco_msgs/msg/detail/marker_array__type_support.cpp
-- Installing: /home/angus/path/to/colcon_ws/install/aruco_msgs/lib/libaruco_msgs__rosidl_typesupport_introspection_cpp.so
-- Set runtime path of "/home/angus/path/to/colcon_ws/install/aruco_msgs/lib/libaruco_msgs__rosidl_typesupport_introspection_cpp.so" to ""
-- Installing: /home/angus/path/to/colcon_ws/install/aruco_msgs/lib/libaruco_msgs__rosidl_typesupport_cpp.so
-- Set runtime path of "/home/angus/path/to/colcon_ws/install/aruco_msgs/lib/libaruco_msgs__rosidl_typesupport_cpp.so" to ""
-- Installing: /home/angus/path/to/colcon_ws/install/aruco_msgs/share/aruco_msgs/environment/pythonpath.sh
-- Installing: /home/angus/path/to/colcon_ws/install/aruco_msgs/share/aruco_msgs/environment/pythonpath.dsv
-- Installing: /home/angus/path/to/colcon_ws/install/aruco_msgs/local/lib/python3.10/dist-packages/aruco_msgs-5.0.5-py3.10.egg-info
-- Installing: /home/angus/path/to/colcon_ws/install/aruco_msgs/local/lib/python3.10/dist-packages/aruco_msgs-5.0.5-py3.10.egg-info/dependency_links.txt
-- Installing: /home/angus/path/to/colcon_ws/install/aruco_msgs/local/lib/python3.10/dist-packages/aruco_msgs-5.0.5-py3.10.egg-info/top_level.txt
-- Installing: /home/angus/path/to/colcon_ws/install/aruco_msgs/local/lib/python3.10/dist-packages/aruco_msgs-5.0.5-py3.10.egg-info/PKG-INFO
-- Installing: /home/angus/path/to/colcon_ws/install/aruco_msgs/local/lib/python3.10/dist-packages/aruco_msgs-5.0.5-py3.10.egg-info/SOURCES.txt
-- Installing: /home/angus/path/to/colcon_ws/install/aruco_msgs/local/lib/python3.10/dist-packages/aruco_msgs
-- Installing: /home/angus/path/to/colcon_ws/install/aruco_msgs/local/lib/python3.10/dist-packages/aruco_msgs/libaruco_msgs__rosidl_generator_py.so
-- Installing: /home/angus/path/to/colcon_ws/install/aruco_msgs/local/lib/python3.10/dist-packages/aruco_msgs/aruco_msgs_s__rosidl_typesupport_introspection_c.cpython-310-x86_64-linux-gnu.so
-- Installing: /home/angus/path/to/colcon_ws/install/aruco_msgs/local/lib/python3.10/dist-packages/aruco_msgs/_aruco_msgs_s.ep.rosidl_typesupport_introspection_c.c
-- Installing: /home/angus/path/to/colcon_ws/install/aruco_msgs/local/lib/python3.10/dist-packages/aruco_msgs/__init__.py
-- Installing: /home/angus/path/to/colcon_ws/install/aruco_msgs/local/lib/python3.10/dist-packages/aruco_msgs/msg
-- Installing: /home/angus/path/to/colcon_ws/install/aruco_msgs/local/lib/python3.10/dist-packages/aruco_msgs/msg/_marker_s.c
-- Installing: /home/angus/path/to/colcon_ws/install/aruco_msgs/local/lib/python3.10/dist-packages/aruco_msgs/msg/__init__.py
-- Installing: /home/angus/path/to/colcon_ws/install/aruco_msgs/local/lib/python3.10/dist-packages/aruco_msgs/msg/_marker_array.py
-- Installing: /home/angus/path/to/colcon_ws/install/aruco_msgs/local/lib/python3.10/dist-packages/aruco_msgs/msg/_marker_array_s.c
-- Installing: /home/angus/path/to/colcon_ws/install/aruco_msgs/local/lib/python3.10/dist-packages/aruco_msgs/msg/_marker.py
-- Installing: /home/angus/path/to/colcon_ws/install/aruco_msgs/local/lib/python3.10/dist-packages/aruco_msgs/aruco_msgs_s__rosidl_typesupport_c.cpython-310-x86_64-linux-gnu.so
-- Installing: /home/angus/path/to/colcon_ws/install/aruco_msgs/local/lib/python3.10/dist-packages/aruco_msgs/aruco_msgs_s__rosidl_typesupport_fastrtps_c.cpython-310-x86_64-linux-gnu.so
-- Installing: /home/angus/path/to/colcon_ws/install/aruco_msgs/local/lib/python3.10/dist-packages/aruco_msgs/_aruco_msgs_s.ep.rosidl_typesupport_fastrtps_c.c
-- Installing: /home/angus/path/to/colcon_ws/install/aruco_msgs/local/lib/python3.10/dist-packages/aruco_msgs/_aruco_msgs_s.ep.rosidl_typesupport_c.c
Listing '/home/angus/path/to/colcon_ws/install/aruco_msgs/local/lib/python3.10/dist-packages/aruco_msgs'...
Compiling '/home/angus/path/to/colcon_ws/install/aruco_msgs/local/lib/python3.10/dist-packages/aruco_msgs/__init__.py'...
Listing '/home/angus/path/to/colcon_ws/install/aruco_msgs/local/lib/python3.10/dist-packages/aruco_msgs/msg'...
Compiling '/home/angus/path/to/colcon_ws/install/aruco_msgs/local/lib/python3.10/dist-packages/aruco_msgs/msg/__init__.py'...
Compiling '/home/angus/path/to/colcon_ws/install/aruco_msgs/local/lib/python3.10/dist-packages/aruco_msgs/msg/_marker.py'...
Compiling '/home/angus/path/to/colcon_ws/install/aruco_msgs/local/lib/python3.10/dist-packages/aruco_msgs/msg/_marker_array.py'...
-- Installing: /home/angus/path/to/colcon_ws/install/aruco_msgs/local/lib/python3.10/dist-packages/aruco_msgs/aruco_msgs_s__rosidl_typesupport_fastrtps_c.cpython-310-x86_64-linux-gnu.so
-- Set runtime path of "/home/angus/path/to/colcon_ws/install/aruco_msgs/local/lib/python3.10/dist-packages/aruco_msgs/aruco_msgs_s__rosidl_typesupport_fastrtps_c.cpython-310-x86_64-linux-gnu.so" to ""
-- Installing: /home/angus/path/to/colcon_ws/install/aruco_msgs/local/lib/python3.10/dist-packages/aruco_msgs/aruco_msgs_s__rosidl_typesupport_introspection_c.cpython-310-x86_64-linux-gnu.so
-- Set runtime path of "/home/angus/path/to/colcon_ws/install/aruco_msgs/local/lib/python3.10/dist-packages/aruco_msgs/aruco_msgs_s__rosidl_typesupport_introspection_c.cpython-310-x86_64-linux-gnu.so" to ""
-- Installing: /home/angus/path/to/colcon_ws/install/aruco_msgs/local/lib/python3.10/dist-packages/aruco_msgs/aruco_msgs_s__rosidl_typesupport_c.cpython-310-x86_64-linux-gnu.so
-- Set runtime path of "/home/angus/path/to/colcon_ws/install/aruco_msgs/local/lib/python3.10/dist-packages/aruco_msgs/aruco_msgs_s__rosidl_typesupport_c.cpython-310-x86_64-linux-gnu.so" to ""
-- Installing: /home/angus/path/to/colcon_ws/install/aruco_msgs/lib/libaruco_msgs__rosidl_generator_py.so
-- Set runtime path of "/home/angus/path/to/colcon_ws/install/aruco_msgs/lib/libaruco_msgs__rosidl_generator_py.so" to ""
-- Installing: /home/angus/path/to/colcon_ws/install/aruco_msgs/share/aruco_msgs/msg/Marker.idl
-- Installing: /home/angus/path/to/colcon_ws/install/aruco_msgs/share/aruco_msgs/msg/MarkerArray.idl
-- Installing: /home/angus/path/to/colcon_ws/install/aruco_msgs/share/aruco_msgs/msg/Marker.msg
-- Installing: /home/angus/path/to/colcon_ws/install/aruco_msgs/share/aruco_msgs/msg/MarkerArray.msg
-- Installing: /home/angus/path/to/colcon_ws/install/aruco_msgs/share/ament_index/resource_index/package_run_dependencies/aruco_msgs
-- Installing: /home/angus/path/to/colcon_ws/install/aruco_msgs/share/ament_index/resource_index/parent_prefix_path/aruco_msgs
-- Installing: /home/angus/path/to/colcon_ws/install/aruco_msgs/share/aruco_msgs/environment/ament_prefix_path.sh
-- Installing: /home/angus/path/to/colcon_ws/install/aruco_msgs/share/aruco_msgs/environment/ament_prefix_path.dsv
-- Installing: /home/angus/path/to/colcon_ws/install/aruco_msgs/share/aruco_msgs/environment/path.sh
-- Installing: /home/angus/path/to/colcon_ws/install/aruco_msgs/share/aruco_msgs/environment/path.dsv
-- Installing: /home/angus/path/to/colcon_ws/install/aruco_msgs/share/aruco_msgs/local_setup.bash
-- Installing: /home/angus/path/to/colcon_ws/install/aruco_msgs/share/aruco_msgs/local_setup.sh
-- Installing: /home/angus/path/to/colcon_ws/install/aruco_msgs/share/aruco_msgs/local_setup.zsh
-- Installing: /home/angus/path/to/colcon_ws/install/aruco_msgs/share/aruco_msgs/local_setup.dsv
-- Installing: /home/angus/path/to/colcon_ws/install/aruco_msgs/share/aruco_msgs/package.dsv
-- Installing: /home/angus/path/to/colcon_ws/install/aruco_msgs/share/ament_index/resource_index/packages/aruco_msgs
-- Installing: /home/angus/path/to/colcon_ws/install/aruco_msgs/share/aruco_msgs/cmake/export_aruco_msgs__rosidl_generator_cExport.cmake
-- Installing: /home/angus/path/to/colcon_ws/install/aruco_msgs/share/aruco_msgs/cmake/export_aruco_msgs__rosidl_generator_cExport-noconfig.cmake
-- Installing: /home/angus/path/to/colcon_ws/install/aruco_msgs/share/aruco_msgs/cmake/export_aruco_msgs__rosidl_typesupport_fastrtps_cExport.cmake
-- Installing: /home/angus/path/to/colcon_ws/install/aruco_msgs/share/aruco_msgs/cmake/export_aruco_msgs__rosidl_typesupport_fastrtps_cExport-noconfig.cmake
-- Installing: /home/angus/path/to/colcon_ws/install/aruco_msgs/share/aruco_msgs/cmake/export_aruco_msgs__rosidl_generator_cppExport.cmake
-- Installing: /home/angus/path/to/colcon_ws/install/aruco_msgs/share/aruco_msgs/cmake/export_aruco_msgs__rosidl_typesupport_fastrtps_cppExport.cmake
-- Installing: /home/angus/path/to/colcon_ws/install/aruco_msgs/share/aruco_msgs/cmake/export_aruco_msgs__rosidl_typesupport_fastrtps_cppExport-noconfig.cmake
-- Installing: /home/angus/path/to/colcon_ws/install/aruco_msgs/share/aruco_msgs/cmake/aruco_msgs__rosidl_typesupport_introspection_cExport.cmake
-- Installing: /home/angus/path/to/colcon_ws/install/aruco_msgs/share/aruco_msgs/cmake/aruco_msgs__rosidl_typesupport_introspection_cExport-noconfig.cmake
-- Installing: /home/angus/path/to/colcon_ws/install/aruco_msgs/share/aruco_msgs/cmake/aruco_msgs__rosidl_typesupport_cExport.cmake
-- Installing: /home/angus/path/to/colcon_ws/install/aruco_msgs/share/aruco_msgs/cmake/aruco_msgs__rosidl_typesupport_cExport-noconfig.cmake
-- Installing: /home/angus/path/to/colcon_ws/install/aruco_msgs/share/aruco_msgs/cmake/aruco_msgs__rosidl_typesupport_introspection_cppExport.cmake
-- Installing: /home/angus/path/to/colcon_ws/install/aruco_msgs/share/aruco_msgs/cmake/aruco_msgs__rosidl_typesupport_introspection_cppExport-noconfig.cmake
-- Installing: /home/angus/path/to/colcon_ws/install/aruco_msgs/share/aruco_msgs/cmake/aruco_msgs__rosidl_typesupport_cppExport.cmake
-- Installing: /home/angus/path/to/colcon_ws/install/aruco_msgs/share/aruco_msgs/cmake/aruco_msgs__rosidl_typesupport_cppExport-noconfig.cmake
-- Installing: /home/angus/path/to/colcon_ws/install/aruco_msgs/share/aruco_msgs/cmake/export_aruco_msgs__rosidl_generator_pyExport.cmake
-- Installing: /home/angus/path/to/colcon_ws/install/aruco_msgs/share/aruco_msgs/cmake/export_aruco_msgs__rosidl_generator_pyExport-noconfig.cmake
-- Installing: /home/angus/path/to/colcon_ws/install/aruco_msgs/share/aruco_msgs/cmake/rosidl_cmake-extras.cmake
-- Installing: /home/angus/path/to/colcon_ws/install/aruco_msgs/share/aruco_msgs/cmake/ament_cmake_export_dependencies-extras.cmake
-- Installing: /home/angus/path/to/colcon_ws/install/aruco_msgs/share/aruco_msgs/cmake/ament_cmake_export_include_directories-extras.cmake
-- Installing: /home/angus/path/to/colcon_ws/install/aruco_msgs/share/aruco_msgs/cmake/ament_cmake_export_libraries-extras.cmake
-- Installing: /home/angus/path/to/colcon_ws/install/aruco_msgs/share/aruco_msgs/cmake/ament_cmake_export_targets-extras.cmake
-- Installing: /home/angus/path/to/colcon_ws/install/aruco_msgs/share/aruco_msgs/cmake/rosidl_cmake_export_typesupport_targets-extras.cmake
-- Installing: /home/angus/path/to/colcon_ws/install/aruco_msgs/share/aruco_msgs/cmake/rosidl_cmake_export_typesupport_libraries-extras.cmake
-- Installing: /home/angus/path/to/colcon_ws/install/aruco_msgs/share/aruco_msgs/cmake/aruco_msgsConfig.cmake
-- Installing: /home/angus/path/to/colcon_ws/install/aruco_msgs/share/aruco_msgs/cmake/aruco_msgsConfig-version.cmake
-- Installing: /home/angus/path/to/colcon_ws/install/aruco_msgs/share/aruco_msgs/package.xml
