[0.013s] Invoking command in '/home/angus/path/to/colcon_ws/build/aruco_msgs': CMAKE_PREFIX_PATH=${CMAKE_PREFIX_PATH}:/home/angus/ros2_ws/install/sjtu_drone_control:/home/angus/ros2_ws/install/sjtu_drone_bringup:/opt/ros/humble /usr/bin/cmake --build /home/angus/path/to/colcon_ws/build/aruco_msgs -- -j16 -l16
[0.043s] [  2%] [34m[1mGenerating C code for ROS interfaces[0m
[0.054s] [  5%] [34m[1mGenerating C++ code for ROS interfaces[0m
[0.066s] [  5%] Built target ament_cmake_python_copy_aruco_msgs
[0.450s] running egg_info
[0.452s] creating aruco_msgs.egg-info
[0.475s] writing aruco_msgs.egg-info/PKG-INFO
[0.476s] writing dependency_links to aruco_msgs.egg-info/dependency_links.txt
[0.476s] writing top-level names to aruco_msgs.egg-info/top_level.txt
[0.477s] writing manifest file 'aruco_msgs.egg-info/SOURCES.txt'
[0.559s] reading manifest file 'aruco_msgs.egg-info/SOURCES.txt'
[0.560s] writing manifest file 'aruco_msgs.egg-info/SOURCES.txt'
[0.611s] [  5%] Built target aruco_msgs__cpp
[0.642s] [  7%] [34m[1mGenerating C++ type support for eProsima Fast-RTPS[0m
[0.654s] [ 10%] [34m[1mGenerating C++ type support dispatch for ROS interfaces[0m
[0.666s] [ 10%] Built target ament_cmake_python_build_aruco_msgs_egg
[0.684s] [ 12%] [34m[1mGenerating C++ introspection for ROS interfaces[0m
[0.734s] [ 15%] [32mBuilding C object CMakeFiles/aruco_msgs__rosidl_generator_c.dir/rosidl_generator_c/aruco_msgs/msg/detail/marker__functions.c.o[0m
[0.790s] [ 17%] [32mBuilding C object CMakeFiles/aruco_msgs__rosidl_generator_c.dir/rosidl_generator_c/aruco_msgs/msg/detail/marker_array__functions.c.o[0m
[0.965s] [ 20%] [32m[1mLinking C shared library libaruco_msgs__rosidl_generator_c.so[0m
[1.120s] [ 20%] Built target aruco_msgs__rosidl_generator_c
[1.186s] [ 23%] [34m[1mGenerating C type support for eProsima Fast-RTPS[0m
[1.197s] [ 25%] [34m[1mGenerating C introspection for ROS interfaces[0m
[1.219s] [ 28%] [34m[1mGenerating C type support dispatch for ROS interfaces[0m
[1.238s] [ 30%] [32mBuilding CXX object CMakeFiles/aruco_msgs__rosidl_typesupport_cpp.dir/rosidl_typesupport_cpp/aruco_msgs/msg/marker_array__type_support.cpp.o[0m
[1.240s] [ 33%] [32mBuilding CXX object CMakeFiles/aruco_msgs__rosidl_typesupport_cpp.dir/rosidl_typesupport_cpp/aruco_msgs/msg/marker__type_support.cpp.o[0m
[1.358s] [ 35%] [32mBuilding CXX object CMakeFiles/aruco_msgs__rosidl_typesupport_fastrtps_cpp.dir/rosidl_typesupport_fastrtps_cpp/aruco_msgs/msg/detail/dds_fastrtps/marker__type_support.cpp.o[0m
[1.372s] [ 38%] [32mBuilding CXX object CMakeFiles/aruco_msgs__rosidl_typesupport_fastrtps_cpp.dir/rosidl_typesupport_fastrtps_cpp/aruco_msgs/msg/detail/dds_fastrtps/marker_array__type_support.cpp.o[0m
[1.449s] [ 41%] [32mBuilding CXX object CMakeFiles/aruco_msgs__rosidl_typesupport_introspection_cpp.dir/rosidl_typesupport_introspection_cpp/aruco_msgs/msg/detail/marker__type_support.cpp.o[0m
[1.449s] [ 43%] [32mBuilding CXX object CMakeFiles/aruco_msgs__rosidl_typesupport_introspection_cpp.dir/rosidl_typesupport_introspection_cpp/aruco_msgs/msg/detail/marker_array__type_support.cpp.o[0m
[1.836s] [ 46%] [32mBuilding CXX object CMakeFiles/aruco_msgs__rosidl_typesupport_fastrtps_c.dir/rosidl_typesupport_fastrtps_c/aruco_msgs/msg/detail/marker__type_support_c.cpp.o[0m
[1.855s] [ 48%] [32mBuilding C object CMakeFiles/aruco_msgs__rosidl_typesupport_introspection_c.dir/rosidl_typesupport_introspection_c/aruco_msgs/msg/detail/marker_array__type_support.c.o[0m
[1.873s] [ 51%] [32mBuilding C object CMakeFiles/aruco_msgs__rosidl_typesupport_introspection_c.dir/rosidl_typesupport_introspection_c/aruco_msgs/msg/detail/marker__type_support.c.o[0m
[1.883s] [ 53%] [32mBuilding CXX object CMakeFiles/aruco_msgs__rosidl_typesupport_fastrtps_c.dir/rosidl_typesupport_fastrtps_c/aruco_msgs/msg/detail/marker_array__type_support_c.cpp.o[0m
[2.019s] [ 56%] [32mBuilding CXX object CMakeFiles/aruco_msgs__rosidl_typesupport_c.dir/rosidl_typesupport_c/aruco_msgs/msg/marker_array__type_support.cpp.o[0m
[2.053s] [ 58%] [32mBuilding CXX object CMakeFiles/aruco_msgs__rosidl_typesupport_c.dir/rosidl_typesupport_c/aruco_msgs/msg/marker__type_support.cpp.o[0m
[2.060s] [ 61%] [32m[1mLinking CXX shared library libaruco_msgs__rosidl_typesupport_cpp.so[0m
[2.065s] [ 64%] [32m[1mLinking C shared library libaruco_msgs__rosidl_typesupport_introspection_c.so[0m
[2.176s] [ 66%] [32m[1mLinking CXX shared library libaruco_msgs__rosidl_typesupport_c.so[0m
[2.197s] [ 66%] Built target aruco_msgs__rosidl_typesupport_introspection_c
[2.236s] [ 66%] Built target aruco_msgs__rosidl_typesupport_cpp
[2.324s] [ 69%] [32m[1mLinking CXX shared library libaruco_msgs__rosidl_typesupport_fastrtps_cpp.so[0m
[2.336s] [ 69%] Built target aruco_msgs__rosidl_typesupport_c
[2.373s] [ 71%] [32m[1mLinking CXX shared library libaruco_msgs__rosidl_typesupport_introspection_cpp.so[0m
[2.505s] [ 74%] [32m[1mLinking CXX shared library libaruco_msgs__rosidl_typesupport_fastrtps_c.so[0m
[2.577s] [ 74%] Built target aruco_msgs__rosidl_typesupport_fastrtps_cpp
[2.633s] [ 74%] Built target aruco_msgs__rosidl_typesupport_introspection_cpp
[2.734s] [ 74%] Built target aruco_msgs__rosidl_typesupport_fastrtps_c
[2.834s] [ 74%] Built target aruco_msgs
[2.967s] [ 76%] [34m[1mGenerating Python code for ROS interfaces[0m
[3.447s] [ 76%] Built target aruco_msgs__py
[3.468s] [ 82%] [32mBuilding C object CMakeFiles/aruco_msgs__rosidl_generator_py.dir/rosidl_generator_py/aruco_msgs/msg/_marker_array_s.c.o[0m
[3.468s] [ 82%] [32mBuilding C object CMakeFiles/aruco_msgs__rosidl_generator_py.dir/rosidl_generator_py/aruco_msgs/msg/_marker_s.c.o[0m
[3.563s] [ 84%] [32m[1mLinking C shared library rosidl_generator_py/aruco_msgs/libaruco_msgs__rosidl_generator_py.so[0m
[3.601s] [ 84%] Built target aruco_msgs__rosidl_generator_py
[3.621s] [ 92%] [32mBuilding C object CMakeFiles/aruco_msgs__rosidl_typesupport_introspection_c__pyext.dir/rosidl_generator_py/aruco_msgs/_aruco_msgs_s.ep.rosidl_typesupport_introspection_c.c.o[0m
[3.621s] [ 92%] [32mBuilding C object CMakeFiles/aruco_msgs__rosidl_typesupport_c__pyext.dir/rosidl_generator_py/aruco_msgs/_aruco_msgs_s.ep.rosidl_typesupport_c.c.o[0m
[3.621s] [ 92%] [32mBuilding C object CMakeFiles/aruco_msgs__rosidl_typesupport_fastrtps_c__pyext.dir/rosidl_generator_py/aruco_msgs/_aruco_msgs_s.ep.rosidl_typesupport_fastrtps_c.c.o[0m
[3.703s] [100%] [32m[1mLinking C shared library rosidl_generator_py/aruco_msgs/aruco_msgs_s__rosidl_typesupport_introspection_c.cpython-310-x86_64-linux-gnu.so[0m
[3.703s] [100%] [32m[1mLinking C shared library rosidl_generator_py/aruco_msgs/aruco_msgs_s__rosidl_typesupport_c.cpython-310-x86_64-linux-gnu.so[0m
[3.703s] [100%] [32m[1mLinking C shared library rosidl_generator_py/aruco_msgs/aruco_msgs_s__rosidl_typesupport_fastrtps_c.cpython-310-x86_64-linux-gnu.so[0m
[3.739s] [100%] Built target aruco_msgs__rosidl_typesupport_fastrtps_c__pyext
[3.739s] [100%] Built target aruco_msgs__rosidl_typesupport_introspection_c__pyext
[3.739s] [100%] Built target aruco_msgs__rosidl_typesupport_c__pyext
[3.750s] Invoked command in '/home/angus/path/to/colcon_ws/build/aruco_msgs' returned '0': CMAKE_PREFIX_PATH=${CMAKE_PREFIX_PATH}:/home/angus/ros2_ws/install/sjtu_drone_control:/home/angus/ros2_ws/install/sjtu_drone_bringup:/opt/ros/humble /usr/bin/cmake --build /home/angus/path/to/colcon_ws/build/aruco_msgs -- -j16 -l16
[3.831s] Invoking command in '/home/angus/path/to/colcon_ws/build/aruco_msgs': CMAKE_PREFIX_PATH=${CMAKE_PREFIX_PATH}:/home/angus/ros2_ws/install/sjtu_drone_control:/home/angus/ros2_ws/install/sjtu_drone_bringup:/opt/ros/humble /usr/bin/cmake --install /home/angus/path/to/colcon_ws/build/aruco_msgs
[3.839s] -- Install configuration: ""
[3.839s] -- Installing: /home/angus/path/to/colcon_ws/install/aruco_msgs/share/ament_index/resource_index/rosidl_interfaces/aruco_msgs
[3.839s] -- Installing: /home/angus/path/to/colcon_ws/install/aruco_msgs/include/aruco_msgs/aruco_msgs
[3.839s] -- Installing: /home/angus/path/to/colcon_ws/install/aruco_msgs/include/aruco_msgs/aruco_msgs/msg
[3.840s] -- Installing: /home/angus/path/to/colcon_ws/install/aruco_msgs/include/aruco_msgs/aruco_msgs/msg/rosidl_generator_c__visibility_control.h
[3.840s] -- Installing: /home/angus/path/to/colcon_ws/install/aruco_msgs/include/aruco_msgs/aruco_msgs/msg/marker.h
[3.840s] -- Installing: /home/angus/path/to/colcon_ws/install/aruco_msgs/include/aruco_msgs/aruco_msgs/msg/marker_array.h
[3.840s] -- Installing: /home/angus/path/to/colcon_ws/install/aruco_msgs/include/aruco_msgs/aruco_msgs/msg/detail
[3.840s] -- Installing: /home/angus/path/to/colcon_ws/install/aruco_msgs/include/aruco_msgs/aruco_msgs/msg/detail/marker__struct.h
[3.840s] -- Installing: /home/angus/path/to/colcon_ws/install/aruco_msgs/include/aruco_msgs/aruco_msgs/msg/detail/marker__type_support.h
[3.840s] -- Installing: /home/angus/path/to/colcon_ws/install/aruco_msgs/include/aruco_msgs/aruco_msgs/msg/detail/marker_array__functions.c
[3.840s] -- Installing: /home/angus/path/to/colcon_ws/install/aruco_msgs/include/aruco_msgs/aruco_msgs/msg/detail/marker__functions.c
[3.840s] -- Installing: /home/angus/path/to/colcon_ws/install/aruco_msgs/include/aruco_msgs/aruco_msgs/msg/detail/marker_array__struct.h
[3.841s] -- Installing: /home/angus/path/to/colcon_ws/install/aruco_msgs/include/aruco_msgs/aruco_msgs/msg/detail/marker_array__type_support.h
[3.841s] -- Installing: /home/angus/path/to/colcon_ws/install/aruco_msgs/include/aruco_msgs/aruco_msgs/msg/detail/marker__functions.h
[3.841s] -- Installing: /home/angus/path/to/colcon_ws/install/aruco_msgs/include/aruco_msgs/aruco_msgs/msg/detail/marker_array__functions.h
[3.841s] -- Installing: /home/angus/path/to/colcon_ws/install/aruco_msgs/share/aruco_msgs/environment/library_path.sh
[3.841s] -- Installing: /home/angus/path/to/colcon_ws/install/aruco_msgs/share/aruco_msgs/environment/library_path.dsv
[3.841s] -- Installing: /home/angus/path/to/colcon_ws/install/aruco_msgs/lib/libaruco_msgs__rosidl_generator_c.so
[3.842s] -- Set runtime path of "/home/angus/path/to/colcon_ws/install/aruco_msgs/lib/libaruco_msgs__rosidl_generator_c.so" to ""
[3.842s] -- Up-to-date: /home/angus/path/to/colcon_ws/install/aruco_msgs/include/aruco_msgs/aruco_msgs
[3.842s] -- Up-to-date: /home/angus/path/to/colcon_ws/install/aruco_msgs/include/aruco_msgs/aruco_msgs/msg
[3.842s] -- Up-to-date: /home/angus/path/to/colcon_ws/install/aruco_msgs/include/aruco_msgs/aruco_msgs/msg/detail
[3.842s] -- Installing: /home/angus/path/to/colcon_ws/install/aruco_msgs/include/aruco_msgs/aruco_msgs/msg/detail/marker__rosidl_typesupport_fastrtps_c.h
[3.842s] -- Installing: /home/angus/path/to/colcon_ws/install/aruco_msgs/include/aruco_msgs/aruco_msgs/msg/detail/marker_array__rosidl_typesupport_fastrtps_c.h
[3.842s] -- Installing: /home/angus/path/to/colcon_ws/install/aruco_msgs/include/aruco_msgs/aruco_msgs/msg/rosidl_typesupport_fastrtps_c__visibility_control.h
[3.842s] -- Installing: /home/angus/path/to/colcon_ws/install/aruco_msgs/lib/libaruco_msgs__rosidl_typesupport_fastrtps_c.so
[3.842s] -- Set runtime path of "/home/angus/path/to/colcon_ws/install/aruco_msgs/lib/libaruco_msgs__rosidl_typesupport_fastrtps_c.so" to ""
[3.842s] -- Up-to-date: /home/angus/path/to/colcon_ws/install/aruco_msgs/include/aruco_msgs/aruco_msgs
[3.843s] -- Up-to-date: /home/angus/path/to/colcon_ws/install/aruco_msgs/include/aruco_msgs/aruco_msgs/msg
[3.843s] -- Installing: /home/angus/path/to/colcon_ws/install/aruco_msgs/include/aruco_msgs/aruco_msgs/msg/marker_array.hpp
[3.843s] -- Installing: /home/angus/path/to/colcon_ws/install/aruco_msgs/include/aruco_msgs/aruco_msgs/msg/marker.hpp
[3.843s] -- Up-to-date: /home/angus/path/to/colcon_ws/install/aruco_msgs/include/aruco_msgs/aruco_msgs/msg/detail
[3.843s] -- Installing: /home/angus/path/to/colcon_ws/install/aruco_msgs/include/aruco_msgs/aruco_msgs/msg/detail/marker__traits.hpp
[3.843s] -- Installing: /home/angus/path/to/colcon_ws/install/aruco_msgs/include/aruco_msgs/aruco_msgs/msg/detail/marker_array__struct.hpp
[3.843s] -- Installing: /home/angus/path/to/colcon_ws/install/aruco_msgs/include/aruco_msgs/aruco_msgs/msg/detail/marker__builder.hpp
[3.843s] -- Installing: /home/angus/path/to/colcon_ws/install/aruco_msgs/include/aruco_msgs/aruco_msgs/msg/detail/marker_array__traits.hpp
[3.843s] -- Installing: /home/angus/path/to/colcon_ws/install/aruco_msgs/include/aruco_msgs/aruco_msgs/msg/detail/marker__struct.hpp
[3.843s] -- Installing: /home/angus/path/to/colcon_ws/install/aruco_msgs/include/aruco_msgs/aruco_msgs/msg/detail/marker_array__builder.hpp
[3.844s] -- Up-to-date: /home/angus/path/to/colcon_ws/install/aruco_msgs/include/aruco_msgs/aruco_msgs
[3.844s] -- Up-to-date: /home/angus/path/to/colcon_ws/install/aruco_msgs/include/aruco_msgs/aruco_msgs/msg
[3.844s] -- Up-to-date: /home/angus/path/to/colcon_ws/install/aruco_msgs/include/aruco_msgs/aruco_msgs/msg/detail
[3.844s] -- Installing: /home/angus/path/to/colcon_ws/install/aruco_msgs/include/aruco_msgs/aruco_msgs/msg/detail/marker_array__rosidl_typesupport_fastrtps_cpp.hpp
[3.844s] -- Installing: /home/angus/path/to/colcon_ws/install/aruco_msgs/include/aruco_msgs/aruco_msgs/msg/detail/marker__rosidl_typesupport_fastrtps_cpp.hpp
[3.844s] -- Installing: /home/angus/path/to/colcon_ws/install/aruco_msgs/include/aruco_msgs/aruco_msgs/msg/detail/dds_fastrtps
[3.844s] -- Installing: /home/angus/path/to/colcon_ws/install/aruco_msgs/include/aruco_msgs/aruco_msgs/msg/rosidl_typesupport_fastrtps_cpp__visibility_control.h
[3.844s] -- Installing: /home/angus/path/to/colcon_ws/install/aruco_msgs/lib/libaruco_msgs__rosidl_typesupport_fastrtps_cpp.so
[3.844s] -- Set runtime path of "/home/angus/path/to/colcon_ws/install/aruco_msgs/lib/libaruco_msgs__rosidl_typesupport_fastrtps_cpp.so" to ""
[3.844s] -- Up-to-date: /home/angus/path/to/colcon_ws/install/aruco_msgs/include/aruco_msgs/aruco_msgs
[3.845s] -- Up-to-date: /home/angus/path/to/colcon_ws/install/aruco_msgs/include/aruco_msgs/aruco_msgs/msg
[3.845s] -- Installing: /home/angus/path/to/colcon_ws/install/aruco_msgs/include/aruco_msgs/aruco_msgs/msg/rosidl_typesupport_introspection_c__visibility_control.h
[3.845s] -- Up-to-date: /home/angus/path/to/colcon_ws/install/aruco_msgs/include/aruco_msgs/aruco_msgs/msg/detail
[3.845s] -- Installing: /home/angus/path/to/colcon_ws/install/aruco_msgs/include/aruco_msgs/aruco_msgs/msg/detail/marker_array__type_support.c
[3.845s] -- Installing: /home/angus/path/to/colcon_ws/install/aruco_msgs/include/aruco_msgs/aruco_msgs/msg/detail/marker__rosidl_typesupport_introspection_c.h
[3.845s] -- Installing: /home/angus/path/to/colcon_ws/install/aruco_msgs/include/aruco_msgs/aruco_msgs/msg/detail/marker__type_support.c
[3.845s] -- Installing: /home/angus/path/to/colcon_ws/install/aruco_msgs/include/aruco_msgs/aruco_msgs/msg/detail/marker_array__rosidl_typesupport_introspection_c.h
[3.845s] -- Installing: /home/angus/path/to/colcon_ws/install/aruco_msgs/lib/libaruco_msgs__rosidl_typesupport_introspection_c.so
[3.845s] -- Set runtime path of "/home/angus/path/to/colcon_ws/install/aruco_msgs/lib/libaruco_msgs__rosidl_typesupport_introspection_c.so" to ""
[3.845s] -- Installing: /home/angus/path/to/colcon_ws/install/aruco_msgs/lib/libaruco_msgs__rosidl_typesupport_c.so
[3.846s] -- Set runtime path of "/home/angus/path/to/colcon_ws/install/aruco_msgs/lib/libaruco_msgs__rosidl_typesupport_c.so" to ""
[3.846s] -- Up-to-date: /home/angus/path/to/colcon_ws/install/aruco_msgs/include/aruco_msgs/aruco_msgs
[3.846s] -- Up-to-date: /home/angus/path/to/colcon_ws/install/aruco_msgs/include/aruco_msgs/aruco_msgs/msg
[3.846s] -- Up-to-date: /home/angus/path/to/colcon_ws/install/aruco_msgs/include/aruco_msgs/aruco_msgs/msg/detail
[3.846s] -- Installing: /home/angus/path/to/colcon_ws/install/aruco_msgs/include/aruco_msgs/aruco_msgs/msg/detail/marker__rosidl_typesupport_introspection_cpp.hpp
[3.846s] -- Installing: /home/angus/path/to/colcon_ws/install/aruco_msgs/include/aruco_msgs/aruco_msgs/msg/detail/marker__type_support.cpp
[3.846s] -- Installing: /home/angus/path/to/colcon_ws/install/aruco_msgs/include/aruco_msgs/aruco_msgs/msg/detail/marker_array__rosidl_typesupport_introspection_cpp.hpp
[3.846s] -- Installing: /home/angus/path/to/colcon_ws/install/aruco_msgs/include/aruco_msgs/aruco_msgs/msg/detail/marker_array__type_support.cpp
[3.846s] -- Installing: /home/angus/path/to/colcon_ws/install/aruco_msgs/lib/libaruco_msgs__rosidl_typesupport_introspection_cpp.so
[3.847s] -- Set runtime path of "/home/angus/path/to/colcon_ws/install/aruco_msgs/lib/libaruco_msgs__rosidl_typesupport_introspection_cpp.so" to ""
[3.847s] -- Installing: /home/angus/path/to/colcon_ws/install/aruco_msgs/lib/libaruco_msgs__rosidl_typesupport_cpp.so
[3.847s] -- Set runtime path of "/home/angus/path/to/colcon_ws/install/aruco_msgs/lib/libaruco_msgs__rosidl_typesupport_cpp.so" to ""
[3.847s] -- Installing: /home/angus/path/to/colcon_ws/install/aruco_msgs/share/aruco_msgs/environment/pythonpath.sh
[3.847s] -- Installing: /home/angus/path/to/colcon_ws/install/aruco_msgs/share/aruco_msgs/environment/pythonpath.dsv
[3.847s] -- Installing: /home/angus/path/to/colcon_ws/install/aruco_msgs/local/lib/python3.10/dist-packages/aruco_msgs-5.0.5-py3.10.egg-info
[3.847s] -- Installing: /home/angus/path/to/colcon_ws/install/aruco_msgs/local/lib/python3.10/dist-packages/aruco_msgs-5.0.5-py3.10.egg-info/dependency_links.txt
[3.847s] -- Installing: /home/angus/path/to/colcon_ws/install/aruco_msgs/local/lib/python3.10/dist-packages/aruco_msgs-5.0.5-py3.10.egg-info/top_level.txt
[3.848s] -- Installing: /home/angus/path/to/colcon_ws/install/aruco_msgs/local/lib/python3.10/dist-packages/aruco_msgs-5.0.5-py3.10.egg-info/PKG-INFO
[3.848s] -- Installing: /home/angus/path/to/colcon_ws/install/aruco_msgs/local/lib/python3.10/dist-packages/aruco_msgs-5.0.5-py3.10.egg-info/SOURCES.txt
[3.848s] -- Installing: /home/angus/path/to/colcon_ws/install/aruco_msgs/local/lib/python3.10/dist-packages/aruco_msgs
[3.848s] -- Installing: /home/angus/path/to/colcon_ws/install/aruco_msgs/local/lib/python3.10/dist-packages/aruco_msgs/libaruco_msgs__rosidl_generator_py.so
[3.848s] -- Installing: /home/angus/path/to/colcon_ws/install/aruco_msgs/local/lib/python3.10/dist-packages/aruco_msgs/aruco_msgs_s__rosidl_typesupport_introspection_c.cpython-310-x86_64-linux-gnu.so
[3.848s] -- Installing: /home/angus/path/to/colcon_ws/install/aruco_msgs/local/lib/python3.10/dist-packages/aruco_msgs/_aruco_msgs_s.ep.rosidl_typesupport_introspection_c.c
[3.848s] -- Installing: /home/angus/path/to/colcon_ws/install/aruco_msgs/local/lib/python3.10/dist-packages/aruco_msgs/__init__.py
[3.848s] -- Installing: /home/angus/path/to/colcon_ws/install/aruco_msgs/local/lib/python3.10/dist-packages/aruco_msgs/msg
[3.849s] -- Installing: /home/angus/path/to/colcon_ws/install/aruco_msgs/local/lib/python3.10/dist-packages/aruco_msgs/msg/_marker_s.c
[3.849s] -- Installing: /home/angus/path/to/colcon_ws/install/aruco_msgs/local/lib/python3.10/dist-packages/aruco_msgs/msg/__init__.py
[3.849s] -- Installing: /home/angus/path/to/colcon_ws/install/aruco_msgs/local/lib/python3.10/dist-packages/aruco_msgs/msg/_marker_array.py
[3.849s] -- Installing: /home/angus/path/to/colcon_ws/install/aruco_msgs/local/lib/python3.10/dist-packages/aruco_msgs/msg/_marker_array_s.c
[3.849s] -- Installing: /home/angus/path/to/colcon_ws/install/aruco_msgs/local/lib/python3.10/dist-packages/aruco_msgs/msg/_marker.py
[3.849s] -- Installing: /home/angus/path/to/colcon_ws/install/aruco_msgs/local/lib/python3.10/dist-packages/aruco_msgs/aruco_msgs_s__rosidl_typesupport_c.cpython-310-x86_64-linux-gnu.so
[3.849s] -- Installing: /home/angus/path/to/colcon_ws/install/aruco_msgs/local/lib/python3.10/dist-packages/aruco_msgs/aruco_msgs_s__rosidl_typesupport_fastrtps_c.cpython-310-x86_64-linux-gnu.so
[3.849s] -- Installing: /home/angus/path/to/colcon_ws/install/aruco_msgs/local/lib/python3.10/dist-packages/aruco_msgs/_aruco_msgs_s.ep.rosidl_typesupport_fastrtps_c.c
[3.850s] -- Installing: /home/angus/path/to/colcon_ws/install/aruco_msgs/local/lib/python3.10/dist-packages/aruco_msgs/_aruco_msgs_s.ep.rosidl_typesupport_c.c
[3.878s] Listing '/home/angus/path/to/colcon_ws/install/aruco_msgs/local/lib/python3.10/dist-packages/aruco_msgs'...
[3.878s] Compiling '/home/angus/path/to/colcon_ws/install/aruco_msgs/local/lib/python3.10/dist-packages/aruco_msgs/__init__.py'...
[3.878s] Listing '/home/angus/path/to/colcon_ws/install/aruco_msgs/local/lib/python3.10/dist-packages/aruco_msgs/msg'...
[3.879s] Compiling '/home/angus/path/to/colcon_ws/install/aruco_msgs/local/lib/python3.10/dist-packages/aruco_msgs/msg/__init__.py'...
[3.879s] Compiling '/home/angus/path/to/colcon_ws/install/aruco_msgs/local/lib/python3.10/dist-packages/aruco_msgs/msg/_marker.py'...
[3.879s] Compiling '/home/angus/path/to/colcon_ws/install/aruco_msgs/local/lib/python3.10/dist-packages/aruco_msgs/msg/_marker_array.py'...
[3.882s] -- Installing: /home/angus/path/to/colcon_ws/install/aruco_msgs/local/lib/python3.10/dist-packages/aruco_msgs/aruco_msgs_s__rosidl_typesupport_fastrtps_c.cpython-310-x86_64-linux-gnu.so
[3.882s] -- Set runtime path of "/home/angus/path/to/colcon_ws/install/aruco_msgs/local/lib/python3.10/dist-packages/aruco_msgs/aruco_msgs_s__rosidl_typesupport_fastrtps_c.cpython-310-x86_64-linux-gnu.so" to ""
[3.883s] -- Installing: /home/angus/path/to/colcon_ws/install/aruco_msgs/local/lib/python3.10/dist-packages/aruco_msgs/aruco_msgs_s__rosidl_typesupport_introspection_c.cpython-310-x86_64-linux-gnu.so
[3.883s] -- Set runtime path of "/home/angus/path/to/colcon_ws/install/aruco_msgs/local/lib/python3.10/dist-packages/aruco_msgs/aruco_msgs_s__rosidl_typesupport_introspection_c.cpython-310-x86_64-linux-gnu.so" to ""
[3.883s] -- Installing: /home/angus/path/to/colcon_ws/install/aruco_msgs/local/lib/python3.10/dist-packages/aruco_msgs/aruco_msgs_s__rosidl_typesupport_c.cpython-310-x86_64-linux-gnu.so
[3.883s] -- Set runtime path of "/home/angus/path/to/colcon_ws/install/aruco_msgs/local/lib/python3.10/dist-packages/aruco_msgs/aruco_msgs_s__rosidl_typesupport_c.cpython-310-x86_64-linux-gnu.so" to ""
[3.883s] -- Installing: /home/angus/path/to/colcon_ws/install/aruco_msgs/lib/libaruco_msgs__rosidl_generator_py.so
[3.884s] -- Set runtime path of "/home/angus/path/to/colcon_ws/install/aruco_msgs/lib/libaruco_msgs__rosidl_generator_py.so" to ""
[3.884s] -- Installing: /home/angus/path/to/colcon_ws/install/aruco_msgs/share/aruco_msgs/msg/Marker.idl
[3.884s] -- Installing: /home/angus/path/to/colcon_ws/install/aruco_msgs/share/aruco_msgs/msg/MarkerArray.idl
[3.884s] -- Installing: /home/angus/path/to/colcon_ws/install/aruco_msgs/share/aruco_msgs/msg/Marker.msg
[3.884s] -- Installing: /home/angus/path/to/colcon_ws/install/aruco_msgs/share/aruco_msgs/msg/MarkerArray.msg
[3.884s] -- Installing: /home/angus/path/to/colcon_ws/install/aruco_msgs/share/ament_index/resource_index/package_run_dependencies/aruco_msgs
[3.884s] -- Installing: /home/angus/path/to/colcon_ws/install/aruco_msgs/share/ament_index/resource_index/parent_prefix_path/aruco_msgs
[3.885s] -- Installing: /home/angus/path/to/colcon_ws/install/aruco_msgs/share/aruco_msgs/environment/ament_prefix_path.sh
[3.885s] -- Installing: /home/angus/path/to/colcon_ws/install/aruco_msgs/share/aruco_msgs/environment/ament_prefix_path.dsv
[3.885s] -- Installing: /home/angus/path/to/colcon_ws/install/aruco_msgs/share/aruco_msgs/environment/path.sh
[3.885s] -- Installing: /home/angus/path/to/colcon_ws/install/aruco_msgs/share/aruco_msgs/environment/path.dsv
[3.885s] -- Installing: /home/angus/path/to/colcon_ws/install/aruco_msgs/share/aruco_msgs/local_setup.bash
[3.885s] -- Installing: /home/angus/path/to/colcon_ws/install/aruco_msgs/share/aruco_msgs/local_setup.sh
[3.885s] -- Installing: /home/angus/path/to/colcon_ws/install/aruco_msgs/share/aruco_msgs/local_setup.zsh
[3.885s] -- Installing: /home/angus/path/to/colcon_ws/install/aruco_msgs/share/aruco_msgs/local_setup.dsv
[3.886s] -- Installing: /home/angus/path/to/colcon_ws/install/aruco_msgs/share/aruco_msgs/package.dsv
[3.886s] -- Installing: /home/angus/path/to/colcon_ws/install/aruco_msgs/share/ament_index/resource_index/packages/aruco_msgs
[3.886s] -- Installing: /home/angus/path/to/colcon_ws/install/aruco_msgs/share/aruco_msgs/cmake/export_aruco_msgs__rosidl_generator_cExport.cmake
[3.886s] -- Installing: /home/angus/path/to/colcon_ws/install/aruco_msgs/share/aruco_msgs/cmake/export_aruco_msgs__rosidl_generator_cExport-noconfig.cmake
[3.886s] -- Installing: /home/angus/path/to/colcon_ws/install/aruco_msgs/share/aruco_msgs/cmake/export_aruco_msgs__rosidl_typesupport_fastrtps_cExport.cmake
[3.886s] -- Installing: /home/angus/path/to/colcon_ws/install/aruco_msgs/share/aruco_msgs/cmake/export_aruco_msgs__rosidl_typesupport_fastrtps_cExport-noconfig.cmake
[3.886s] -- Installing: /home/angus/path/to/colcon_ws/install/aruco_msgs/share/aruco_msgs/cmake/export_aruco_msgs__rosidl_generator_cppExport.cmake
[3.887s] -- Installing: /home/angus/path/to/colcon_ws/install/aruco_msgs/share/aruco_msgs/cmake/export_aruco_msgs__rosidl_typesupport_fastrtps_cppExport.cmake
[3.887s] -- Installing: /home/angus/path/to/colcon_ws/install/aruco_msgs/share/aruco_msgs/cmake/export_aruco_msgs__rosidl_typesupport_fastrtps_cppExport-noconfig.cmake
[3.887s] -- Installing: /home/angus/path/to/colcon_ws/install/aruco_msgs/share/aruco_msgs/cmake/aruco_msgs__rosidl_typesupport_introspection_cExport.cmake
[3.887s] -- Installing: /home/angus/path/to/colcon_ws/install/aruco_msgs/share/aruco_msgs/cmake/aruco_msgs__rosidl_typesupport_introspection_cExport-noconfig.cmake
[3.887s] -- Installing: /home/angus/path/to/colcon_ws/install/aruco_msgs/share/aruco_msgs/cmake/aruco_msgs__rosidl_typesupport_cExport.cmake
[3.887s] -- Installing: /home/angus/path/to/colcon_ws/install/aruco_msgs/share/aruco_msgs/cmake/aruco_msgs__rosidl_typesupport_cExport-noconfig.cmake
[3.887s] -- Installing: /home/angus/path/to/colcon_ws/install/aruco_msgs/share/aruco_msgs/cmake/aruco_msgs__rosidl_typesupport_introspection_cppExport.cmake
[3.887s] -- Installing: /home/angus/path/to/colcon_ws/install/aruco_msgs/share/aruco_msgs/cmake/aruco_msgs__rosidl_typesupport_introspection_cppExport-noconfig.cmake
[3.888s] -- Installing: /home/angus/path/to/colcon_ws/install/aruco_msgs/share/aruco_msgs/cmake/aruco_msgs__rosidl_typesupport_cppExport.cmake
[3.888s] -- Installing: /home/angus/path/to/colcon_ws/install/aruco_msgs/share/aruco_msgs/cmake/aruco_msgs__rosidl_typesupport_cppExport-noconfig.cmake
[3.888s] -- Installing: /home/angus/path/to/colcon_ws/install/aruco_msgs/share/aruco_msgs/cmake/export_aruco_msgs__rosidl_generator_pyExport.cmake
[3.888s] -- Installing: /home/angus/path/to/colcon_ws/install/aruco_msgs/share/aruco_msgs/cmake/export_aruco_msgs__rosidl_generator_pyExport-noconfig.cmake
[3.888s] -- Installing: /home/angus/path/to/colcon_ws/install/aruco_msgs/share/aruco_msgs/cmake/rosidl_cmake-extras.cmake
[3.888s] -- Installing: /home/angus/path/to/colcon_ws/install/aruco_msgs/share/aruco_msgs/cmake/ament_cmake_export_dependencies-extras.cmake
[3.888s] -- Installing: /home/angus/path/to/colcon_ws/install/aruco_msgs/share/aruco_msgs/cmake/ament_cmake_export_include_directories-extras.cmake
[3.889s] -- Installing: /home/angus/path/to/colcon_ws/install/aruco_msgs/share/aruco_msgs/cmake/ament_cmake_export_libraries-extras.cmake
[3.889s] -- Installing: /home/angus/path/to/colcon_ws/install/aruco_msgs/share/aruco_msgs/cmake/ament_cmake_export_targets-extras.cmake
[3.889s] -- Installing: /home/angus/path/to/colcon_ws/install/aruco_msgs/share/aruco_msgs/cmake/rosidl_cmake_export_typesupport_targets-extras.cmake
[3.889s] -- Installing: /home/angus/path/to/colcon_ws/install/aruco_msgs/share/aruco_msgs/cmake/rosidl_cmake_export_typesupport_libraries-extras.cmake
[3.889s] -- Installing: /home/angus/path/to/colcon_ws/install/aruco_msgs/share/aruco_msgs/cmake/aruco_msgsConfig.cmake
[3.889s] -- Installing: /home/angus/path/to/colcon_ws/install/aruco_msgs/share/aruco_msgs/cmake/aruco_msgsConfig-version.cmake
[3.889s] -- Installing: /home/angus/path/to/colcon_ws/install/aruco_msgs/share/aruco_msgs/package.xml
[3.892s] Invoked command in '/home/angus/path/to/colcon_ws/build/aruco_msgs' returned '0': CMAKE_PREFIX_PATH=${CMAKE_PREFIX_PATH}:/home/angus/ros2_ws/install/sjtu_drone_control:/home/angus/ros2_ws/install/sjtu_drone_bringup:/opt/ros/humble /usr/bin/cmake --install /home/angus/path/to/colcon_ws/build/aruco_msgs
