[0.010s] Invoking command in '/home/angus/path/to/colcon_ws/build/aruco_ros': AMENT_PREFIX_PATH=/home/angus/path/to/colcon_ws/install/aruco_msgs:/home/angus/path/to/colcon_ws/install/aruco:${AMENT_PREFIX_PATH} CMAKE_PREFIX_PATH=/home/angus/path/to/colcon_ws/install/aruco_msgs:/home/angus/path/to/colcon_ws/install/aruco:/home/angus/ros2_ws/install/sjtu_drone_description:/home/angus/ros2_ws/install/husky_gazebo:/home/angus/ros2_ws/install/husky_control:/home/angus/ros2_ws/install/husky_description:/home/angus/ros2_ws/install/gazebo_tf:/home/angus/ros2_ws/install/audibot:/home/angus/ros2_ws/install/audibot_gazebo:/home/angus/ros2_ws/install/audibot_description:/home/angus/ros2_ws/install/a3_support:/home/angus/ros2_ws/install/a3_skeleton:/home/angus/ros2_ws/install/sjtu_drone_control:/home/angus/ros2_ws/install/sjtu_drone_bringup:/opt/ros/humble LD_LIBRARY_PATH=/home/angus/path/to/colcon_ws/install/aruco_msgs/lib:/home/angus/path/to/colcon_ws/install/aruco/lib:${LD_LIBRARY_PATH} PYTHONPATH=/home/angus/path/to/colcon_ws/install/aruco_msgs/local/lib/python3.10/dist-packages:${PYTHONPATH} /usr/bin/cmake /home/angus/path/to/colcon_ws/src/aruco_ros/aruco_ros -DCMAKE_INSTALL_PREFIX=/home/angus/path/to/colcon_ws/install/aruco_ros
[0.054s] -- The C compiler identification is GNU 11.4.0
[0.097s] -- The CXX compiler identification is GNU 11.4.0
[0.102s] -- Detecting C compiler ABI info
[0.160s] -- Detecting C compiler ABI info - done
[0.165s] -- Check for working C compiler: /usr/bin/cc - skipped
[0.166s] -- Detecting C compile features
[0.166s] -- Detecting C compile features - done
[0.168s] -- Detecting CXX compiler ABI info
[0.235s] -- Detecting CXX compiler ABI info - done
[0.239s] -- Check for working CXX compiler: /usr/bin/c++ - skipped
[0.240s] -- Detecting CXX compile features
[0.240s] -- Detecting CXX compile features - done
[0.243s] -- Found ament_cmake: 1.3.8 (/opt/ros/humble/share/ament_cmake/cmake)
[0.504s] -- Found Python3: /usr/bin/python3 (found version "3.10.12") found components: Interpreter 
[0.590s] -- Found OpenCV: /usr (found version "4.5.4") 
[0.592s] -- Found cv_bridge: 3.2.1 (/opt/ros/humble/share/cv_bridge/cmake)
[0.633s] -- Found rosidl_generator_c: 3.1.5 (/opt/ros/humble/share/rosidl_generator_c/cmake)
[0.640s] -- Found rosidl_adapter: 3.1.5 (/opt/ros/humble/share/rosidl_adapter/cmake)
[0.648s] -- Found rosidl_generator_cpp: 3.1.5 (/opt/ros/humble/share/rosidl_generator_cpp/cmake)
[0.661s] -- Using all available rosidl_typesupport_c: rosidl_typesupport_fastrtps_c;rosidl_typesupport_introspection_c
[0.678s] -- Using all available rosidl_typesupport_cpp: rosidl_typesupport_fastrtps_cpp;rosidl_typesupport_introspection_cpp
[0.835s] -- Found image_transport: 3.1.9 (/opt/ros/humble/share/image_transport/cmake)
[0.897s] -- Found rmw_implementation_cmake: 6.1.1 (/opt/ros/humble/share/rmw_implementation_cmake/cmake)
[0.900s] -- Found rmw_fastrtps_cpp: 6.2.6 (/opt/ros/humble/share/rmw_fastrtps_cpp/cmake)
[0.993s] -- Found OpenSSL: /usr/lib/x86_64-linux-gnu/libcrypto.so (found version "3.0.2")  
[1.017s] -- Found FastRTPS: /opt/ros/humble/include  
[1.059s] -- Using RMW implementation 'rmw_fastrtps_cpp' as default
[1.070s] -- Looking for pthread.h
[1.133s] -- Looking for pthread.h - found
[1.133s] -- Performing Test CMAKE_HAVE_LIBC_PTHREAD
[1.195s] -- Performing Test CMAKE_HAVE_LIBC_PTHREAD - Success
[1.196s] -- Found Threads: TRUE  
[1.335s] -- Found rclpy: 3.3.12 (/opt/ros/humble/share/rclpy/cmake)
[1.338s] -- Found tf2: 0.25.6 (/opt/ros/humble/share/tf2/cmake)
[1.345s] -- Found tf2_ros: 0.25.6 (/opt/ros/humble/share/tf2_ros/cmake)
[1.586s] -- Found tf2_geometry_msgs: 0.25.6 (/opt/ros/humble/share/tf2_geometry_msgs/cmake)
[1.604s] -- Found eigen3_cmake_module: 0.1.1 (/opt/ros/humble/share/eigen3_cmake_module/cmake)
[1.605s] -- Found Eigen3: TRUE (found version "3.4.0") 
[1.605s] -- Ensuring Eigen3 include directory is part of orocos-kdl CMake target
[1.612s] -- Found aruco: 5.0.5 (/home/angus/path/to/colcon_ws/install/aruco/share/aruco/cmake)
[1.613s] -- Found aruco_msgs: 5.0.5 (/home/angus/path/to/colcon_ws/install/aruco_msgs/share/aruco_msgs/cmake)
[1.660s] -- Found visualization_msgs: 4.2.3 (/opt/ros/humble/share/visualization_msgs/cmake)
[1.761s] -- Found ament_lint_auto: 0.12.10 (/opt/ros/humble/share/ament_lint_auto/cmake)
[1.832s] -- Added test 'cppcheck' to perform static code analysis on C / C++ code
[1.833s] -- Configured cppcheck include dirs: /home/angus/path/to/colcon_ws/src/aruco_ros/aruco_ros/include
[1.833s] -- Configured cppcheck exclude dirs and/or files: 
[1.834s] -- Added test 'cpplint' to check C / C++ code against the Google style
[1.834s] -- Configured cpplint exclude dirs and/or files: 
[1.835s] -- Added test 'flake8' to check Python code syntax and style conventions
[1.836s] -- Added test 'lint_cmake' to check CMake code style
[1.836s] -- Added test 'pep257' to check Python code against some of the docstring style conventions in PEP 257
[1.838s] -- Added test 'uncrustify' to check C / C++ code style
[1.838s] -- Configured uncrustify additional arguments: 
[1.838s] -- Added test 'xmllint' to check XML markup files
[1.840s] -- Configuring done
[1.877s] -- Generating done
[1.878s] -- Build files have been written to: /home/angus/path/to/colcon_ws/build/aruco_ros
[1.888s] Invoked command in '/home/angus/path/to/colcon_ws/build/aruco_ros' returned '0': AMENT_PREFIX_PATH=/home/angus/path/to/colcon_ws/install/aruco_msgs:/home/angus/path/to/colcon_ws/install/aruco:${AMENT_PREFIX_PATH} CMAKE_PREFIX_PATH=/home/angus/path/to/colcon_ws/install/aruco_msgs:/home/angus/path/to/colcon_ws/install/aruco:/home/angus/ros2_ws/install/sjtu_drone_description:/home/angus/ros2_ws/install/husky_gazebo:/home/angus/ros2_ws/install/husky_control:/home/angus/ros2_ws/install/husky_description:/home/angus/ros2_ws/install/gazebo_tf:/home/angus/ros2_ws/install/audibot:/home/angus/ros2_ws/install/audibot_gazebo:/home/angus/ros2_ws/install/audibot_description:/home/angus/ros2_ws/install/a3_support:/home/angus/ros2_ws/install/a3_skeleton:/home/angus/ros2_ws/install/sjtu_drone_control:/home/angus/ros2_ws/install/sjtu_drone_bringup:/opt/ros/humble LD_LIBRARY_PATH=/home/angus/path/to/colcon_ws/install/aruco_msgs/lib:/home/angus/path/to/colcon_ws/install/aruco/lib:${LD_LIBRARY_PATH} PYTHONPATH=/home/angus/path/to/colcon_ws/install/aruco_msgs/local/lib/python3.10/dist-packages:${PYTHONPATH} /usr/bin/cmake /home/angus/path/to/colcon_ws/src/aruco_ros/aruco_ros -DCMAKE_INSTALL_PREFIX=/home/angus/path/to/colcon_ws/install/aruco_ros
[1.890s] Invoking command in '/home/angus/path/to/colcon_ws/build/aruco_ros': AMENT_PREFIX_PATH=/home/angus/path/to/colcon_ws/install/aruco_msgs:/home/angus/path/to/colcon_ws/install/aruco:${AMENT_PREFIX_PATH} CMAKE_PREFIX_PATH=/home/angus/path/to/colcon_ws/install/aruco_msgs:/home/angus/path/to/colcon_ws/install/aruco:/home/angus/ros2_ws/install/sjtu_drone_description:/home/angus/ros2_ws/install/husky_gazebo:/home/angus/ros2_ws/install/husky_control:/home/angus/ros2_ws/install/husky_description:/home/angus/ros2_ws/install/gazebo_tf:/home/angus/ros2_ws/install/audibot:/home/angus/ros2_ws/install/audibot_gazebo:/home/angus/ros2_ws/install/audibot_description:/home/angus/ros2_ws/install/a3_support:/home/angus/ros2_ws/install/a3_skeleton:/home/angus/ros2_ws/install/sjtu_drone_control:/home/angus/ros2_ws/install/sjtu_drone_bringup:/opt/ros/humble LD_LIBRARY_PATH=/home/angus/path/to/colcon_ws/install/aruco_msgs/lib:/home/angus/path/to/colcon_ws/install/aruco/lib:${LD_LIBRARY_PATH} PYTHONPATH=/home/angus/path/to/colcon_ws/install/aruco_msgs/local/lib/python3.10/dist-packages:${PYTHONPATH} /usr/bin/cmake --build /home/angus/path/to/colcon_ws/build/aruco_ros -- -j16 -l16
[1.939s] [ 63%] [32mBuilding CXX object CMakeFiles/single.dir/src/aruco_ros_utils.cpp.o[0m
[1.939s] [ 63%] [32mBuilding CXX object CMakeFiles/marker_publisher.dir/src/aruco_ros_utils.cpp.o[0m
[1.939s] [ 63%] [32mBuilding CXX object CMakeFiles/aruco_ros_utils.dir/src/aruco_ros_utils.cpp.o[0m
[1.939s] [ 63%] [32mBuilding CXX object CMakeFiles/double.dir/src/simple_double.cpp.o[0m
[1.940s] [ 63%] [32mBuilding CXX object CMakeFiles/single.dir/src/simple_single.cpp.o[0m
[1.940s] [ 63%] [32mBuilding CXX object CMakeFiles/double.dir/src/aruco_ros_utils.cpp.o[0m
[1.940s] [ 63%] [32mBuilding CXX object CMakeFiles/marker_publisher.dir/src/marker_publish.cpp.o[0m
[3.641s] [ 72%] [32m[1mLinking CXX shared library libaruco_ros_utils.so[0m
[4.887s] [ 72%] Built target aruco_ros_utils
[15.589s] [ 81%] [32m[1mLinking CXX executable double[0m
[16.108s] [ 90%] [32m[1mLinking CXX executable marker_publisher[0m
[16.214s] [100%] [32m[1mLinking CXX executable single[0m
[16.621s] [100%] Built target double
[17.178s] [100%] Built target marker_publisher
[17.243s] [100%] Built target single
[17.254s] Invoked command in '/home/angus/path/to/colcon_ws/build/aruco_ros' returned '0': AMENT_PREFIX_PATH=/home/angus/path/to/colcon_ws/install/aruco_msgs:/home/angus/path/to/colcon_ws/install/aruco:${AMENT_PREFIX_PATH} CMAKE_PREFIX_PATH=/home/angus/path/to/colcon_ws/install/aruco_msgs:/home/angus/path/to/colcon_ws/install/aruco:/home/angus/ros2_ws/install/sjtu_drone_description:/home/angus/ros2_ws/install/husky_gazebo:/home/angus/ros2_ws/install/husky_control:/home/angus/ros2_ws/install/husky_description:/home/angus/ros2_ws/install/gazebo_tf:/home/angus/ros2_ws/install/audibot:/home/angus/ros2_ws/install/audibot_gazebo:/home/angus/ros2_ws/install/audibot_description:/home/angus/ros2_ws/install/a3_support:/home/angus/ros2_ws/install/a3_skeleton:/home/angus/ros2_ws/install/sjtu_drone_control:/home/angus/ros2_ws/install/sjtu_drone_bringup:/opt/ros/humble LD_LIBRARY_PATH=/home/angus/path/to/colcon_ws/install/aruco_msgs/lib:/home/angus/path/to/colcon_ws/install/aruco/lib:${LD_LIBRARY_PATH} PYTHONPATH=/home/angus/path/to/colcon_ws/install/aruco_msgs/local/lib/python3.10/dist-packages:${PYTHONPATH} /usr/bin/cmake --build /home/angus/path/to/colcon_ws/build/aruco_ros -- -j16 -l16
[17.289s] Invoking command in '/home/angus/path/to/colcon_ws/build/aruco_ros': AMENT_PREFIX_PATH=/home/angus/path/to/colcon_ws/install/aruco_msgs:/home/angus/path/to/colcon_ws/install/aruco:${AMENT_PREFIX_PATH} CMAKE_PREFIX_PATH=/home/angus/path/to/colcon_ws/install/aruco_msgs:/home/angus/path/to/colcon_ws/install/aruco:/home/angus/ros2_ws/install/sjtu_drone_description:/home/angus/ros2_ws/install/husky_gazebo:/home/angus/ros2_ws/install/husky_control:/home/angus/ros2_ws/install/husky_description:/home/angus/ros2_ws/install/gazebo_tf:/home/angus/ros2_ws/install/audibot:/home/angus/ros2_ws/install/audibot_gazebo:/home/angus/ros2_ws/install/audibot_description:/home/angus/ros2_ws/install/a3_support:/home/angus/ros2_ws/install/a3_skeleton:/home/angus/ros2_ws/install/sjtu_drone_control:/home/angus/ros2_ws/install/sjtu_drone_bringup:/opt/ros/humble LD_LIBRARY_PATH=/home/angus/path/to/colcon_ws/install/aruco_msgs/lib:/home/angus/path/to/colcon_ws/install/aruco/lib:${LD_LIBRARY_PATH} PYTHONPATH=/home/angus/path/to/colcon_ws/install/aruco_msgs/local/lib/python3.10/dist-packages:${PYTHONPATH} /usr/bin/cmake --install /home/angus/path/to/colcon_ws/build/aruco_ros
[17.297s] -- Install configuration: ""
[17.297s] -- Installing: /home/angus/path/to/colcon_ws/install/aruco_ros/lib/libaruco_ros_utils.so
[17.297s] -- Set runtime path of "/home/angus/path/to/colcon_ws/install/aruco_ros/lib/libaruco_ros_utils.so" to ""
[17.297s] -- Installing: /home/angus/path/to/colcon_ws/install/aruco_ros/lib/aruco_ros/marker_publisher
[17.303s] -- Set runtime path of "/home/angus/path/to/colcon_ws/install/aruco_ros/lib/aruco_ros/marker_publisher" to ""
[17.303s] -- Installing: /home/angus/path/to/colcon_ws/install/aruco_ros/lib/aruco_ros/single
[17.309s] -- Set runtime path of "/home/angus/path/to/colcon_ws/install/aruco_ros/lib/aruco_ros/single" to ""
[17.309s] -- Installing: /home/angus/path/to/colcon_ws/install/aruco_ros/lib/aruco_ros/double
[17.314s] -- Set runtime path of "/home/angus/path/to/colcon_ws/install/aruco_ros/lib/aruco_ros/double" to ""
[17.314s] -- Installing: /home/angus/path/to/colcon_ws/install/aruco_ros/include
[17.314s] -- Installing: /home/angus/path/to/colcon_ws/install/aruco_ros/include/aruco_ros
[17.314s] -- Installing: /home/angus/path/to/colcon_ws/install/aruco_ros/share/aruco_ros/etc
[17.314s] -- Installing: /home/angus/path/to/colcon_ws/install/aruco_ros/share/aruco_ros/etc/new_coordinates.png
[17.314s] -- Installing: /home/angus/path/to/colcon_ws/install/aruco_ros/share/aruco_ros/etc/marker26_5cm.jpg
[17.314s] -- Installing: /home/angus/path/to/colcon_ws/install/aruco_ros/share/aruco_ros/etc/marker_in_hand.jpg
[17.314s] -- Installing: /home/angus/path/to/colcon_ws/install/aruco_ros/share/aruco_ros/etc/marker582_5cm.jpg
[17.315s] -- Installing: /home/angus/path/to/colcon_ws/install/aruco_ros/share/aruco_ros/etc/marker_in_object.jpg
[17.315s] -- Installing: /home/angus/path/to/colcon_ws/install/aruco_ros/share/aruco_ros/etc/marker26_5cm_margin_2cm.jpg
[17.315s] -- Installing: /home/angus/path/to/colcon_ws/install/aruco_ros/share/aruco_ros/etc/reem_gazebo_floating_marker_world.png
[17.315s] -- Installing: /home/angus/path/to/colcon_ws/install/aruco_ros/share/aruco_ros/etc/reem_gazebo_floating_marker.png
[17.315s] -- Installing: /home/angus/path/to/colcon_ws/install/aruco_ros/share/aruco_ros/etc/marker26_5cm_margin_1cm.jpg
[17.315s] -- Installing: /home/angus/path/to/colcon_ws/install/aruco_ros/share/aruco_ros/etc/marker582_5cm_margin_2cm.jpg
[17.315s] -- Installing: /home/angus/path/to/colcon_ws/install/aruco_ros/share/aruco_ros/launch
[17.315s] -- Installing: /home/angus/path/to/colcon_ws/install/aruco_ros/share/aruco_ros/launch/marker_publisher.launch.py
[17.316s] -- Installing: /home/angus/path/to/colcon_ws/install/aruco_ros/share/aruco_ros/launch/single.launch.py
[17.316s] -- Installing: /home/angus/path/to/colcon_ws/install/aruco_ros/share/aruco_ros/launch/double.launch.py
[17.316s] -- Installing: /home/angus/path/to/colcon_ws/install/aruco_ros/share/ament_index/resource_index/package_run_dependencies/aruco_ros
[17.316s] -- Installing: /home/angus/path/to/colcon_ws/install/aruco_ros/share/ament_index/resource_index/parent_prefix_path/aruco_ros
[17.316s] -- Installing: /home/angus/path/to/colcon_ws/install/aruco_ros/share/aruco_ros/environment/ament_prefix_path.sh
[17.316s] -- Installing: /home/angus/path/to/colcon_ws/install/aruco_ros/share/aruco_ros/environment/ament_prefix_path.dsv
[17.316s] -- Installing: /home/angus/path/to/colcon_ws/install/aruco_ros/share/aruco_ros/environment/path.sh
[17.317s] -- Installing: /home/angus/path/to/colcon_ws/install/aruco_ros/share/aruco_ros/environment/path.dsv
[17.317s] -- Installing: /home/angus/path/to/colcon_ws/install/aruco_ros/share/aruco_ros/local_setup.bash
[17.317s] -- Installing: /home/angus/path/to/colcon_ws/install/aruco_ros/share/aruco_ros/local_setup.sh
[17.317s] -- Installing: /home/angus/path/to/colcon_ws/install/aruco_ros/share/aruco_ros/local_setup.zsh
[17.317s] -- Installing: /home/angus/path/to/colcon_ws/install/aruco_ros/share/aruco_ros/local_setup.dsv
[17.317s] -- Installing: /home/angus/path/to/colcon_ws/install/aruco_ros/share/aruco_ros/package.dsv
[17.317s] -- Installing: /home/angus/path/to/colcon_ws/install/aruco_ros/share/ament_index/resource_index/packages/aruco_ros
[17.317s] -- Installing: /home/angus/path/to/colcon_ws/install/aruco_ros/share/aruco_ros/cmake/aruco_rosConfig.cmake
[17.318s] -- Installing: /home/angus/path/to/colcon_ws/install/aruco_ros/share/aruco_ros/cmake/aruco_rosConfig-version.cmake
[17.318s] -- Installing: /home/angus/path/to/colcon_ws/install/aruco_ros/share/aruco_ros/package.xml
[17.320s] Invoked command in '/home/angus/path/to/colcon_ws/build/aruco_ros' returned '0': AMENT_PREFIX_PATH=/home/angus/path/to/colcon_ws/install/aruco_msgs:/home/angus/path/to/colcon_ws/install/aruco:${AMENT_PREFIX_PATH} CMAKE_PREFIX_PATH=/home/angus/path/to/colcon_ws/install/aruco_msgs:/home/angus/path/to/colcon_ws/install/aruco:/home/angus/ros2_ws/install/sjtu_drone_description:/home/angus/ros2_ws/install/husky_gazebo:/home/angus/ros2_ws/install/husky_control:/home/angus/ros2_ws/install/husky_description:/home/angus/ros2_ws/install/gazebo_tf:/home/angus/ros2_ws/install/audibot:/home/angus/ros2_ws/install/audibot_gazebo:/home/angus/ros2_ws/install/audibot_description:/home/angus/ros2_ws/install/a3_support:/home/angus/ros2_ws/install/a3_skeleton:/home/angus/ros2_ws/install/sjtu_drone_control:/home/angus/ros2_ws/install/sjtu_drone_bringup:/opt/ros/humble LD_LIBRARY_PATH=/home/angus/path/to/colcon_ws/install/aruco_msgs/lib:/home/angus/path/to/colcon_ws/install/aruco/lib:${LD_LIBRARY_PATH} PYTHONPATH=/home/angus/path/to/colcon_ws/install/aruco_msgs/local/lib/python3.10/dist-packages:${PYTHONPATH} /usr/bin/cmake --install /home/angus/path/to/colcon_ws/build/aruco_ros
