[0.017s] Invoking command in '/home/angus/path/to/colcon_ws/build/aruco': CMAKE_PREFIX_PATH=${CMAKE_PREFIX_PATH}:/home/angus/ros2_ws/install/sjtu_drone_control:/home/angus/ros2_ws/install/sjtu_drone_bringup:/opt/ros/humble /usr/bin/cmake --build /home/angus/path/to/colcon_ws/build/aruco -- -j16 -l16
[0.054s] [35m[1mConsolidate compiler generated dependencies of target aruco[0m
[0.092s] [100%] Built target aruco
[0.105s] Invoked command in '/home/angus/path/to/colcon_ws/build/aruco' returned '0': CMAKE_PREFIX_PATH=${CMAKE_PREFIX_PATH}:/home/angus/ros2_ws/install/sjtu_drone_control:/home/angus/ros2_ws/install/sjtu_drone_bringup:/opt/ros/humble /usr/bin/cmake --build /home/angus/path/to/colcon_ws/build/aruco -- -j16 -l16
[0.168s] Invoking command in '/home/angus/path/to/colcon_ws/build/aruco': CMAKE_PREFIX_PATH=${CMAKE_PREFIX_PATH}:/home/angus/ros2_ws/install/sjtu_drone_control:/home/angus/ros2_ws/install/sjtu_drone_bringup:/opt/ros/humble /usr/bin/cmake --install /home/angus/path/to/colcon_ws/build/aruco
[0.178s] -- Install configuration: ""
[0.178s] -- Up-to-date: /home/angus/path/to/colcon_ws/install/aruco/lib/libaruco.so
[0.178s] -- Up-to-date: /home/angus/path/to/colcon_ws/install/aruco/include
[0.179s] -- Up-to-date: /home/angus/path/to/colcon_ws/install/aruco/include/aruco
[0.179s] -- Up-to-date: /home/angus/path/to/colcon_ws/install/aruco/include/aruco/dictionary.h
[0.179s] -- Up-to-date: /home/angus/path/to/colcon_ws/install/aruco/include/aruco/markerdetector_impl.h
[0.179s] -- Up-to-date: /home/angus/path/to/colcon_ws/install/aruco/include/aruco/cvdrawingutils.h
[0.179s] -- Up-to-date: /home/angus/path/to/colcon_ws/install/aruco/include/aruco/dictionary_based.h
[0.179s] -- Up-to-date: /home/angus/path/to/colcon_ws/install/aruco/include/aruco/aruco_cvversioning.h
[0.179s] -- Up-to-date: /home/angus/path/to/colcon_ws/install/aruco/include/aruco/markermap.h
[0.179s] -- Up-to-date: /home/angus/path/to/colcon_ws/install/aruco/include/aruco/levmarq.h
[0.179s] -- Up-to-date: /home/angus/path/to/colcon_ws/install/aruco/include/aruco/marker.h
[0.180s] -- Up-to-date: /home/angus/path/to/colcon_ws/install/aruco/include/aruco/cameraparameters.h
[0.197s] -- Up-to-date: /home/angus/path/to/colcon_ws/install/aruco/include/aruco/timers.h
[0.197s] -- Up-to-date: /home/angus/path/to/colcon_ws/install/aruco/include/aruco/aruco_export.h
[0.197s] -- Up-to-date: /home/angus/path/to/colcon_ws/install/aruco/include/aruco/posetracker.h
[0.197s] -- Up-to-date: /home/angus/path/to/colcon_ws/install/aruco/include/aruco/debug.h
[0.197s] -- Up-to-date: /home/angus/path/to/colcon_ws/install/aruco/include/aruco/fractaldetector.h
[0.197s] -- Up-to-date: /home/angus/path/to/colcon_ws/install/aruco/include/aruco/ippe.h
[0.197s] -- Up-to-date: /home/angus/path/to/colcon_ws/install/aruco/include/aruco/markerdetector.h
[0.197s] -- Up-to-date: /home/angus/path/to/colcon_ws/install/aruco/include/aruco/fractallabelers
[0.197s] -- Up-to-date: /home/angus/path/to/colcon_ws/install/aruco/include/aruco/fractallabelers/fractalposetracker.h
[0.197s] -- Up-to-date: /home/angus/path/to/colcon_ws/install/aruco/include/aruco/fractallabelers/fractallabeler.h
[0.198s] -- Up-to-date: /home/angus/path/to/colcon_ws/install/aruco/include/aruco/fractallabelers/fractalmarkerset.h
[0.198s] -- Up-to-date: /home/angus/path/to/colcon_ws/install/aruco/include/aruco/fractallabelers/fractalmarker.h
[0.198s] -- Up-to-date: /home/angus/path/to/colcon_ws/install/aruco/include/aruco/markerlabeler.h
[0.198s] -- Up-to-date: /home/angus/path/to/colcon_ws/install/aruco/include/aruco/aruco.h
[0.198s] -- Up-to-date: /home/angus/path/to/colcon_ws/install/aruco/include/aruco/picoflann.h
[0.198s] -- Up-to-date: /home/angus/path/to/colcon_ws/install/aruco/share/aruco/environment/library_path.sh
[0.198s] -- Up-to-date: /home/angus/path/to/colcon_ws/install/aruco/share/aruco/environment/library_path.dsv
[0.198s] -- Up-to-date: /home/angus/path/to/colcon_ws/install/aruco/share/ament_index/resource_index/package_run_dependencies/aruco
[0.198s] -- Up-to-date: /home/angus/path/to/colcon_ws/install/aruco/share/ament_index/resource_index/parent_prefix_path/aruco
[0.198s] -- Up-to-date: /home/angus/path/to/colcon_ws/install/aruco/share/aruco/environment/ament_prefix_path.sh
[0.198s] -- Up-to-date: /home/angus/path/to/colcon_ws/install/aruco/share/aruco/environment/ament_prefix_path.dsv
[0.198s] -- Up-to-date: /home/angus/path/to/colcon_ws/install/aruco/share/aruco/environment/path.sh
[0.198s] -- Up-to-date: /home/angus/path/to/colcon_ws/install/aruco/share/aruco/environment/path.dsv
[0.198s] -- Up-to-date: /home/angus/path/to/colcon_ws/install/aruco/share/aruco/local_setup.bash
[0.198s] -- Up-to-date: /home/angus/path/to/colcon_ws/install/aruco/share/aruco/local_setup.sh
[0.198s] -- Up-to-date: /home/angus/path/to/colcon_ws/install/aruco/share/aruco/local_setup.zsh
[0.198s] -- Up-to-date: /home/angus/path/to/colcon_ws/install/aruco/share/aruco/local_setup.dsv
[0.198s] -- Installing: /home/angus/path/to/colcon_ws/install/aruco/share/aruco/package.dsv
[0.198s] -- Up-to-date: /home/angus/path/to/colcon_ws/install/aruco/share/ament_index/resource_index/packages/aruco
[0.199s] -- Up-to-date: /home/angus/path/to/colcon_ws/install/aruco/share/aruco/cmake/ament_cmake_export_include_directories-extras.cmake
[0.199s] -- Up-to-date: /home/angus/path/to/colcon_ws/install/aruco/share/aruco/cmake/ament_cmake_export_libraries-extras.cmake
[0.199s] -- Up-to-date: /home/angus/path/to/colcon_ws/install/aruco/share/aruco/cmake/arucoConfig.cmake
[0.199s] -- Up-to-date: /home/angus/path/to/colcon_ws/install/aruco/share/aruco/cmake/arucoConfig-version.cmake
[0.199s] -- Up-to-date: /home/angus/path/to/colcon_ws/install/aruco/share/aruco/package.xml
[0.209s] Invoked command in '/home/angus/path/to/colcon_ws/build/aruco' returned '0': CMAKE_PREFIX_PATH=${CMAKE_PREFIX_PATH}:/home/angus/ros2_ws/install/sjtu_drone_control:/home/angus/ros2_ws/install/sjtu_drone_bringup:/opt/ros/humble /usr/bin/cmake --install /home/angus/path/to/colcon_ws/build/aruco
