[0.010s] Invoking command in '/home/angus/path/to/colcon_ws/build/aruco_ros': AMENT_PREFIX_PATH=/home/angus/path/to/colcon_ws/install/aruco_msgs:/home/angus/path/to/colcon_ws/install/aruco:${AMENT_PREFIX_PATH} CMAKE_PREFIX_PATH=/home/angus/path/to/colcon_ws/install/aruco_msgs:/home/angus/path/to/colcon_ws/install/aruco:/home/angus/ros2_ws/install/sjtu_drone_description:/home/angus/ros2_ws/install/husky_gazebo:/home/angus/ros2_ws/install/husky_control:/home/angus/ros2_ws/install/husky_description:/home/angus/ros2_ws/install/gazebo_tf:/home/angus/ros2_ws/install/audibot:/home/angus/ros2_ws/install/audibot_gazebo:/home/angus/ros2_ws/install/audibot_description:/home/angus/ros2_ws/install/a3_support:/home/angus/ros2_ws/install/a3_skeleton:/home/angus/ros2_ws/install/sjtu_drone_control:/home/angus/ros2_ws/install/sjtu_drone_bringup:/opt/ros/humble LD_LIBRARY_PATH=/home/angus/path/to/colcon_ws/install/aruco_msgs/lib:/home/angus/path/to/colcon_ws/install/aruco/lib:${LD_LIBRARY_PATH} PYTHONPATH=/home/angus/path/to/colcon_ws/install/aruco_msgs/local/lib/python3.10/dist-packages:${PYTHONPATH} /usr/bin/cmake --build /home/angus/path/to/colcon_ws/build/aruco_ros -- -j16 -l16
[0.048s] [35m[1mConsolidate compiler generated dependencies of target aruco_ros_utils[0m
[0.048s] [35m[1mConsolidate compiler generated dependencies of target double[0m
[0.048s] [35m[1mConsolidate compiler generated dependencies of target marker_publisher[0m
[0.048s] [35m[1mConsolidate compiler generated dependencies of target single[0m
[0.063s] [ 18%] Built target aruco_ros_utils
[0.069s] [ 54%] Built target double
[0.069s] [ 90%] Built target single
[0.069s] [100%] Built target marker_publisher
[0.079s] Invoked command in '/home/angus/path/to/colcon_ws/build/aruco_ros' returned '0': AMENT_PREFIX_PATH=/home/angus/path/to/colcon_ws/install/aruco_msgs:/home/angus/path/to/colcon_ws/install/aruco:${AMENT_PREFIX_PATH} CMAKE_PREFIX_PATH=/home/angus/path/to/colcon_ws/install/aruco_msgs:/home/angus/path/to/colcon_ws/install/aruco:/home/angus/ros2_ws/install/sjtu_drone_description:/home/angus/ros2_ws/install/husky_gazebo:/home/angus/ros2_ws/install/husky_control:/home/angus/ros2_ws/install/husky_description:/home/angus/ros2_ws/install/gazebo_tf:/home/angus/ros2_ws/install/audibot:/home/angus/ros2_ws/install/audibot_gazebo:/home/angus/ros2_ws/install/audibot_description:/home/angus/ros2_ws/install/a3_support:/home/angus/ros2_ws/install/a3_skeleton:/home/angus/ros2_ws/install/sjtu_drone_control:/home/angus/ros2_ws/install/sjtu_drone_bringup:/opt/ros/humble LD_LIBRARY_PATH=/home/angus/path/to/colcon_ws/install/aruco_msgs/lib:/home/angus/path/to/colcon_ws/install/aruco/lib:${LD_LIBRARY_PATH} PYTHONPATH=/home/angus/path/to/colcon_ws/install/aruco_msgs/local/lib/python3.10/dist-packages:${PYTHONPATH} /usr/bin/cmake --build /home/angus/path/to/colcon_ws/build/aruco_ros -- -j16 -l16
[0.112s] Invoking command in '/home/angus/path/to/colcon_ws/build/aruco_ros': AMENT_PREFIX_PATH=/home/angus/path/to/colcon_ws/install/aruco_msgs:/home/angus/path/to/colcon_ws/install/aruco:${AMENT_PREFIX_PATH} CMAKE_PREFIX_PATH=/home/angus/path/to/colcon_ws/install/aruco_msgs:/home/angus/path/to/colcon_ws/install/aruco:/home/angus/ros2_ws/install/sjtu_drone_description:/home/angus/ros2_ws/install/husky_gazebo:/home/angus/ros2_ws/install/husky_control:/home/angus/ros2_ws/install/husky_description:/home/angus/ros2_ws/install/gazebo_tf:/home/angus/ros2_ws/install/audibot:/home/angus/ros2_ws/install/audibot_gazebo:/home/angus/ros2_ws/install/audibot_description:/home/angus/ros2_ws/install/a3_support:/home/angus/ros2_ws/install/a3_skeleton:/home/angus/ros2_ws/install/sjtu_drone_control:/home/angus/ros2_ws/install/sjtu_drone_bringup:/opt/ros/humble LD_LIBRARY_PATH=/home/angus/path/to/colcon_ws/install/aruco_msgs/lib:/home/angus/path/to/colcon_ws/install/aruco/lib:${LD_LIBRARY_PATH} PYTHONPATH=/home/angus/path/to/colcon_ws/install/aruco_msgs/local/lib/python3.10/dist-packages:${PYTHONPATH} /usr/bin/cmake --install /home/angus/path/to/colcon_ws/build/aruco_ros
[0.118s] -- Install configuration: ""
[0.119s] -- Up-to-date: /home/angus/path/to/colcon_ws/install/aruco_ros/lib/libaruco_ros_utils.so
[0.119s] -- Up-to-date: /home/angus/path/to/colcon_ws/install/aruco_ros/lib/aruco_ros/marker_publisher
[0.119s] -- Up-to-date: /home/angus/path/to/colcon_ws/install/aruco_ros/lib/aruco_ros/single
[0.119s] -- Up-to-date: /home/angus/path/to/colcon_ws/install/aruco_ros/lib/aruco_ros/double
[0.120s] -- Up-to-date: /home/angus/path/to/colcon_ws/install/aruco_ros/include
[0.120s] -- Up-to-date: /home/angus/path/to/colcon_ws/install/aruco_ros/include/aruco_ros
[0.120s] -- Up-to-date: /home/angus/path/to/colcon_ws/install/aruco_ros/share/aruco_ros/etc
[0.120s] -- Up-to-date: /home/angus/path/to/colcon_ws/install/aruco_ros/share/aruco_ros/etc/new_coordinates.png
[0.120s] -- Up-to-date: /home/angus/path/to/colcon_ws/install/aruco_ros/share/aruco_ros/etc/marker26_5cm.jpg
[0.120s] -- Up-to-date: /home/angus/path/to/colcon_ws/install/aruco_ros/share/aruco_ros/etc/marker_in_hand.jpg
[0.120s] -- Up-to-date: /home/angus/path/to/colcon_ws/install/aruco_ros/share/aruco_ros/etc/marker582_5cm.jpg
[0.120s] -- Up-to-date: /home/angus/path/to/colcon_ws/install/aruco_ros/share/aruco_ros/etc/marker_in_object.jpg
[0.120s] -- Up-to-date: /home/angus/path/to/colcon_ws/install/aruco_ros/share/aruco_ros/etc/marker26_5cm_margin_2cm.jpg
[0.120s] -- Up-to-date: /home/angus/path/to/colcon_ws/install/aruco_ros/share/aruco_ros/etc/reem_gazebo_floating_marker_world.png
[0.121s] -- Up-to-date: /home/angus/path/to/colcon_ws/install/aruco_ros/share/aruco_ros/etc/reem_gazebo_floating_marker.png
[0.121s] -- Up-to-date: /home/angus/path/to/colcon_ws/install/aruco_ros/share/aruco_ros/etc/marker26_5cm_margin_1cm.jpg
[0.121s] -- Up-to-date: /home/angus/path/to/colcon_ws/install/aruco_ros/share/aruco_ros/etc/marker582_5cm_margin_2cm.jpg
[0.121s] -- Up-to-date: /home/angus/path/to/colcon_ws/install/aruco_ros/share/aruco_ros/launch
[0.121s] -- Up-to-date: /home/angus/path/to/colcon_ws/install/aruco_ros/share/aruco_ros/launch/marker_publisher.launch.py
[0.121s] -- Installing: /home/angus/path/to/colcon_ws/install/aruco_ros/share/aruco_ros/launch/single.launch.py
[0.121s] -- Installing: /home/angus/path/to/colcon_ws/install/aruco_ros/share/aruco_ros/launch/.vscode
[0.121s] -- Installing: /home/angus/path/to/colcon_ws/install/aruco_ros/share/aruco_ros/launch/.vscode/c_cpp_properties.json
[0.121s] -- Installing: /home/angus/path/to/colcon_ws/install/aruco_ros/share/aruco_ros/launch/.vscode/settings.json
[0.121s] -- Up-to-date: /home/angus/path/to/colcon_ws/install/aruco_ros/share/aruco_ros/launch/double.launch.py
[0.121s] -- Up-to-date: /home/angus/path/to/colcon_ws/install/aruco_ros/share/ament_index/resource_index/package_run_dependencies/aruco_ros
[0.121s] -- Up-to-date: /home/angus/path/to/colcon_ws/install/aruco_ros/share/ament_index/resource_index/parent_prefix_path/aruco_ros
[0.121s] -- Up-to-date: /home/angus/path/to/colcon_ws/install/aruco_ros/share/aruco_ros/environment/ament_prefix_path.sh
[0.121s] -- Up-to-date: /home/angus/path/to/colcon_ws/install/aruco_ros/share/aruco_ros/environment/ament_prefix_path.dsv
[0.121s] -- Up-to-date: /home/angus/path/to/colcon_ws/install/aruco_ros/share/aruco_ros/environment/path.sh
[0.121s] -- Up-to-date: /home/angus/path/to/colcon_ws/install/aruco_ros/share/aruco_ros/environment/path.dsv
[0.121s] -- Up-to-date: /home/angus/path/to/colcon_ws/install/aruco_ros/share/aruco_ros/local_setup.bash
[0.121s] -- Up-to-date: /home/angus/path/to/colcon_ws/install/aruco_ros/share/aruco_ros/local_setup.sh
[0.121s] -- Up-to-date: /home/angus/path/to/colcon_ws/install/aruco_ros/share/aruco_ros/local_setup.zsh
[0.121s] -- Up-to-date: /home/angus/path/to/colcon_ws/install/aruco_ros/share/aruco_ros/local_setup.dsv
[0.122s] -- Installing: /home/angus/path/to/colcon_ws/install/aruco_ros/share/aruco_ros/package.dsv
[0.122s] -- Up-to-date: /home/angus/path/to/colcon_ws/install/aruco_ros/share/ament_index/resource_index/packages/aruco_ros
[0.122s] -- Up-to-date: /home/angus/path/to/colcon_ws/install/aruco_ros/share/aruco_ros/cmake/aruco_rosConfig.cmake
[0.122s] -- Up-to-date: /home/angus/path/to/colcon_ws/install/aruco_ros/share/aruco_ros/cmake/aruco_rosConfig-version.cmake
[0.122s] -- Up-to-date: /home/angus/path/to/colcon_ws/install/aruco_ros/share/aruco_ros/package.xml
[0.123s] Invoked command in '/home/angus/path/to/colcon_ws/build/aruco_ros' returned '0': AMENT_PREFIX_PATH=/home/angus/path/to/colcon_ws/install/aruco_msgs:/home/angus/path/to/colcon_ws/install/aruco:${AMENT_PREFIX_PATH} CMAKE_PREFIX_PATH=/home/angus/path/to/colcon_ws/install/aruco_msgs:/home/angus/path/to/colcon_ws/install/aruco:/home/angus/ros2_ws/install/sjtu_drone_description:/home/angus/ros2_ws/install/husky_gazebo:/home/angus/ros2_ws/install/husky_control:/home/angus/ros2_ws/install/husky_description:/home/angus/ros2_ws/install/gazebo_tf:/home/angus/ros2_ws/install/audibot:/home/angus/ros2_ws/install/audibot_gazebo:/home/angus/ros2_ws/install/audibot_description:/home/angus/ros2_ws/install/a3_support:/home/angus/ros2_ws/install/a3_skeleton:/home/angus/ros2_ws/install/sjtu_drone_control:/home/angus/ros2_ws/install/sjtu_drone_bringup:/opt/ros/humble LD_LIBRARY_PATH=/home/angus/path/to/colcon_ws/install/aruco_msgs/lib:/home/angus/path/to/colcon_ws/install/aruco/lib:${LD_LIBRARY_PATH} PYTHONPATH=/home/angus/path/to/colcon_ws/install/aruco_msgs/local/lib/python3.10/dist-packages:${PYTHONPATH} /usr/bin/cmake --install /home/angus/path/to/colcon_ws/build/aruco_ros
