[0.081s] DEBUG:colcon:Command line arguments: ['/usr/bin/colcon', 'list', '-p', '--base-paths', '/home/angus/path/to/colcon_ws']
[0.081s] DEBUG:colcon:Parsed command line arguments: Namespace(log_base=None, log_level=None, verb_name='list', build_base='build', ignore_user_meta=False, metas=['./colcon.meta'], base_paths=['/home/angus/path/to/colcon_ws'], packages_ignore=None, packages_ignore_regex=None, paths=None, packages_up_to=None, packages_up_to_regex=None, packages_above=None, packages_above_and_dependencies=None, packages_above_depth=None, packages_select_by_dep=None, packages_skip_by_dep=None, packages_skip_up_to=None, packages_select_build_failed=False, packages_skip_build_finished=False, packages_select_test_failures=False, packages_skip_test_passed=False, packages_select=None, packages_skip=None, packages_select_regex=None, packages_skip_regex=None, packages_start=None, packages_end=None, allow_overriding=[], topological_order=False, names_only=False, paths_only=True, topological_graph=False, topological_graph_dot=False, topological_graph_density=False, topological_graph_legend=False, topological_graph_dot_cluster=False, topological_graph_dot_include_skipped=False, verb_parser=<colcon_defaults.argument_parser.defaults.DefaultArgumentsDecorator object at 0x7e8837aaa3b0>, verb_extension=<colcon_package_information.verb.list.ListVerb object at 0x7e8837c17010>, main=<bound method ListVerb.main of <colcon_package_information.verb.list.ListVerb object at 0x7e8837c17010>>)
[0.114s] Level 1:colcon.colcon_core.package_discovery:discover_packages(colcon_meta) check parameters
[0.114s] Level 1:colcon.colcon_core.package_discovery:discover_packages(recursive) check parameters
[0.114s] Level 1:colcon.colcon_core.package_discovery:discover_packages(ignore) check parameters
[0.114s] Level 1:colcon.colcon_core.package_discovery:discover_packages(path) check parameters
[0.114s] Level 1:colcon.colcon_core.package_discovery:discover_packages(recursive) discover
[0.114s] INFO:colcon.colcon_core.package_discovery:Crawling recursively for packages in '/home/angus/path/to/colcon_ws'
[0.114s] Level 1:colcon.colcon_core.package_identification:_identify(/home/angus/path/to/colcon_ws) by extensions ['ignore', 'ignore_ament_install']
[0.114s] Level 1:colcon.colcon_core.package_identification:_identify(/home/angus/path/to/colcon_ws) by extension 'ignore'
[0.114s] Level 1:colcon.colcon_core.package_identification:_identify(/home/angus/path/to/colcon_ws) by extension 'ignore_ament_install'
[0.115s] Level 1:colcon.colcon_core.package_identification:_identify(/home/angus/path/to/colcon_ws) by extensions ['colcon_pkg']
[0.115s] Level 1:colcon.colcon_core.package_identification:_identify(/home/angus/path/to/colcon_ws) by extension 'colcon_pkg'
[0.115s] Level 1:colcon.colcon_core.package_identification:_identify(/home/angus/path/to/colcon_ws) by extensions ['colcon_meta']
[0.115s] Level 1:colcon.colcon_core.package_identification:_identify(/home/angus/path/to/colcon_ws) by extension 'colcon_meta'
[0.115s] Level 1:colcon.colcon_core.package_identification:_identify(/home/angus/path/to/colcon_ws) by extensions ['ros']
[0.115s] Level 1:colcon.colcon_core.package_identification:_identify(/home/angus/path/to/colcon_ws) by extension 'ros'
[0.126s] Level 1:colcon.colcon_core.package_identification:_identify(/home/angus/path/to/colcon_ws) by extensions ['cmake', 'python']
[0.126s] Level 1:colcon.colcon_core.package_identification:_identify(/home/angus/path/to/colcon_ws) by extension 'cmake'
[0.126s] Level 1:colcon.colcon_core.package_identification:_identify(/home/angus/path/to/colcon_ws) by extension 'python'
[0.126s] Level 1:colcon.colcon_core.package_identification:_identify(/home/angus/path/to/colcon_ws) by extensions ['python_setup_py']
[0.126s] Level 1:colcon.colcon_core.package_identification:_identify(/home/angus/path/to/colcon_ws) by extension 'python_setup_py'
[0.126s] Level 1:colcon.colcon_core.package_identification:_identify(/home/angus/path/to/colcon_ws/build) by extensions ['ignore', 'ignore_ament_install']
[0.126s] Level 1:colcon.colcon_core.package_identification:_identify(/home/angus/path/to/colcon_ws/build) by extension 'ignore'
[0.126s] Level 1:colcon.colcon_core.package_identification:_identify(/home/angus/path/to/colcon_ws/build) ignored
[0.127s] Level 1:colcon.colcon_core.package_identification:_identify(/home/angus/path/to/colcon_ws/install) by extensions ['ignore', 'ignore_ament_install']
[0.127s] Level 1:colcon.colcon_core.package_identification:_identify(/home/angus/path/to/colcon_ws/install) by extension 'ignore'
[0.127s] Level 1:colcon.colcon_core.package_identification:_identify(/home/angus/path/to/colcon_ws/install) ignored
[0.127s] Level 1:colcon.colcon_core.package_identification:_identify(/home/angus/path/to/colcon_ws/log) by extensions ['ignore', 'ignore_ament_install']
[0.127s] Level 1:colcon.colcon_core.package_identification:_identify(/home/angus/path/to/colcon_ws/log) by extension 'ignore'
[0.127s] Level 1:colcon.colcon_core.package_identification:_identify(/home/angus/path/to/colcon_ws/log) ignored
[0.127s] Level 1:colcon.colcon_core.package_identification:_identify(/home/angus/path/to/colcon_ws/src) by extensions ['ignore', 'ignore_ament_install']
[0.127s] Level 1:colcon.colcon_core.package_identification:_identify(/home/angus/path/to/colcon_ws/src) by extension 'ignore'
[0.127s] Level 1:colcon.colcon_core.package_identification:_identify(/home/angus/path/to/colcon_ws/src) by extension 'ignore_ament_install'
[0.127s] Level 1:colcon.colcon_core.package_identification:_identify(/home/angus/path/to/colcon_ws/src) by extensions ['colcon_pkg']
[0.127s] Level 1:colcon.colcon_core.package_identification:_identify(/home/angus/path/to/colcon_ws/src) by extension 'colcon_pkg'
[0.127s] Level 1:colcon.colcon_core.package_identification:_identify(/home/angus/path/to/colcon_ws/src) by extensions ['colcon_meta']
[0.127s] Level 1:colcon.colcon_core.package_identification:_identify(/home/angus/path/to/colcon_ws/src) by extension 'colcon_meta'
[0.127s] Level 1:colcon.colcon_core.package_identification:_identify(/home/angus/path/to/colcon_ws/src) by extensions ['ros']
[0.127s] Level 1:colcon.colcon_core.package_identification:_identify(/home/angus/path/to/colcon_ws/src) by extension 'ros'
[0.127s] Level 1:colcon.colcon_core.package_identification:_identify(/home/angus/path/to/colcon_ws/src) by extensions ['cmake', 'python']
[0.127s] Level 1:colcon.colcon_core.package_identification:_identify(/home/angus/path/to/colcon_ws/src) by extension 'cmake'
[0.127s] Level 1:colcon.colcon_core.package_identification:_identify(/home/angus/path/to/colcon_ws/src) by extension 'python'
[0.127s] Level 1:colcon.colcon_core.package_identification:_identify(/home/angus/path/to/colcon_ws/src) by extensions ['python_setup_py']
[0.128s] Level 1:colcon.colcon_core.package_identification:_identify(/home/angus/path/to/colcon_ws/src) by extension 'python_setup_py'
[0.128s] Level 1:colcon.colcon_core.package_identification:_identify(/home/angus/path/to/colcon_ws/src/aruco_ros) by extensions ['ignore', 'ignore_ament_install']
[0.128s] Level 1:colcon.colcon_core.package_identification:_identify(/home/angus/path/to/colcon_ws/src/aruco_ros) by extension 'ignore'
[0.128s] Level 1:colcon.colcon_core.package_identification:_identify(/home/angus/path/to/colcon_ws/src/aruco_ros) by extension 'ignore_ament_install'
[0.128s] Level 1:colcon.colcon_core.package_identification:_identify(/home/angus/path/to/colcon_ws/src/aruco_ros) by extensions ['colcon_pkg']
[0.128s] Level 1:colcon.colcon_core.package_identification:_identify(/home/angus/path/to/colcon_ws/src/aruco_ros) by extension 'colcon_pkg'
[0.128s] Level 1:colcon.colcon_core.package_identification:_identify(/home/angus/path/to/colcon_ws/src/aruco_ros) by extensions ['colcon_meta']
[0.128s] Level 1:colcon.colcon_core.package_identification:_identify(/home/angus/path/to/colcon_ws/src/aruco_ros) by extension 'colcon_meta'
[0.128s] Level 1:colcon.colcon_core.package_identification:_identify(/home/angus/path/to/colcon_ws/src/aruco_ros) by extensions ['ros']
[0.128s] Level 1:colcon.colcon_core.package_identification:_identify(/home/angus/path/to/colcon_ws/src/aruco_ros) by extension 'ros'
[0.128s] Level 1:colcon.colcon_core.package_identification:_identify(/home/angus/path/to/colcon_ws/src/aruco_ros) by extensions ['cmake', 'python']
[0.128s] Level 1:colcon.colcon_core.package_identification:_identify(/home/angus/path/to/colcon_ws/src/aruco_ros) by extension 'cmake'
[0.128s] Level 1:colcon.colcon_core.package_identification:_identify(/home/angus/path/to/colcon_ws/src/aruco_ros) by extension 'python'
[0.128s] Level 1:colcon.colcon_core.package_identification:_identify(/home/angus/path/to/colcon_ws/src/aruco_ros) by extensions ['python_setup_py']
[0.128s] Level 1:colcon.colcon_core.package_identification:_identify(/home/angus/path/to/colcon_ws/src/aruco_ros) by extension 'python_setup_py'
[0.128s] Level 1:colcon.colcon_core.package_identification:_identify(/home/angus/path/to/colcon_ws/src/aruco_ros/aruco) by extensions ['ignore', 'ignore_ament_install']
[0.128s] Level 1:colcon.colcon_core.package_identification:_identify(/home/angus/path/to/colcon_ws/src/aruco_ros/aruco) by extension 'ignore'
[0.128s] Level 1:colcon.colcon_core.package_identification:_identify(/home/angus/path/to/colcon_ws/src/aruco_ros/aruco) by extension 'ignore_ament_install'
[0.128s] Level 1:colcon.colcon_core.package_identification:_identify(/home/angus/path/to/colcon_ws/src/aruco_ros/aruco) by extensions ['colcon_pkg']
[0.128s] Level 1:colcon.colcon_core.package_identification:_identify(/home/angus/path/to/colcon_ws/src/aruco_ros/aruco) by extension 'colcon_pkg'
[0.128s] Level 1:colcon.colcon_core.package_identification:_identify(/home/angus/path/to/colcon_ws/src/aruco_ros/aruco) by extensions ['colcon_meta']
[0.128s] Level 1:colcon.colcon_core.package_identification:_identify(/home/angus/path/to/colcon_ws/src/aruco_ros/aruco) by extension 'colcon_meta'
[0.128s] Level 1:colcon.colcon_core.package_identification:_identify(/home/angus/path/to/colcon_ws/src/aruco_ros/aruco) by extensions ['ros']
[0.128s] Level 1:colcon.colcon_core.package_identification:_identify(/home/angus/path/to/colcon_ws/src/aruco_ros/aruco) by extension 'ros'
[0.130s] DEBUG:colcon.colcon_core.package_identification:Package '/home/angus/path/to/colcon_ws/src/aruco_ros/aruco' with type 'ros.ament_cmake' and name 'aruco'
[0.130s] Level 1:colcon.colcon_core.package_identification:_identify(/home/angus/path/to/colcon_ws/src/aruco_ros/aruco_msgs) by extensions ['ignore', 'ignore_ament_install']
[0.131s] Level 1:colcon.colcon_core.package_identification:_identify(/home/angus/path/to/colcon_ws/src/aruco_ros/aruco_msgs) by extension 'ignore'
[0.131s] Level 1:colcon.colcon_core.package_identification:_identify(/home/angus/path/to/colcon_ws/src/aruco_ros/aruco_msgs) by extension 'ignore_ament_install'
[0.131s] Level 1:colcon.colcon_core.package_identification:_identify(/home/angus/path/to/colcon_ws/src/aruco_ros/aruco_msgs) by extensions ['colcon_pkg']
[0.131s] Level 1:colcon.colcon_core.package_identification:_identify(/home/angus/path/to/colcon_ws/src/aruco_ros/aruco_msgs) by extension 'colcon_pkg'
[0.131s] Level 1:colcon.colcon_core.package_identification:_identify(/home/angus/path/to/colcon_ws/src/aruco_ros/aruco_msgs) by extensions ['colcon_meta']
[0.131s] Level 1:colcon.colcon_core.package_identification:_identify(/home/angus/path/to/colcon_ws/src/aruco_ros/aruco_msgs) by extension 'colcon_meta'
[0.131s] Level 1:colcon.colcon_core.package_identification:_identify(/home/angus/path/to/colcon_ws/src/aruco_ros/aruco_msgs) by extensions ['ros']
[0.131s] Level 1:colcon.colcon_core.package_identification:_identify(/home/angus/path/to/colcon_ws/src/aruco_ros/aruco_msgs) by extension 'ros'
[0.131s] DEBUG:colcon.colcon_core.package_identification:Package '/home/angus/path/to/colcon_ws/src/aruco_ros/aruco_msgs' with type 'ros.ament_cmake' and name 'aruco_msgs'
[0.131s] Level 1:colcon.colcon_core.package_identification:_identify(/home/angus/path/to/colcon_ws/src/aruco_ros/aruco_ros) by extensions ['ignore', 'ignore_ament_install']
[0.131s] Level 1:colcon.colcon_core.package_identification:_identify(/home/angus/path/to/colcon_ws/src/aruco_ros/aruco_ros) by extension 'ignore'
[0.131s] Level 1:colcon.colcon_core.package_identification:_identify(/home/angus/path/to/colcon_ws/src/aruco_ros/aruco_ros) by extension 'ignore_ament_install'
[0.131s] Level 1:colcon.colcon_core.package_identification:_identify(/home/angus/path/to/colcon_ws/src/aruco_ros/aruco_ros) by extensions ['colcon_pkg']
[0.131s] Level 1:colcon.colcon_core.package_identification:_identify(/home/angus/path/to/colcon_ws/src/aruco_ros/aruco_ros) by extension 'colcon_pkg'
[0.132s] Level 1:colcon.colcon_core.package_identification:_identify(/home/angus/path/to/colcon_ws/src/aruco_ros/aruco_ros) by extensions ['colcon_meta']
[0.132s] Level 1:colcon.colcon_core.package_identification:_identify(/home/angus/path/to/colcon_ws/src/aruco_ros/aruco_ros) by extension 'colcon_meta'
[0.132s] Level 1:colcon.colcon_core.package_identification:_identify(/home/angus/path/to/colcon_ws/src/aruco_ros/aruco_ros) by extensions ['ros']
[0.132s] Level 1:colcon.colcon_core.package_identification:_identify(/home/angus/path/to/colcon_ws/src/aruco_ros/aruco_ros) by extension 'ros'
[0.132s] DEBUG:colcon.colcon_core.package_identification:Package '/home/angus/path/to/colcon_ws/src/aruco_ros/aruco_ros' with type 'ros.ament_cmake' and name 'aruco_ros'
[0.133s] Level 1:colcon.colcon_core.package_identification:_identify(/home/angus/path/to/colcon_ws/src/realsense-ros) by extensions ['ignore', 'ignore_ament_install']
[0.133s] Level 1:colcon.colcon_core.package_identification:_identify(/home/angus/path/to/colcon_ws/src/realsense-ros) by extension 'ignore'
[0.133s] Level 1:colcon.colcon_core.package_identification:_identify(/home/angus/path/to/colcon_ws/src/realsense-ros) by extension 'ignore_ament_install'
[0.133s] Level 1:colcon.colcon_core.package_identification:_identify(/home/angus/path/to/colcon_ws/src/realsense-ros) by extensions ['colcon_pkg']
[0.133s] Level 1:colcon.colcon_core.package_identification:_identify(/home/angus/path/to/colcon_ws/src/realsense-ros) by extension 'colcon_pkg'
[0.133s] Level 1:colcon.colcon_core.package_identification:_identify(/home/angus/path/to/colcon_ws/src/realsense-ros) by extensions ['colcon_meta']
[0.133s] Level 1:colcon.colcon_core.package_identification:_identify(/home/angus/path/to/colcon_ws/src/realsense-ros) by extension 'colcon_meta'
[0.133s] Level 1:colcon.colcon_core.package_identification:_identify(/home/angus/path/to/colcon_ws/src/realsense-ros) by extensions ['ros']
[0.133s] Level 1:colcon.colcon_core.package_identification:_identify(/home/angus/path/to/colcon_ws/src/realsense-ros) by extension 'ros'
[0.133s] Level 1:colcon.colcon_core.package_identification:_identify(/home/angus/path/to/colcon_ws/src/realsense-ros) by extensions ['cmake', 'python']
[0.133s] Level 1:colcon.colcon_core.package_identification:_identify(/home/angus/path/to/colcon_ws/src/realsense-ros) by extension 'cmake'
[0.133s] Level 1:colcon.colcon_core.package_identification:_identify(/home/angus/path/to/colcon_ws/src/realsense-ros) by extension 'python'
[0.133s] Level 1:colcon.colcon_core.package_identification:_identify(/home/angus/path/to/colcon_ws/src/realsense-ros) by extensions ['python_setup_py']
[0.133s] Level 1:colcon.colcon_core.package_identification:_identify(/home/angus/path/to/colcon_ws/src/realsense-ros) by extension 'python_setup_py'
[0.133s] Level 1:colcon.colcon_core.package_identification:_identify(/home/angus/path/to/colcon_ws/src/realsense-ros/realsense2_camera) by extensions ['ignore', 'ignore_ament_install']
[0.133s] Level 1:colcon.colcon_core.package_identification:_identify(/home/angus/path/to/colcon_ws/src/realsense-ros/realsense2_camera) by extension 'ignore'
[0.133s] Level 1:colcon.colcon_core.package_identification:_identify(/home/angus/path/to/colcon_ws/src/realsense-ros/realsense2_camera) by extension 'ignore_ament_install'
[0.133s] Level 1:colcon.colcon_core.package_identification:_identify(/home/angus/path/to/colcon_ws/src/realsense-ros/realsense2_camera) by extensions ['colcon_pkg']
[0.133s] Level 1:colcon.colcon_core.package_identification:_identify(/home/angus/path/to/colcon_ws/src/realsense-ros/realsense2_camera) by extension 'colcon_pkg'
[0.133s] Level 1:colcon.colcon_core.package_identification:_identify(/home/angus/path/to/colcon_ws/src/realsense-ros/realsense2_camera) by extensions ['colcon_meta']
[0.133s] Level 1:colcon.colcon_core.package_identification:_identify(/home/angus/path/to/colcon_ws/src/realsense-ros/realsense2_camera) by extension 'colcon_meta'
[0.133s] Level 1:colcon.colcon_core.package_identification:_identify(/home/angus/path/to/colcon_ws/src/realsense-ros/realsense2_camera) by extensions ['ros']
[0.133s] Level 1:colcon.colcon_core.package_identification:_identify(/home/angus/path/to/colcon_ws/src/realsense-ros/realsense2_camera) by extension 'ros'
[0.137s] DEBUG:colcon.colcon_core.package_identification:Package '/home/angus/path/to/colcon_ws/src/realsense-ros/realsense2_camera' with type 'ros.ament_cmake' and name 'realsense2_camera'
[0.137s] Level 1:colcon.colcon_core.package_identification:_identify(/home/angus/path/to/colcon_ws/src/realsense-ros/realsense2_camera_msgs) by extensions ['ignore', 'ignore_ament_install']
[0.138s] Level 1:colcon.colcon_core.package_identification:_identify(/home/angus/path/to/colcon_ws/src/realsense-ros/realsense2_camera_msgs) by extension 'ignore'
[0.138s] Level 1:colcon.colcon_core.package_identification:_identify(/home/angus/path/to/colcon_ws/src/realsense-ros/realsense2_camera_msgs) by extension 'ignore_ament_install'
[0.138s] Level 1:colcon.colcon_core.package_identification:_identify(/home/angus/path/to/colcon_ws/src/realsense-ros/realsense2_camera_msgs) by extensions ['colcon_pkg']
[0.138s] Level 1:colcon.colcon_core.package_identification:_identify(/home/angus/path/to/colcon_ws/src/realsense-ros/realsense2_camera_msgs) by extension 'colcon_pkg'
[0.138s] Level 1:colcon.colcon_core.package_identification:_identify(/home/angus/path/to/colcon_ws/src/realsense-ros/realsense2_camera_msgs) by extensions ['colcon_meta']
[0.138s] Level 1:colcon.colcon_core.package_identification:_identify(/home/angus/path/to/colcon_ws/src/realsense-ros/realsense2_camera_msgs) by extension 'colcon_meta'
[0.138s] Level 1:colcon.colcon_core.package_identification:_identify(/home/angus/path/to/colcon_ws/src/realsense-ros/realsense2_camera_msgs) by extensions ['ros']
[0.138s] Level 1:colcon.colcon_core.package_identification:_identify(/home/angus/path/to/colcon_ws/src/realsense-ros/realsense2_camera_msgs) by extension 'ros'
[0.138s] DEBUG:colcon.colcon_core.package_identification:Package '/home/angus/path/to/colcon_ws/src/realsense-ros/realsense2_camera_msgs' with type 'ros.ament_cmake' and name 'realsense2_camera_msgs'
[0.138s] Level 1:colcon.colcon_core.package_identification:_identify(/home/angus/path/to/colcon_ws/src/realsense-ros/realsense2_description) by extensions ['ignore', 'ignore_ament_install']
[0.139s] Level 1:colcon.colcon_core.package_identification:_identify(/home/angus/path/to/colcon_ws/src/realsense-ros/realsense2_description) by extension 'ignore'
[0.139s] Level 1:colcon.colcon_core.package_identification:_identify(/home/angus/path/to/colcon_ws/src/realsense-ros/realsense2_description) by extension 'ignore_ament_install'
[0.139s] Level 1:colcon.colcon_core.package_identification:_identify(/home/angus/path/to/colcon_ws/src/realsense-ros/realsense2_description) by extensions ['colcon_pkg']
[0.139s] Level 1:colcon.colcon_core.package_identification:_identify(/home/angus/path/to/colcon_ws/src/realsense-ros/realsense2_description) by extension 'colcon_pkg'
[0.139s] Level 1:colcon.colcon_core.package_identification:_identify(/home/angus/path/to/colcon_ws/src/realsense-ros/realsense2_description) by extensions ['colcon_meta']
[0.139s] Level 1:colcon.colcon_core.package_identification:_identify(/home/angus/path/to/colcon_ws/src/realsense-ros/realsense2_description) by extension 'colcon_meta'
[0.139s] Level 1:colcon.colcon_core.package_identification:_identify(/home/angus/path/to/colcon_ws/src/realsense-ros/realsense2_description) by extensions ['ros']
[0.139s] Level 1:colcon.colcon_core.package_identification:_identify(/home/angus/path/to/colcon_ws/src/realsense-ros/realsense2_description) by extension 'ros'
[0.139s] DEBUG:colcon.colcon_core.package_identification:Package '/home/angus/path/to/colcon_ws/src/realsense-ros/realsense2_description' with type 'ros.ament_cmake' and name 'realsense2_description'
[0.139s] Level 1:colcon.colcon_core.package_identification:_identify(/home/angus/path/to/colcon_ws/src/realsense-ros/scripts) by extensions ['ignore', 'ignore_ament_install']
[0.139s] Level 1:colcon.colcon_core.package_identification:_identify(/home/angus/path/to/colcon_ws/src/realsense-ros/scripts) by extension 'ignore'
[0.139s] Level 1:colcon.colcon_core.package_identification:_identify(/home/angus/path/to/colcon_ws/src/realsense-ros/scripts) by extension 'ignore_ament_install'
[0.139s] Level 1:colcon.colcon_core.package_identification:_identify(/home/angus/path/to/colcon_ws/src/realsense-ros/scripts) by extensions ['colcon_pkg']
[0.139s] Level 1:colcon.colcon_core.package_identification:_identify(/home/angus/path/to/colcon_ws/src/realsense-ros/scripts) by extension 'colcon_pkg'
[0.139s] Level 1:colcon.colcon_core.package_identification:_identify(/home/angus/path/to/colcon_ws/src/realsense-ros/scripts) by extensions ['colcon_meta']
[0.140s] Level 1:colcon.colcon_core.package_identification:_identify(/home/angus/path/to/colcon_ws/src/realsense-ros/scripts) by extension 'colcon_meta'
[0.140s] Level 1:colcon.colcon_core.package_identification:_identify(/home/angus/path/to/colcon_ws/src/realsense-ros/scripts) by extensions ['ros']
[0.140s] Level 1:colcon.colcon_core.package_identification:_identify(/home/angus/path/to/colcon_ws/src/realsense-ros/scripts) by extension 'ros'
[0.140s] Level 1:colcon.colcon_core.package_identification:_identify(/home/angus/path/to/colcon_ws/src/realsense-ros/scripts) by extensions ['cmake', 'python']
[0.140s] Level 1:colcon.colcon_core.package_identification:_identify(/home/angus/path/to/colcon_ws/src/realsense-ros/scripts) by extension 'cmake'
[0.140s] Level 1:colcon.colcon_core.package_identification:_identify(/home/angus/path/to/colcon_ws/src/realsense-ros/scripts) by extension 'python'
[0.140s] Level 1:colcon.colcon_core.package_identification:_identify(/home/angus/path/to/colcon_ws/src/realsense-ros/scripts) by extensions ['python_setup_py']
[0.140s] Level 1:colcon.colcon_core.package_identification:_identify(/home/angus/path/to/colcon_ws/src/realsense-ros/scripts) by extension 'python_setup_py'
[0.140s] Level 1:colcon.colcon_core.package_identification:_identify(/home/angus/path/to/colcon_ws/src/usb_cam) by extensions ['ignore', 'ignore_ament_install']
[0.140s] Level 1:colcon.colcon_core.package_identification:_identify(/home/angus/path/to/colcon_ws/src/usb_cam) by extension 'ignore'
[0.140s] Level 1:colcon.colcon_core.package_identification:_identify(/home/angus/path/to/colcon_ws/src/usb_cam) by extension 'ignore_ament_install'
[0.140s] Level 1:colcon.colcon_core.package_identification:_identify(/home/angus/path/to/colcon_ws/src/usb_cam) by extensions ['colcon_pkg']
[0.140s] Level 1:colcon.colcon_core.package_identification:_identify(/home/angus/path/to/colcon_ws/src/usb_cam) by extension 'colcon_pkg'
[0.140s] Level 1:colcon.colcon_core.package_identification:_identify(/home/angus/path/to/colcon_ws/src/usb_cam) by extensions ['colcon_meta']
[0.140s] Level 1:colcon.colcon_core.package_identification:_identify(/home/angus/path/to/colcon_ws/src/usb_cam) by extension 'colcon_meta'
[0.140s] Level 1:colcon.colcon_core.package_identification:_identify(/home/angus/path/to/colcon_ws/src/usb_cam) by extensions ['ros']
[0.140s] Level 1:colcon.colcon_core.package_identification:_identify(/home/angus/path/to/colcon_ws/src/usb_cam) by extension 'ros'
[0.144s] DEBUG:colcon.colcon_core.package_identification:Package '/home/angus/path/to/colcon_ws/src/usb_cam' with type 'ros.ament_cmake' and name 'usb_cam'
[0.144s] Level 1:colcon.colcon_core.package_discovery:discover_packages(recursive) using defaults
