[0.008s] Invoking command in '/home/angus/path/to/colcon_ws/build/realsense2_camera': AMENT_PREFIX_PATH=/home/angus/path/to/colcon_ws/install/realsense2_camera_msgs:${AMENT_PREFIX_PATH} CMAKE_PREFIX_PATH=/home/angus/path/to/colcon_ws/install/realsense2_camera_msgs:/home/angus/ros2_ws/install/sjtu_drone_description:/home/angus/ros2_ws/install/husky_gazebo:/home/angus/ros2_ws/install/husky_control:/home/angus/ros2_ws/install/husky_description:/home/angus/ros2_ws/install/gazebo_tf:/home/angus/ros2_ws/install/audibot:/home/angus/ros2_ws/install/audibot_gazebo:/home/angus/ros2_ws/install/audibot_description:/home/angus/ros2_ws/install/a3_support:/home/angus/ros2_ws/install/a3_skeleton:/home/angus/ros2_ws/install/sjtu_drone_control:/home/angus/ros2_ws/install/sjtu_drone_bringup:/opt/ros/humble LD_LIBRARY_PATH=/home/angus/path/to/colcon_ws/install/realsense2_camera_msgs/lib:${LD_LIBRARY_PATH} PYTHONPATH=/home/angus/path/to/colcon_ws/install/realsense2_camera_msgs/local/lib/python3.10/dist-packages:${PYTHONPATH} /usr/bin/cmake --build /home/angus/path/to/colcon_ws/build/realsense2_camera -- -j16 -l16
[0.045s] [35m[1mConsolidate compiler generated dependencies of target gtest[0m
[0.045s] [35m[1mConsolidate compiler generated dependencies of target gtest_main[0m
[0.045s] [35m[1mConsolidate compiler generated dependencies of target realsense2_camera_node[0m
[0.052s] [35m[1mConsolidate compiler generated dependencies of target realsense2_camera[0m
[0.058s] [ 18%] Built target gtest_main
[0.058s] [ 18%] Built target gtest
[0.063s] [ 27%] Built target realsense2_camera_node
[0.067s] [35m[1mConsolidate compiler generated dependencies of target gtest_template[0m
[0.081s] [ 36%] Built target gtest_template
[0.104s] [100%] Built target realsense2_camera
[0.114s] Invoked command in '/home/angus/path/to/colcon_ws/build/realsense2_camera' returned '0': AMENT_PREFIX_PATH=/home/angus/path/to/colcon_ws/install/realsense2_camera_msgs:${AMENT_PREFIX_PATH} CMAKE_PREFIX_PATH=/home/angus/path/to/colcon_ws/install/realsense2_camera_msgs:/home/angus/ros2_ws/install/sjtu_drone_description:/home/angus/ros2_ws/install/husky_gazebo:/home/angus/ros2_ws/install/husky_control:/home/angus/ros2_ws/install/husky_description:/home/angus/ros2_ws/install/gazebo_tf:/home/angus/ros2_ws/install/audibot:/home/angus/ros2_ws/install/audibot_gazebo:/home/angus/ros2_ws/install/audibot_description:/home/angus/ros2_ws/install/a3_support:/home/angus/ros2_ws/install/a3_skeleton:/home/angus/ros2_ws/install/sjtu_drone_control:/home/angus/ros2_ws/install/sjtu_drone_bringup:/opt/ros/humble LD_LIBRARY_PATH=/home/angus/path/to/colcon_ws/install/realsense2_camera_msgs/lib:${LD_LIBRARY_PATH} PYTHONPATH=/home/angus/path/to/colcon_ws/install/realsense2_camera_msgs/local/lib/python3.10/dist-packages:${PYTHONPATH} /usr/bin/cmake --build /home/angus/path/to/colcon_ws/build/realsense2_camera -- -j16 -l16
[0.173s] Invoking command in '/home/angus/path/to/colcon_ws/build/realsense2_camera': AMENT_PREFIX_PATH=/home/angus/path/to/colcon_ws/install/realsense2_camera_msgs:${AMENT_PREFIX_PATH} CMAKE_PREFIX_PATH=/home/angus/path/to/colcon_ws/install/realsense2_camera_msgs:/home/angus/ros2_ws/install/sjtu_drone_description:/home/angus/ros2_ws/install/husky_gazebo:/home/angus/ros2_ws/install/husky_control:/home/angus/ros2_ws/install/husky_description:/home/angus/ros2_ws/install/gazebo_tf:/home/angus/ros2_ws/install/audibot:/home/angus/ros2_ws/install/audibot_gazebo:/home/angus/ros2_ws/install/audibot_description:/home/angus/ros2_ws/install/a3_support:/home/angus/ros2_ws/install/a3_skeleton:/home/angus/ros2_ws/install/sjtu_drone_control:/home/angus/ros2_ws/install/sjtu_drone_bringup:/opt/ros/humble LD_LIBRARY_PATH=/home/angus/path/to/colcon_ws/install/realsense2_camera_msgs/lib:${LD_LIBRARY_PATH} PYTHONPATH=/home/angus/path/to/colcon_ws/install/realsense2_camera_msgs/local/lib/python3.10/dist-packages:${PYTHONPATH} /usr/bin/cmake --install /home/angus/path/to/colcon_ws/build/realsense2_camera
[0.179s] -- Install configuration: "Release"
[0.179s] -- Up-to-date: /home/angus/path/to/colcon_ws/install/realsense2_camera/lib/realsense2_camera/realsense2_camera_node
[0.179s] -- Up-to-date: /home/angus/path/to/colcon_ws/install/realsense2_camera/lib/librealsense2_camera.so
[0.180s] -- Up-to-date: /home/angus/path/to/colcon_ws/install/realsense2_camera/include
[0.180s] -- Up-to-date: /home/angus/path/to/colcon_ws/install/realsense2_camera/include/base_realsense_node.h
[0.180s] -- Up-to-date: /home/angus/path/to/colcon_ws/install/realsense2_camera/include/profile_manager.h
[0.180s] -- Up-to-date: /home/angus/path/to/colcon_ws/install/realsense2_camera/include/ros_sensor.h
[0.180s] -- Up-to-date: /home/angus/path/to/colcon_ws/install/realsense2_camera/include/gl_window.h
[0.180s] -- Up-to-date: /home/angus/path/to/colcon_ws/install/realsense2_camera/include/named_filter.h
[0.180s] -- Up-to-date: /home/angus/path/to/colcon_ws/install/realsense2_camera/include/image_publisher.h
[0.180s] -- Up-to-date: /home/angus/path/to/colcon_ws/install/realsense2_camera/include/sensor_params.h
[0.180s] -- Up-to-date: /home/angus/path/to/colcon_ws/install/realsense2_camera/include/constants.h
[0.180s] -- Up-to-date: /home/angus/path/to/colcon_ws/install/realsense2_camera/include/ros_utils.h
[0.180s] -- Up-to-date: /home/angus/path/to/colcon_ws/install/realsense2_camera/include/realsense_node_factory.h
[0.180s] -- Up-to-date: /home/angus/path/to/colcon_ws/install/realsense2_camera/include/ros_param_backend.h
[0.180s] -- Up-to-date: /home/angus/path/to/colcon_ws/install/realsense2_camera/include/dynamic_params.h
[0.180s] -- Up-to-date: /home/angus/path/to/colcon_ws/install/realsense2_camera/share/realsense2_camera/launch
[0.180s] -- Up-to-date: /home/angus/path/to/colcon_ws/install/realsense2_camera/share/realsense2_camera/launch/rs_launch.py
[0.180s] -- Up-to-date: /home/angus/path/to/colcon_ws/install/realsense2_camera/share/realsense2_camera/launch/rs_multi_camera_launch_sync.py
[0.180s] -- Up-to-date: /home/angus/path/to/colcon_ws/install/realsense2_camera/share/realsense2_camera/launch/default.rviz
[0.181s] -- Up-to-date: /home/angus/path/to/colcon_ws/install/realsense2_camera/share/realsense2_camera/launch/rs_intra_process_demo_launch.py
[0.181s] -- Up-to-date: /home/angus/path/to/colcon_ws/install/realsense2_camera/share/realsense2_camera/launch/rs_multi_camera_launch.py
[0.181s] -- Up-to-date: /home/angus/path/to/colcon_ws/install/realsense2_camera/share/realsense2_camera/examples
[0.181s] -- Up-to-date: /home/angus/path/to/colcon_ws/install/realsense2_camera/share/realsense2_camera/examples/align_depth
[0.181s] -- Up-to-date: /home/angus/path/to/colcon_ws/install/realsense2_camera/share/realsense2_camera/examples/align_depth/README.md
[0.181s] -- Up-to-date: /home/angus/path/to/colcon_ws/install/realsense2_camera/share/realsense2_camera/examples/align_depth/rs_align_depth_launch.py
[0.181s] -- Up-to-date: /home/angus/path/to/colcon_ws/install/realsense2_camera/share/realsense2_camera/examples/launch_from_rosbag
[0.181s] -- Up-to-date: /home/angus/path/to/colcon_ws/install/realsense2_camera/share/realsense2_camera/examples/launch_from_rosbag/README.md
[0.181s] -- Up-to-date: /home/angus/path/to/colcon_ws/install/realsense2_camera/share/realsense2_camera/examples/launch_from_rosbag/rs_launch_from_rosbag.py
[0.181s] -- Up-to-date: /home/angus/path/to/colcon_ws/install/realsense2_camera/share/realsense2_camera/examples/dual_camera
[0.181s] -- Up-to-date: /home/angus/path/to/colcon_ws/install/realsense2_camera/share/realsense2_camera/examples/dual_camera/README.md
[0.181s] -- Up-to-date: /home/angus/path/to/colcon_ws/install/realsense2_camera/share/realsense2_camera/examples/dual_camera/rs_dual_camera_launch.py
[0.181s] -- Up-to-date: /home/angus/path/to/colcon_ws/install/realsense2_camera/share/realsense2_camera/examples/dual_camera/rviz
[0.181s] -- Up-to-date: /home/angus/path/to/colcon_ws/install/realsense2_camera/share/realsense2_camera/examples/dual_camera/rviz/dual_camera_pointcloud.rviz
[0.181s] -- Up-to-date: /home/angus/path/to/colcon_ws/install/realsense2_camera/share/realsense2_camera/examples/pointcloud
[0.181s] -- Up-to-date: /home/angus/path/to/colcon_ws/install/realsense2_camera/share/realsense2_camera/examples/pointcloud/rs_d455_pointcloud_launch.py
[0.181s] -- Up-to-date: /home/angus/path/to/colcon_ws/install/realsense2_camera/share/realsense2_camera/examples/pointcloud/README.md
[0.181s] -- Up-to-date: /home/angus/path/to/colcon_ws/install/realsense2_camera/share/realsense2_camera/examples/pointcloud/rs_pointcloud_launch.py
[0.181s] -- Up-to-date: /home/angus/path/to/colcon_ws/install/realsense2_camera/share/realsense2_camera/examples/pointcloud/rs_d405_pointcloud_launch.py
[0.181s] -- Up-to-date: /home/angus/path/to/colcon_ws/install/realsense2_camera/share/realsense2_camera/examples/pointcloud/rviz
[0.181s] -- Up-to-date: /home/angus/path/to/colcon_ws/install/realsense2_camera/share/realsense2_camera/examples/pointcloud/rviz/pointcloud.rviz
[0.182s] -- Up-to-date: /home/angus/path/to/colcon_ws/install/realsense2_camera/share/realsense2_camera/examples/pointcloud/rviz/urdf_pointcloud.rviz
[0.182s] -- Up-to-date: /home/angus/path/to/colcon_ws/install/realsense2_camera/share/realsense2_camera/examples/launch_params_from_file
[0.182s] -- Up-to-date: /home/angus/path/to/colcon_ws/install/realsense2_camera/share/realsense2_camera/examples/launch_params_from_file/README.md
[0.182s] -- Up-to-date: /home/angus/path/to/colcon_ws/install/realsense2_camera/share/realsense2_camera/examples/launch_params_from_file/config
[0.182s] -- Up-to-date: /home/angus/path/to/colcon_ws/install/realsense2_camera/share/realsense2_camera/examples/launch_params_from_file/config/config.yaml
[0.182s] -- Up-to-date: /home/angus/path/to/colcon_ws/install/realsense2_camera/share/realsense2_camera/examples/launch_params_from_file/rs_launch_get_params_from_yaml.py
[0.182s] -- Up-to-date: /home/angus/path/to/colcon_ws/install/realsense2_camera/share/realsense2_camera/environment/library_path.sh
[0.182s] -- Up-to-date: /home/angus/path/to/colcon_ws/install/realsense2_camera/share/realsense2_camera/environment/library_path.dsv
[0.182s] -- Up-to-date: /home/angus/path/to/colcon_ws/install/realsense2_camera/share/ament_index/resource_index/package_run_dependencies/realsense2_camera
[0.182s] -- Up-to-date: /home/angus/path/to/colcon_ws/install/realsense2_camera/share/ament_index/resource_index/parent_prefix_path/realsense2_camera
[0.182s] -- Up-to-date: /home/angus/path/to/colcon_ws/install/realsense2_camera/share/realsense2_camera/environment/ament_prefix_path.sh
[0.182s] -- Up-to-date: /home/angus/path/to/colcon_ws/install/realsense2_camera/share/realsense2_camera/environment/ament_prefix_path.dsv
[0.182s] -- Up-to-date: /home/angus/path/to/colcon_ws/install/realsense2_camera/share/realsense2_camera/environment/path.sh
[0.182s] -- Up-to-date: /home/angus/path/to/colcon_ws/install/realsense2_camera/share/realsense2_camera/environment/path.dsv
[0.182s] -- Up-to-date: /home/angus/path/to/colcon_ws/install/realsense2_camera/share/realsense2_camera/local_setup.bash
[0.182s] -- Up-to-date: /home/angus/path/to/colcon_ws/install/realsense2_camera/share/realsense2_camera/local_setup.sh
[0.182s] -- Up-to-date: /home/angus/path/to/colcon_ws/install/realsense2_camera/share/realsense2_camera/local_setup.zsh
[0.182s] -- Up-to-date: /home/angus/path/to/colcon_ws/install/realsense2_camera/share/realsense2_camera/local_setup.dsv
[0.182s] -- Installing: /home/angus/path/to/colcon_ws/install/realsense2_camera/share/realsense2_camera/package.dsv
[0.182s] -- Up-to-date: /home/angus/path/to/colcon_ws/install/realsense2_camera/share/ament_index/resource_index/packages/realsense2_camera
[0.182s] -- Up-to-date: /home/angus/path/to/colcon_ws/install/realsense2_camera/share/ament_index/resource_index/rclcpp_components/realsense2_camera
[0.182s] -- Up-to-date: /home/angus/path/to/colcon_ws/install/realsense2_camera/share/realsense2_camera/cmake/ament_cmake_export_include_directories-extras.cmake
[0.182s] -- Up-to-date: /home/angus/path/to/colcon_ws/install/realsense2_camera/share/realsense2_camera/cmake/ament_cmake_export_libraries-extras.cmake
[0.182s] -- Up-to-date: /home/angus/path/to/colcon_ws/install/realsense2_camera/share/realsense2_camera/cmake/ament_cmake_export_dependencies-extras.cmake
[0.183s] -- Up-to-date: /home/angus/path/to/colcon_ws/install/realsense2_camera/share/realsense2_camera/cmake/realsense2_cameraConfig.cmake
[0.183s] -- Up-to-date: /home/angus/path/to/colcon_ws/install/realsense2_camera/share/realsense2_camera/cmake/realsense2_cameraConfig-version.cmake
[0.183s] -- Up-to-date: /home/angus/path/to/colcon_ws/install/realsense2_camera/share/realsense2_camera/package.xml
[0.183s] Invoked command in '/home/angus/path/to/colcon_ws/build/realsense2_camera' returned '0': AMENT_PREFIX_PATH=/home/angus/path/to/colcon_ws/install/realsense2_camera_msgs:${AMENT_PREFIX_PATH} CMAKE_PREFIX_PATH=/home/angus/path/to/colcon_ws/install/realsense2_camera_msgs:/home/angus/ros2_ws/install/sjtu_drone_description:/home/angus/ros2_ws/install/husky_gazebo:/home/angus/ros2_ws/install/husky_control:/home/angus/ros2_ws/install/husky_description:/home/angus/ros2_ws/install/gazebo_tf:/home/angus/ros2_ws/install/audibot:/home/angus/ros2_ws/install/audibot_gazebo:/home/angus/ros2_ws/install/audibot_description:/home/angus/ros2_ws/install/a3_support:/home/angus/ros2_ws/install/a3_skeleton:/home/angus/ros2_ws/install/sjtu_drone_control:/home/angus/ros2_ws/install/sjtu_drone_bringup:/opt/ros/humble LD_LIBRARY_PATH=/home/angus/path/to/colcon_ws/install/realsense2_camera_msgs/lib:${LD_LIBRARY_PATH} PYTHONPATH=/home/angus/path/to/colcon_ws/install/realsense2_camera_msgs/local/lib/python3.10/dist-packages:${PYTHONPATH} /usr/bin/cmake --install /home/angus/path/to/colcon_ws/build/realsense2_camera
