[0.015s] Invoking command in '/home/angus/path/to/colcon_ws/build/apriltag': CMAKE_PREFIX_PATH=${CMAKE_PREFIX_PATH}:/home/angus/ros2_ws/install/sjtu_drone_control:/home/angus/ros2_ws/install/sjtu_drone_bringup:/opt/ros/humble /usr/bin/cmake /home/angus/path/to/colcon_ws/src/apriltag -DCMAKE_INSTALL_PREFIX=/home/angus/path/to/colcon_ws/install/apriltag
[0.059s] -- The C compiler identification is GNU 11.4.0
[0.074s] -- Detecting C compiler ABI info
[0.145s] -- Detecting C compiler ABI info - done
[0.151s] -- Check for working C compiler: /usr/bin/cc - skipped
[0.151s] -- Detecting C compile features
[0.151s] -- Detecting C compile features - done
[0.151s] -- Setting build type to 'Release' as none was specified.
[0.152s] -- Looking for pthread.h
[0.215s] -- Looking for pthread.h - found
[0.216s] -- Performing Test CMAKE_HAVE_LIBC_PTHREAD
[0.278s] -- Performing Test CMAKE_HAVE_LIBC_PTHREAD - Success
[0.278s] -- Found Threads: TRUE  
[1.196s] -- The CXX compiler identification is GNU 11.4.0
[1.201s] -- Detecting CXX compiler ABI info
[1.267s] -- Detecting CXX compiler ABI info - done
[1.272s] -- Check for working CXX compiler: /usr/bin/c++ - skipped
[1.272s] -- Detecting CXX compile features
[1.273s] -- Detecting CXX compile features - done
[1.273s] -- Configuring done
[1.282s] -- Generating done
[1.282s] -- Build files have been written to: /home/angus/path/to/colcon_ws/build/apriltag
[1.286s] Invoked command in '/home/angus/path/to/colcon_ws/build/apriltag' returned '0': CMAKE_PREFIX_PATH=${CMAKE_PREFIX_PATH}:/home/angus/ros2_ws/install/sjtu_drone_control:/home/angus/ros2_ws/install/sjtu_drone_bringup:/opt/ros/humble /usr/bin/cmake /home/angus/path/to/colcon_ws/src/apriltag -DCMAKE_INSTALL_PREFIX=/home/angus/path/to/colcon_ws/install/apriltag
[1.288s] Invoking command in '/home/angus/path/to/colcon_ws/build/apriltag': CMAKE_PREFIX_PATH=${CMAKE_PREFIX_PATH}:/home/angus/ros2_ws/install/sjtu_drone_control:/home/angus/ros2_ws/install/sjtu_drone_bringup:/opt/ros/humble /usr/bin/cmake --build /home/angus/path/to/colcon_ws/build/apriltag -- -j16 -l16
[1.333s] [ 19%] [34m[1mGenerating apriltag_detect_docstring.h, apriltag_detect_docstring.cxx[0m
[1.333s] [ 19%] [32mBuilding C object CMakeFiles/apriltag.dir/common/getopt.c.o[0m
[1.333s] [ 19%] [34m[1mGenerating apriltag_py_type_docstring.h, apriltag_py_type_docstring.cxx[0m
[1.333s] [ 19%] [32mBuilding C object CMakeFiles/apriltag.dir/apriltag.c.o[0m
[1.333s] [ 21%] [32mBuilding C object CMakeFiles/apriltag.dir/common/image_u8.c.o[0m
[1.333s] [ 24%] [32mBuilding C object CMakeFiles/apriltag.dir/common/homography.c.o[0m
[1.333s] [ 24%] [32mBuilding C object CMakeFiles/apriltag.dir/common/image_u8x3.c.o[0m
[1.334s] [ 19%] [32mBuilding C object CMakeFiles/apriltag.dir/common/g2d.c.o[0m
[1.334s] [ 26%] [32mBuilding C object CMakeFiles/apriltag.dir/common/image_u8x4.c.o[0m
[1.334s] [ 29%] [32mBuilding C object CMakeFiles/apriltag.dir/common/matd.c.o[0m
[1.334s] [ 19%] [32mBuilding C object CMakeFiles/apriltag.dir/apriltag_pose.c.o[0m
[1.334s] [ 19%] [32mBuilding C object CMakeFiles/apriltag.dir/apriltag_quad_thresh.c.o[0m
[1.334s] [ 34%] [32mBuilding C object CMakeFiles/apriltag.dir/common/pam.c.o[0m
[1.334s] [ 31%] [32mBuilding C object CMakeFiles/apriltag.dir/common/pjpeg.c.o[0m
[1.334s] [ 36%] [32mBuilding C object CMakeFiles/apriltag.dir/common/pnm.c.o[0m
[1.335s] [ 39%] [32mBuilding C object CMakeFiles/apriltag.dir/common/pjpeg-idct.c.o[0m
[1.357s] [ 41%] [32mBuilding C object CMakeFiles/apriltag.dir/common/pthreads_cross.c.o[0m
[1.392s] [ 41%] Built target apriltag_py_docstrings
[1.401s] [ 43%] [32mBuilding C object CMakeFiles/apriltag.dir/common/string_util.c.o[0m
[1.405s] [ 46%] [32mBuilding C object CMakeFiles/apriltag.dir/common/svd22.c.o[0m
[1.405s] [ 48%] [32mBuilding C object CMakeFiles/apriltag.dir/common/time_util.c.o[0m
[1.426s] [ 51%] [32mBuilding C object CMakeFiles/apriltag.dir/common/unionfind.c.o[0m
[1.464s] [ 53%] [32mBuilding C object CMakeFiles/apriltag.dir/common/workerpool.c.o[0m
[1.468s] [ 56%] [32mBuilding C object CMakeFiles/apriltag.dir/common/zarray.c.o[0m
[1.481s] [ 58%] [32mBuilding C object CMakeFiles/apriltag.dir/common/zhash.c.o[0m
[1.487s] [ 60%] [32mBuilding C object CMakeFiles/apriltag.dir/common/zmaxheap.c.o[0m
[1.512s] [ 63%] [32mBuilding C object CMakeFiles/apriltag.dir/tag16h5.c.o[0m
[1.534s] [ 65%] [32mBuilding C object CMakeFiles/apriltag.dir/tag25h9.c.o[0m
[1.541s] [ 68%] [32mBuilding C object CMakeFiles/apriltag.dir/tag36h10.c.o[0m
[1.544s] [ 70%] [32mBuilding C object CMakeFiles/apriltag.dir/tag36h11.c.o[0m
[1.554s] [ 73%] [32mBuilding C object CMakeFiles/apriltag.dir/tagCircle21h7.c.o[0m
[1.558s] [ 75%] [32mBuilding C object CMakeFiles/apriltag.dir/tagCircle49h12.c.o[0m
[1.578s] [ 80%] [32mBuilding C object CMakeFiles/apriltag.dir/tagCustom48h12.c.o[0m
[1.578s] [ 80%] [32mBuilding C object CMakeFiles/apriltag.dir/tagStandard41h12.c.o[0m
[1.604s] [ 82%] [32mBuilding C object CMakeFiles/apriltag.dir/tagStandard52h13.c.o[0m
[2.041s] [ 85%] [32m[1mLinking C shared library libapriltag.so[0m
[2.096s] [ 85%] Built target apriltag
[2.114s] [ 92%] [32mBuilding CXX object CMakeFiles/opencv_demo.dir/example/opencv_demo.cc.o[0m
[2.114s] [ 92%] [32mBuilding C object CMakeFiles/apriltag.cpython-310-x86_64-linux-gnu.dir/apriltag_pywrap.c.o[0m
[2.114s] [ 92%] [32mBuilding C object CMakeFiles/apriltag_demo.dir/example/apriltag_demo.c.o[0m
[2.193s] [ 95%] [32m[1mLinking C executable apriltag_demo[0m
[2.229s] [ 95%] Built target apriltag_demo
[2.231s] [ 97%] [32m[1mLinking C shared module apriltag.cpython-310-x86_64-linux-gnu.so[0m
[2.265s] [ 97%] Built target apriltag.cpython-310-x86_64-linux-gnu
[3.195s] [100%] [32m[1mLinking CXX executable opencv_demo[0m
[3.487s] [100%] Built target opencv_demo
[3.497s] Invoked command in '/home/angus/path/to/colcon_ws/build/apriltag' returned '0': CMAKE_PREFIX_PATH=${CMAKE_PREFIX_PATH}:/home/angus/ros2_ws/install/sjtu_drone_control:/home/angus/ros2_ws/install/sjtu_drone_bringup:/opt/ros/humble /usr/bin/cmake --build /home/angus/path/to/colcon_ws/build/apriltag -- -j16 -l16
[3.602s] Invoking command in '/home/angus/path/to/colcon_ws/build/apriltag': CMAKE_PREFIX_PATH=${CMAKE_PREFIX_PATH}:/home/angus/ros2_ws/install/sjtu_drone_control:/home/angus/ros2_ws/install/sjtu_drone_bringup:/opt/ros/humble /usr/bin/cmake --install /home/angus/path/to/colcon_ws/build/apriltag
[3.608s] -- Install configuration: "Release"
[3.608s] -- Installing: /home/angus/path/to/colcon_ws/install/apriltag/include/apriltag/apriltag.h
[3.608s] -- Installing: /home/angus/path/to/colcon_ws/install/apriltag/include/apriltag/apriltag_math.h
[3.609s] -- Installing: /home/angus/path/to/colcon_ws/install/apriltag/include/apriltag/apriltag_pose.h
[3.609s] -- Installing: /home/angus/path/to/colcon_ws/install/apriltag/include/apriltag/common/debug_print.h
[3.609s] -- Installing: /home/angus/path/to/colcon_ws/install/apriltag/include/apriltag/common/doubles.h
[3.609s] -- Installing: /home/angus/path/to/colcon_ws/install/apriltag/include/apriltag/common/doubles_floats_impl.h
[3.609s] -- Installing: /home/angus/path/to/colcon_ws/install/apriltag/include/apriltag/common/floats.h
[3.609s] -- Installing: /home/angus/path/to/colcon_ws/install/apriltag/include/apriltag/common/g2d.h
[3.609s] -- Installing: /home/angus/path/to/colcon_ws/install/apriltag/include/apriltag/common/getopt.h
[3.609s] -- Installing: /home/angus/path/to/colcon_ws/install/apriltag/include/apriltag/common/homography.h
[3.610s] -- Installing: /home/angus/path/to/colcon_ws/install/apriltag/include/apriltag/common/image_types.h
[3.610s] -- Installing: /home/angus/path/to/colcon_ws/install/apriltag/include/apriltag/common/image_u8.h
[3.610s] -- Installing: /home/angus/path/to/colcon_ws/install/apriltag/include/apriltag/common/image_u8x3.h
[3.610s] -- Installing: /home/angus/path/to/colcon_ws/install/apriltag/include/apriltag/common/image_u8x4.h
[3.610s] -- Installing: /home/angus/path/to/colcon_ws/install/apriltag/include/apriltag/common/matd.h
[3.611s] -- Installing: /home/angus/path/to/colcon_ws/install/apriltag/include/apriltag/common/math_util.h
[3.611s] -- Installing: /home/angus/path/to/colcon_ws/install/apriltag/include/apriltag/common/pam.h
[3.611s] -- Installing: /home/angus/path/to/colcon_ws/install/apriltag/include/apriltag/common/pjpeg.h
[3.611s] -- Installing: /home/angus/path/to/colcon_ws/install/apriltag/include/apriltag/common/pnm.h
[3.611s] -- Installing: /home/angus/path/to/colcon_ws/install/apriltag/include/apriltag/common/postscript_utils.h
[3.611s] -- Installing: /home/angus/path/to/colcon_ws/install/apriltag/include/apriltag/common/pthreads_cross.h
[3.611s] -- Installing: /home/angus/path/to/colcon_ws/install/apriltag/include/apriltag/common/string_util.h
[3.611s] -- Installing: /home/angus/path/to/colcon_ws/install/apriltag/include/apriltag/common/svd22.h
[3.611s] -- Installing: /home/angus/path/to/colcon_ws/install/apriltag/include/apriltag/common/time_util.h
[3.612s] -- Installing: /home/angus/path/to/colcon_ws/install/apriltag/include/apriltag/common/timeprofile.h
[3.612s] -- Installing: /home/angus/path/to/colcon_ws/install/apriltag/include/apriltag/common/unionfind.h
[3.612s] -- Installing: /home/angus/path/to/colcon_ws/install/apriltag/include/apriltag/common/workerpool.h
[3.612s] -- Installing: /home/angus/path/to/colcon_ws/install/apriltag/include/apriltag/common/zarray.h
[3.612s] -- Installing: /home/angus/path/to/colcon_ws/install/apriltag/include/apriltag/common/zhash.h
[3.612s] -- Installing: /home/angus/path/to/colcon_ws/install/apriltag/include/apriltag/common/zmaxheap.h
[3.612s] -- Installing: /home/angus/path/to/colcon_ws/install/apriltag/include/apriltag/tag16h5.h
[3.613s] -- Installing: /home/angus/path/to/colcon_ws/install/apriltag/include/apriltag/tag25h9.h
[3.613s] -- Installing: /home/angus/path/to/colcon_ws/install/apriltag/include/apriltag/tag36h10.h
[3.613s] -- Installing: /home/angus/path/to/colcon_ws/install/apriltag/include/apriltag/tag36h11.h
[3.613s] -- Installing: /home/angus/path/to/colcon_ws/install/apriltag/include/apriltag/tagCircle21h7.h
[3.613s] -- Installing: /home/angus/path/to/colcon_ws/install/apriltag/include/apriltag/tagCircle49h12.h
[3.613s] -- Installing: /home/angus/path/to/colcon_ws/install/apriltag/include/apriltag/tagCustom48h12.h
[3.613s] -- Installing: /home/angus/path/to/colcon_ws/install/apriltag/include/apriltag/tagStandard41h12.h
[3.613s] -- Installing: /home/angus/path/to/colcon_ws/install/apriltag/include/apriltag/tagStandard52h13.h
[3.614s] -- Installing: /home/angus/path/to/colcon_ws/install/apriltag/lib/libapriltag.so.3.4.2
[3.616s] -- Installing: /home/angus/path/to/colcon_ws/install/apriltag/lib/libapriltag.so.3
[3.616s] -- Installing: /home/angus/path/to/colcon_ws/install/apriltag/lib/libapriltag.so
[3.616s] -- Installing: /home/angus/path/to/colcon_ws/install/apriltag/share/apriltag/cmake/apriltagTargets.cmake
[3.616s] -- Installing: /home/angus/path/to/colcon_ws/install/apriltag/share/apriltag/cmake/apriltagTargets-release.cmake
[3.616s] -- Installing: /home/angus/path/to/colcon_ws/install/apriltag/share/apriltag/cmake/apriltagConfig.cmake
[3.616s] -- Installing: /home/angus/path/to/colcon_ws/install/apriltag/share/apriltag/cmake/apriltagConfigVersion.cmake
[3.616s] -- Installing: /home/angus/path/to/colcon_ws/install/apriltag/lib/pkgconfig/apriltag.pc
[3.616s] -- Installing: /home/angus/path/to/colcon_ws/install/apriltag/lib/python3.10/site-packages/apriltag.cpython-310-x86_64-linux-gnu.so
[3.617s] -- Set runtime path of "/home/angus/path/to/colcon_ws/install/apriltag/lib/python3.10/site-packages/apriltag.cpython-310-x86_64-linux-gnu.so" to ""
[3.617s] -- Installing: /home/angus/path/to/colcon_ws/install/apriltag/bin/opencv_demo
[3.617s] -- Set runtime path of "/home/angus/path/to/colcon_ws/install/apriltag/bin/opencv_demo" to ""
[3.617s] -- Installing: /home/angus/path/to/colcon_ws/install/apriltag/bin/apriltag_demo
[3.617s] -- Set runtime path of "/home/angus/path/to/colcon_ws/install/apriltag/bin/apriltag_demo" to ""
[3.619s] Invoked command in '/home/angus/path/to/colcon_ws/build/apriltag' returned '0': CMAKE_PREFIX_PATH=${CMAKE_PREFIX_PATH}:/home/angus/ros2_ws/install/sjtu_drone_control:/home/angus/ros2_ws/install/sjtu_drone_bringup:/opt/ros/humble /usr/bin/cmake --install /home/angus/path/to/colcon_ws/build/apriltag
