[0.014s] Invoking command in '/home/angus/path/to/colcon_ws/build/ddynamic_reconfigure': /usr/bin/cmake /home/angus/path/to/colcon_ws/src/ddynamic_reconfigure -DCATKIN_INSTALL_INTO_PREFIX_ROOT=0 -DCMAKE_INSTALL_PREFIX=/home/angus/path/to/colcon_ws/install/ddynamic_reconfigure
[0.028s] [0mCMake Deprecation Warning at CMakeLists.txt:1 (cmake_minimum_required):
[0.028s]   Compatibility with CMake < 2.8.12 will be removed from a future version of
[0.028s]   CMake.
[0.028s] 
[0.028s]   Update the VERSION argument <min> value or use a ...<max> suffix to tell
[0.028s]   CMake that the project does not need compatibility with older versions.
[0.028s] 
[0.028s] [0m
[0.121s] -- The C compiler identification is GNU 11.4.0
[0.194s] -- The CXX compiler identification is GNU 11.4.0
[0.212s] -- Detecting C compiler ABI info
[0.260s] -- Detecting C compiler ABI info - done
[0.266s] -- Check for working C compiler: /usr/bin/cc - skipped
[0.266s] -- Detecting C compile features
[0.266s] -- Detecting C compile features - done
[0.269s] -- Detecting CXX compiler ABI info
[0.334s] -- Detecting CXX compiler ABI info - done
[0.340s] -- Check for working CXX compiler: /usr/bin/c++ - skipped
[0.340s] -- Detecting CXX compile features
[0.341s] -- Detecting CXX compile features - done
[0.352s] [31mCMake Error at CMakeLists.txt:4 (find_package):
[0.352s]   By not providing "Findcatkin.cmake" in CMAKE_MODULE_PATH this project has
[0.352s]   asked CMake to find a package configuration file provided by "catkin", but
[0.352s]   CMake did not find one.
[0.352s] 
[0.352s]   Could not find a package configuration file provided by "catkin" with any
[0.352s]   of the following names:
[0.352s] 
[0.352s]     catkinConfig.cmake
[0.352s]     catkin-config.cmake
[0.352s] 
[0.352s]   Add the installation prefix of "catkin" to CMAKE_PREFIX_PATH or set
[0.353s]   "catkin_DIR" to a directory containing one of the above files.  If "catkin"
[0.353s]   provides a separate development package or SDK, be sure it has been
[0.353s]   installed.
[0.353s] 
[0.353s] [0m
[0.353s] -- Configuring incomplete, errors occurred!
[0.353s] See also "/home/angus/path/to/colcon_ws/build/ddynamic_reconfigure/CMakeFiles/CMakeOutput.log".
[0.355s] Invoked command in '/home/angus/path/to/colcon_ws/build/ddynamic_reconfigure' returned '1': /usr/bin/cmake /home/angus/path/to/colcon_ws/src/ddynamic_reconfigure -DCATKIN_INSTALL_INTO_PREFIX_ROOT=0 -DCMAKE_INSTALL_PREFIX=/home/angus/path/to/colcon_ws/install/ddynamic_reconfigure
